2023-02-03 23:08:41.2692|INFO|Bank.API.Program|Initializing application...
2023-02-03 23:08:50.6708|INFO|Microsoft.EntityFrameworkCore.Database.Command|Executed DbCommand (60ms) [Parameters=[], CommandType='Text', CommandTimeout='30']
SELECT 1
2023-02-03 23:08:50.8201|INFO|Microsoft.EntityFrameworkCore.Database.Command|Executed DbCommand (5ms) [Parameters=[], CommandType='Text', CommandTimeout='60']
IF SERVERPROPERTY('EngineEdition') <> 5
BEGIN
    ALTER DATABASE [AccountInfoDB] SET SINGLE_USER WITH ROLLBACK IMMEDIATE;
END;
2023-02-03 23:08:50.8683|INFO|Microsoft.EntityFrameworkCore.Database.Command|Executed DbCommand (46ms) [Parameters=[], CommandType='Text', CommandTimeout='60']
DROP DATABASE [AccountInfoDB];
2023-02-03 23:08:51.1629|INFO|Microsoft.EntityFrameworkCore.Database.Command|Executed DbCommand (207ms) [Parameters=[], CommandType='Text', CommandTimeout='60']
CREATE DATABASE [AccountInfoDB];
2023-02-03 23:08:51.2444|INFO|Microsoft.EntityFrameworkCore.Database.Command|Executed DbCommand (79ms) [Parameters=[], CommandType='Text', CommandTimeout='60']
IF SERVERPROPERTY('EngineEdition') <> 5
BEGIN
    ALTER DATABASE [AccountInfoDB] SET READ_COMMITTED_SNAPSHOT ON;
END;
2023-02-03 23:08:51.2681|INFO|Microsoft.EntityFrameworkCore.Database.Command|Executed DbCommand (2ms) [Parameters=[], CommandType='Text', CommandTimeout='30']
SELECT 1
2023-02-03 23:08:51.4912|INFO|Microsoft.EntityFrameworkCore.Database.Command|Executed DbCommand (19ms) [Parameters=[], CommandType='Text', CommandTimeout='30']
CREATE TABLE [__EFMigrationsHistory] (
    [MigrationId] nvarchar(150) NOT NULL,
    [ProductVersion] nvarchar(32) NOT NULL,
    CONSTRAINT [PK___EFMigrationsHistory] PRIMARY KEY ([MigrationId])
);
2023-02-03 23:08:51.5028|INFO|Microsoft.EntityFrameworkCore.Database.Command|Executed DbCommand (0ms) [Parameters=[], CommandType='Text', CommandTimeout='30']
SELECT 1
2023-02-03 23:08:51.5697|INFO|Microsoft.EntityFrameworkCore.Database.Command|Executed DbCommand (49ms) [Parameters=[], CommandType='Text', CommandTimeout='30']
SELECT OBJECT_ID(N'[__EFMigrationsHistory]');
2023-02-03 23:08:51.6007|INFO|Microsoft.EntityFrameworkCore.Database.Command|Executed DbCommand (17ms) [Parameters=[], CommandType='Text', CommandTimeout='30']
SELECT [MigrationId], [ProductVersion]
FROM [__EFMigrationsHistory]
ORDER BY [MigrationId];
2023-02-03 23:08:51.6556|INFO|Microsoft.EntityFrameworkCore.Migrations|Applying migration '20230112122455_AccountInfoDBInitialMigration'.
2023-02-03 23:08:51.8918|INFO|Microsoft.EntityFrameworkCore.Database.Command|Executed DbCommand (3ms) [Parameters=[], CommandType='Text', CommandTimeout='30']
CREATE TABLE [Accounts] (
    [Id] int NOT NULL IDENTITY,
    [Owner] nvarchar(50) NOT NULL,
    [Sum] real NOT NULL,
    CONSTRAINT [PK_Accounts] PRIMARY KEY ([Id])
);
2023-02-03 23:08:51.9085|INFO|Microsoft.EntityFrameworkCore.Database.Command|Executed DbCommand (12ms) [Parameters=[], CommandType='Text', CommandTimeout='30']
CREATE TABLE [Deposits] (
    [Id] int NOT NULL IDENTITY,
    [Name] nvarchar(50) NOT NULL,
    [Period] int NOT NULL,
    [DepositSum] real NOT NULL,
    [AccountId] int NOT NULL,
    CONSTRAINT [PK_Deposits] PRIMARY KEY ([Id]),
    CONSTRAINT [FK_Deposits_Accounts_AccountId] FOREIGN KEY ([AccountId]) REFERENCES [Accounts] ([Id]) ON DELETE CASCADE
);
2023-02-03 23:08:51.9609|INFO|Microsoft.EntityFrameworkCore.Database.Command|Executed DbCommand (46ms) [Parameters=[], CommandType='Text', CommandTimeout='30']
IF EXISTS (SELECT * FROM [sys].[identity_columns] WHERE [name] IN (N'Id', N'Owner', N'Sum') AND [object_id] = OBJECT_ID(N'[Accounts]'))
    SET IDENTITY_INSERT [Accounts] ON;
INSERT INTO [Accounts] ([Id], [Owner], [Sum])
VALUES (1, N'Gabor Andreea', CAST(2500 AS real)),
(2, N'Pavel Carmen', CAST(3200 AS real)),
(3, N'Wolf Lorena', CAST(2800 AS real));
IF EXISTS (SELECT * FROM [sys].[identity_columns] WHERE [name] IN (N'Id', N'Owner', N'Sum') AND [object_id] = OBJECT_ID(N'[Accounts]'))
    SET IDENTITY_INSERT [Accounts] OFF;
2023-02-03 23:08:51.9850|INFO|Microsoft.EntityFrameworkCore.Database.Command|Executed DbCommand (21ms) [Parameters=[], CommandType='Text', CommandTimeout='30']
IF EXISTS (SELECT * FROM [sys].[identity_columns] WHERE [name] IN (N'Id', N'AccountId', N'DepositSum', N'Name', N'Period') AND [object_id] = OBJECT_ID(N'[Deposits]'))
    SET IDENTITY_INSERT [Deposits] ON;
INSERT INTO [Deposits] ([Id], [AccountId], [DepositSum], [Name], [Period])
VALUES (1, 1, CAST(2000 AS real), N'Savings Deposit', 1),
(2, 1, CAST(500 AS real), N'Fixed Deposit', 12),
(3, 2, CAST(2200 AS real), N'Fixed Deposit', 6),
(4, 2, CAST(1000 AS real), N'Recurring Deposit', 1),
(5, 3, CAST(1200 AS real), N'Savings Deposit', 12),
(6, 3, CAST(1600 AS real), N'Current Deposit', 6);
IF EXISTS (SELECT * FROM [sys].[identity_columns] WHERE [name] IN (N'Id', N'AccountId', N'DepositSum', N'Name', N'Period') AND [object_id] = OBJECT_ID(N'[Deposits]'))
    SET IDENTITY_INSERT [Deposits] OFF;
2023-02-03 23:08:51.9937|INFO|Microsoft.EntityFrameworkCore.Database.Command|Executed DbCommand (6ms) [Parameters=[], CommandType='Text', CommandTimeout='30']
CREATE INDEX [IX_Deposits_AccountId] ON [Deposits] ([AccountId]);
2023-02-03 23:08:52.0026|INFO|Microsoft.EntityFrameworkCore.Database.Command|Executed DbCommand (3ms) [Parameters=[], CommandType='Text', CommandTimeout='30']
INSERT INTO [__EFMigrationsHistory] ([MigrationId], [ProductVersion])
VALUES (N'20230112122455_AccountInfoDBInitialMigration', N'7.0.1');
2023-02-03 23:08:52.5960|INFO|Microsoft.AspNetCore.DataProtection.KeyManagement.XmlKeyManager|User profile is available. Using 'C:\Users\z004pj3h\AppData\Local\ASP.NET\DataProtection-Keys' as key repository and Windows DPAPI to encrypt keys at rest.
2023-02-03 23:08:55.9420|INFO|Microsoft.AspNetCore.Hosting.Diagnostics|Request starting HTTP/2 GET https://localhost:57658/ - -
2023-02-03 23:08:56.2290|INFO|Microsoft.AspNetCore.Hosting.Diagnostics|Request finished HTTP/2 GET https://localhost:57658/ - - - 404 0 - 298.3891ms
2023-02-03 23:09:05.2282|INFO|Microsoft.AspNetCore.Hosting.Diagnostics|Request starting HTTP/2 GET https://localhost:57658/api/accounts - -
2023-02-03 23:09:05.2594|INFO|Microsoft.AspNetCore.Cors.Infrastructure.CorsService|CORS policy execution successful.
2023-02-03 23:09:05.2787|INFO|Microsoft.AspNetCore.Routing.EndpointMiddleware|Executing endpoint 'Bank.API.Controllers.AccountsController.GetAccounts (Bank.API)'
2023-02-03 23:09:05.3085|INFO|Microsoft.AspNetCore.Mvc.Infrastructure.ControllerActionInvoker|Route matched with {action = "GetAccounts", controller = "Accounts"}. Executing controller action with signature Microsoft.AspNetCore.Mvc.IActionResult GetAccounts() on controller Bank.API.Controllers.AccountsController (Bank.API).
2023-02-03 23:09:06.0376|INFO|Microsoft.EntityFrameworkCore.Database.Command|Executed DbCommand (1ms) [Parameters=[], CommandType='Text', CommandTimeout='30']
SELECT [a].[Id], [a].[Owner], [a].[Sum]
FROM [Accounts] AS [a]
ORDER BY [a].[Owner]
2023-02-03 23:09:06.1574|INFO|Microsoft.AspNetCore.Mvc.Infrastructure.ObjectResultExecutor|Executing OkObjectResult, writing value of type 'System.Collections.Generic.List`1[[Bank.API.Data.Models.AccountWithoutDepositsDTO, Bank.API, Version=1.0.0.0, Culture=neutral, PublicKeyToken=null]]'.
2023-02-03 23:09:06.3573|INFO|Microsoft.AspNetCore.Mvc.Infrastructure.ControllerActionInvoker|Executed action Bank.API.Controllers.AccountsController.GetAccounts (Bank.API) in 1036.103ms
2023-02-03 23:09:06.3599|INFO|Microsoft.AspNetCore.Routing.EndpointMiddleware|Executed endpoint 'Bank.API.Controllers.AccountsController.GetAccounts (Bank.API)'
2023-02-03 23:09:06.3815|INFO|Microsoft.AspNetCore.Hosting.Diagnostics|Request finished HTTP/2 GET https://localhost:57658/api/accounts - - - 200 136 application/json;+charset=utf-8 1153.8389ms
2023-02-03 23:09:17.2520|INFO|Microsoft.AspNetCore.Hosting.Diagnostics|Request starting HTTP/2 POST https://localhost:57658/api/accounts text/plain;charset=UTF-8 2
2023-02-03 23:09:17.2520|INFO|Microsoft.AspNetCore.Cors.Infrastructure.CorsService|CORS policy execution successful.
2023-02-03 23:09:17.2520|INFO|Microsoft.AspNetCore.Routing.EndpointMiddleware|Executing endpoint 'Bank.API.Controllers.AccountsController.CreateAccount (Bank.API)'
2023-02-03 23:09:17.2849|INFO|Microsoft.AspNetCore.Mvc.Infrastructure.ControllerActionInvoker|Route matched with {action = "CreateAccount", controller = "Accounts"}. Executing controller action with signature Microsoft.AspNetCore.Mvc.IActionResult CreateAccount(Bank.API.Data.Models.AccountCreationDTO) on controller Bank.API.Controllers.AccountsController (Bank.API).
2023-02-03 23:09:17.3109|INFO|Microsoft.AspNetCore.Mvc.Infrastructure.ObjectResultExecutor|Executing ObjectResult, writing value of type 'Microsoft.AspNetCore.Mvc.ProblemDetails'.
2023-02-03 23:09:17.3366|INFO|Microsoft.AspNetCore.Mvc.Infrastructure.ControllerActionInvoker|Executed action Bank.API.Controllers.AccountsController.CreateAccount (Bank.API) in 48.6345ms
2023-02-03 23:09:17.3366|INFO|Microsoft.AspNetCore.Routing.EndpointMiddleware|Executed endpoint 'Bank.API.Controllers.AccountsController.CreateAccount (Bank.API)'
2023-02-03 23:09:17.3366|INFO|Microsoft.AspNetCore.Hosting.Diagnostics|Request finished HTTP/2 POST https://localhost:57658/api/accounts text/plain;charset=UTF-8 2 - 415 175 application/problem+json;+charset=utf-8 90.3115ms
2023-02-03 23:09:20.7065|INFO|Microsoft.AspNetCore.Hosting.Diagnostics|Request starting HTTP/2 GET https://localhost:57658/api/accounts - -
2023-02-03 23:09:20.7065|INFO|Microsoft.AspNetCore.Cors.Infrastructure.CorsService|CORS policy execution successful.
2023-02-03 23:09:20.7223|INFO|Microsoft.AspNetCore.Routing.EndpointMiddleware|Executing endpoint 'Bank.API.Controllers.AccountsController.GetAccounts (Bank.API)'
2023-02-03 23:09:20.7223|INFO|Microsoft.AspNetCore.Mvc.Infrastructure.ControllerActionInvoker|Route matched with {action = "GetAccounts", controller = "Accounts"}. Executing controller action with signature Microsoft.AspNetCore.Mvc.IActionResult GetAccounts() on controller Bank.API.Controllers.AccountsController (Bank.API).
2023-02-03 23:09:20.7869|INFO|Microsoft.EntityFrameworkCore.Database.Command|Executed DbCommand (0ms) [Parameters=[], CommandType='Text', CommandTimeout='30']
SELECT [a].[Id], [a].[Owner], [a].[Sum]
FROM [Accounts] AS [a]
ORDER BY [a].[Owner]
2023-02-03 23:09:20.7869|INFO|Microsoft.AspNetCore.Mvc.Infrastructure.ObjectResultExecutor|Executing OkObjectResult, writing value of type 'System.Collections.Generic.List`1[[Bank.API.Data.Models.AccountWithoutDepositsDTO, Bank.API, Version=1.0.0.0, Culture=neutral, PublicKeyToken=null]]'.
2023-02-03 23:09:20.7869|INFO|Microsoft.AspNetCore.Mvc.Infrastructure.ControllerActionInvoker|Executed action Bank.API.Controllers.AccountsController.GetAccounts (Bank.API) in 62.0125ms
2023-02-03 23:09:20.7869|INFO|Microsoft.AspNetCore.Routing.EndpointMiddleware|Executed endpoint 'Bank.API.Controllers.AccountsController.GetAccounts (Bank.API)'
2023-02-03 23:09:20.8054|INFO|Microsoft.AspNetCore.Hosting.Diagnostics|Request finished HTTP/2 GET https://localhost:57658/api/accounts - - - 200 136 application/json;+charset=utf-8 98.5377ms
2023-02-03 23:09:25.4584|INFO|Microsoft.AspNetCore.Hosting.Diagnostics|Request starting HTTP/2 POST https://localhost:57658/api/accounts text/plain;charset=UTF-8 2
2023-02-03 23:09:25.4584|INFO|Microsoft.AspNetCore.Cors.Infrastructure.CorsService|CORS policy execution successful.
2023-02-03 23:09:25.4782|INFO|Microsoft.AspNetCore.Routing.EndpointMiddleware|Executing endpoint 'Bank.API.Controllers.AccountsController.CreateAccount (Bank.API)'
2023-02-03 23:09:25.4782|INFO|Microsoft.AspNetCore.Mvc.Infrastructure.ControllerActionInvoker|Route matched with {action = "CreateAccount", controller = "Accounts"}. Executing controller action with signature Microsoft.AspNetCore.Mvc.IActionResult CreateAccount(Bank.API.Data.Models.AccountCreationDTO) on controller Bank.API.Controllers.AccountsController (Bank.API).
2023-02-03 23:09:25.4874|INFO|Microsoft.AspNetCore.Mvc.Infrastructure.ObjectResultExecutor|Executing ObjectResult, writing value of type 'Microsoft.AspNetCore.Mvc.ProblemDetails'.
2023-02-03 23:09:25.4874|INFO|Microsoft.AspNetCore.Mvc.Infrastructure.ControllerActionInvoker|Executed action Bank.API.Controllers.AccountsController.CreateAccount (Bank.API) in 4.9044ms
2023-02-03 23:09:25.4874|INFO|Microsoft.AspNetCore.Routing.EndpointMiddleware|Executed endpoint 'Bank.API.Controllers.AccountsController.CreateAccount (Bank.API)'
2023-02-03 23:09:25.4874|INFO|Microsoft.AspNetCore.Hosting.Diagnostics|Request finished HTTP/2 POST https://localhost:57658/api/accounts text/plain;charset=UTF-8 2 - 415 175 application/problem+json;+charset=utf-8 44.6824ms
2023-02-03 23:09:29.4086|INFO|Microsoft.AspNetCore.Hosting.Diagnostics|Request starting HTTP/2 GET https://localhost:57658/api/accounts - -
2023-02-03 23:09:29.4086|INFO|Microsoft.AspNetCore.Cors.Infrastructure.CorsService|CORS policy execution successful.
2023-02-03 23:09:29.4086|INFO|Microsoft.AspNetCore.Routing.EndpointMiddleware|Executing endpoint 'Bank.API.Controllers.AccountsController.GetAccounts (Bank.API)'
2023-02-03 23:09:29.4086|INFO|Microsoft.AspNetCore.Mvc.Infrastructure.ControllerActionInvoker|Route matched with {action = "GetAccounts", controller = "Accounts"}. Executing controller action with signature Microsoft.AspNetCore.Mvc.IActionResult GetAccounts() on controller Bank.API.Controllers.AccountsController (Bank.API).
2023-02-03 23:09:29.4297|INFO|Microsoft.EntityFrameworkCore.Database.Command|Executed DbCommand (1ms) [Parameters=[], CommandType='Text', CommandTimeout='30']
SELECT [a].[Id], [a].[Owner], [a].[Sum]
FROM [Accounts] AS [a]
ORDER BY [a].[Owner]
2023-02-03 23:09:29.4297|INFO|Microsoft.AspNetCore.Mvc.Infrastructure.ObjectResultExecutor|Executing OkObjectResult, writing value of type 'System.Collections.Generic.List`1[[Bank.API.Data.Models.AccountWithoutDepositsDTO, Bank.API, Version=1.0.0.0, Culture=neutral, PublicKeyToken=null]]'.
2023-02-03 23:09:29.4297|INFO|Microsoft.AspNetCore.Mvc.Infrastructure.ControllerActionInvoker|Executed action Bank.API.Controllers.AccountsController.GetAccounts (Bank.API) in 10.214ms
2023-02-03 23:09:29.4415|INFO|Microsoft.AspNetCore.Routing.EndpointMiddleware|Executed endpoint 'Bank.API.Controllers.AccountsController.GetAccounts (Bank.API)'
2023-02-03 23:09:29.4415|INFO|Microsoft.AspNetCore.Hosting.Diagnostics|Request finished HTTP/2 GET https://localhost:57658/api/accounts - - - 200 136 application/json;+charset=utf-8 38.3510ms
2023-02-03 23:14:11.9352|INFO|Microsoft.AspNetCore.Hosting.Diagnostics|Request starting HTTP/2 GET https://localhost:57658/api/accounts - -
2023-02-03 23:14:11.9533|INFO|Microsoft.AspNetCore.Cors.Infrastructure.CorsService|CORS policy execution successful.
2023-02-03 23:14:11.9568|INFO|Microsoft.AspNetCore.Routing.EndpointMiddleware|Executing endpoint 'Bank.API.Controllers.AccountsController.GetAccounts (Bank.API)'
2023-02-03 23:14:11.9568|INFO|Microsoft.AspNetCore.Mvc.Infrastructure.ControllerActionInvoker|Route matched with {action = "GetAccounts", controller = "Accounts"}. Executing controller action with signature Microsoft.AspNetCore.Mvc.IActionResult GetAccounts() on controller Bank.API.Controllers.AccountsController (Bank.API).
2023-02-03 23:14:11.9750|INFO|Microsoft.EntityFrameworkCore.Database.Command|Executed DbCommand (3ms) [Parameters=[], CommandType='Text', CommandTimeout='30']
SELECT [a].[Id], [a].[Owner], [a].[Sum]
FROM [Accounts] AS [a]
ORDER BY [a].[Owner]
2023-02-03 23:14:11.9750|INFO|Microsoft.AspNetCore.Mvc.Infrastructure.ObjectResultExecutor|Executing OkObjectResult, writing value of type 'System.Collections.Generic.List`1[[Bank.API.Data.Models.AccountWithoutDepositsDTO, Bank.API, Version=1.0.0.0, Culture=neutral, PublicKeyToken=null]]'.
2023-02-03 23:14:11.9750|INFO|Microsoft.AspNetCore.Mvc.Infrastructure.ControllerActionInvoker|Executed action Bank.API.Controllers.AccountsController.GetAccounts (Bank.API) in 16.5456ms
2023-02-03 23:14:11.9873|INFO|Microsoft.AspNetCore.Routing.EndpointMiddleware|Executed endpoint 'Bank.API.Controllers.AccountsController.GetAccounts (Bank.API)'
2023-02-03 23:14:11.9873|INFO|Microsoft.AspNetCore.Hosting.Diagnostics|Request finished HTTP/2 GET https://localhost:57658/api/accounts - - - 200 136 application/json;+charset=utf-8 57.0861ms
2023-02-03 23:14:58.1951|INFO|Microsoft.AspNetCore.Hosting.Diagnostics|Request starting HTTP/2 GET https://localhost:57658/api/accounts - -
2023-02-03 23:14:58.3150|INFO|Microsoft.AspNetCore.Cors.Infrastructure.CorsService|CORS policy execution successful.
2023-02-03 23:14:58.3150|INFO|Microsoft.AspNetCore.Routing.EndpointMiddleware|Executing endpoint 'Bank.API.Controllers.AccountsController.GetAccounts (Bank.API)'
2023-02-03 23:14:58.3302|INFO|Microsoft.AspNetCore.Mvc.Infrastructure.ControllerActionInvoker|Route matched with {action = "GetAccounts", controller = "Accounts"}. Executing controller action with signature Microsoft.AspNetCore.Mvc.IActionResult GetAccounts() on controller Bank.API.Controllers.AccountsController (Bank.API).
2023-02-03 23:14:58.3302|INFO|Microsoft.EntityFrameworkCore.Database.Command|Executed DbCommand (0ms) [Parameters=[], CommandType='Text', CommandTimeout='30']
SELECT [a].[Id], [a].[Owner], [a].[Sum]
FROM [Accounts] AS [a]
ORDER BY [a].[Owner]
2023-02-03 23:14:58.3616|INFO|Microsoft.AspNetCore.Mvc.Infrastructure.ObjectResultExecutor|Executing OkObjectResult, writing value of type 'System.Collections.Generic.List`1[[Bank.API.Data.Models.AccountWithoutDepositsDTO, Bank.API, Version=1.0.0.0, Culture=neutral, PublicKeyToken=null]]'.
2023-02-03 23:14:58.3616|INFO|Microsoft.AspNetCore.Mvc.Infrastructure.ControllerActionInvoker|Executed action Bank.API.Controllers.AccountsController.GetAccounts (Bank.API) in 31.9644ms
2023-02-03 23:14:58.3801|INFO|Microsoft.AspNetCore.Routing.EndpointMiddleware|Executed endpoint 'Bank.API.Controllers.AccountsController.GetAccounts (Bank.API)'
2023-02-03 23:14:58.3801|INFO|Microsoft.AspNetCore.Hosting.Diagnostics|Request finished HTTP/2 GET https://localhost:57658/api/accounts - - - 200 136 application/json;+charset=utf-8 188.3283ms
2023-02-03 23:29:18.4296|INFO|Microsoft.AspNetCore.Hosting.Diagnostics|Request starting HTTP/2 GET https://localhost:57658/api/accounts - -
2023-02-03 23:29:18.4554|INFO|Microsoft.AspNetCore.Cors.Infrastructure.CorsService|CORS policy execution successful.
2023-02-03 23:29:18.4587|INFO|Microsoft.AspNetCore.Routing.EndpointMiddleware|Executing endpoint 'Bank.API.Controllers.AccountsController.GetAccounts (Bank.API)'
2023-02-03 23:29:18.4587|INFO|Microsoft.AspNetCore.Mvc.Infrastructure.ControllerActionInvoker|Route matched with {action = "GetAccounts", controller = "Accounts"}. Executing controller action with signature Microsoft.AspNetCore.Mvc.IActionResult GetAccounts() on controller Bank.API.Controllers.AccountsController (Bank.API).
2023-02-03 23:29:21.3095|INFO|Microsoft.EntityFrameworkCore.Database.Command|Executed DbCommand (4ms) [Parameters=[], CommandType='Text', CommandTimeout='30']
SELECT [a].[Id], [a].[Owner], [a].[Sum]
FROM [Accounts] AS [a]
ORDER BY [a].[Owner]
2023-02-03 23:29:21.3095|INFO|Microsoft.AspNetCore.Mvc.Infrastructure.ObjectResultExecutor|Executing OkObjectResult, writing value of type 'System.Collections.Generic.List`1[[Bank.API.Data.Models.AccountWithoutDepositsDTO, Bank.API, Version=1.0.0.0, Culture=neutral, PublicKeyToken=null]]'.
2023-02-03 23:29:21.3191|INFO|Microsoft.AspNetCore.Mvc.Infrastructure.ControllerActionInvoker|Executed action Bank.API.Controllers.AccountsController.GetAccounts (Bank.API) in 2851.6135ms
2023-02-03 23:29:21.3191|INFO|Microsoft.AspNetCore.Routing.EndpointMiddleware|Executed endpoint 'Bank.API.Controllers.AccountsController.GetAccounts (Bank.API)'
2023-02-03 23:29:21.3191|INFO|Microsoft.AspNetCore.Hosting.Diagnostics|Request finished HTTP/2 GET https://localhost:57658/api/accounts - - - 200 136 application/json;+charset=utf-8 2911.0394ms
2023-02-03 23:42:02.2889|INFO|Bank.API.Program|Initializing application...
2023-02-03 23:42:13.3241|INFO|Microsoft.EntityFrameworkCore.Database.Command|Executed DbCommand (71ms) [Parameters=[], CommandType='Text', CommandTimeout='30']
SELECT 1
2023-02-03 23:42:13.6583|INFO|Microsoft.EntityFrameworkCore.Database.Command|Executed DbCommand (123ms) [Parameters=[], CommandType='Text', CommandTimeout='60']
IF SERVERPROPERTY('EngineEdition') <> 5
BEGIN
    ALTER DATABASE [AccountInfoDB] SET SINGLE_USER WITH ROLLBACK IMMEDIATE;
END;
2023-02-03 23:42:13.6953|INFO|Microsoft.EntityFrameworkCore.Database.Command|Executed DbCommand (34ms) [Parameters=[], CommandType='Text', CommandTimeout='60']
DROP DATABASE [AccountInfoDB];
2023-02-03 23:42:14.1011|INFO|Microsoft.EntityFrameworkCore.Database.Command|Executed DbCommand (315ms) [Parameters=[], CommandType='Text', CommandTimeout='60']
CREATE DATABASE [AccountInfoDB];
2023-02-03 23:42:14.1983|INFO|Microsoft.EntityFrameworkCore.Database.Command|Executed DbCommand (91ms) [Parameters=[], CommandType='Text', CommandTimeout='60']
IF SERVERPROPERTY('EngineEdition') <> 5
BEGIN
    ALTER DATABASE [AccountInfoDB] SET READ_COMMITTED_SNAPSHOT ON;
END;
2023-02-03 23:42:14.2163|INFO|Microsoft.EntityFrameworkCore.Database.Command|Executed DbCommand (1ms) [Parameters=[], CommandType='Text', CommandTimeout='30']
SELECT 1
2023-02-03 23:42:14.4110|INFO|Microsoft.EntityFrameworkCore.Database.Command|Executed DbCommand (7ms) [Parameters=[], CommandType='Text', CommandTimeout='30']
CREATE TABLE [__EFMigrationsHistory] (
    [MigrationId] nvarchar(150) NOT NULL,
    [ProductVersion] nvarchar(32) NOT NULL,
    CONSTRAINT [PK___EFMigrationsHistory] PRIMARY KEY ([MigrationId])
);
2023-02-03 23:42:14.4110|INFO|Microsoft.EntityFrameworkCore.Database.Command|Executed DbCommand (0ms) [Parameters=[], CommandType='Text', CommandTimeout='30']
SELECT 1
2023-02-03 23:42:14.4795|INFO|Microsoft.EntityFrameworkCore.Database.Command|Executed DbCommand (48ms) [Parameters=[], CommandType='Text', CommandTimeout='30']
SELECT OBJECT_ID(N'[__EFMigrationsHistory]');
2023-02-03 23:42:14.4966|INFO|Microsoft.EntityFrameworkCore.Database.Command|Executed DbCommand (6ms) [Parameters=[], CommandType='Text', CommandTimeout='30']
SELECT [MigrationId], [ProductVersion]
FROM [__EFMigrationsHistory]
ORDER BY [MigrationId];
2023-02-03 23:42:14.5377|INFO|Microsoft.EntityFrameworkCore.Migrations|Applying migration '20230112122455_AccountInfoDBInitialMigration'.
2023-02-03 23:42:14.7001|INFO|Microsoft.EntityFrameworkCore.Database.Command|Executed DbCommand (3ms) [Parameters=[], CommandType='Text', CommandTimeout='30']
CREATE TABLE [Accounts] (
    [Id] int NOT NULL IDENTITY,
    [Owner] nvarchar(50) NOT NULL,
    [Sum] real NOT NULL,
    CONSTRAINT [PK_Accounts] PRIMARY KEY ([Id])
);
2023-02-03 23:42:14.7001|INFO|Microsoft.EntityFrameworkCore.Database.Command|Executed DbCommand (4ms) [Parameters=[], CommandType='Text', CommandTimeout='30']
CREATE TABLE [Deposits] (
    [Id] int NOT NULL IDENTITY,
    [Name] nvarchar(50) NOT NULL,
    [Period] int NOT NULL,
    [DepositSum] real NOT NULL,
    [AccountId] int NOT NULL,
    CONSTRAINT [PK_Deposits] PRIMARY KEY ([Id]),
    CONSTRAINT [FK_Deposits_Accounts_AccountId] FOREIGN KEY ([AccountId]) REFERENCES [Accounts] ([Id]) ON DELETE CASCADE
);
2023-02-03 23:42:14.7590|INFO|Microsoft.EntityFrameworkCore.Database.Command|Executed DbCommand (47ms) [Parameters=[], CommandType='Text', CommandTimeout='30']
IF EXISTS (SELECT * FROM [sys].[identity_columns] WHERE [name] IN (N'Id', N'Owner', N'Sum') AND [object_id] = OBJECT_ID(N'[Accounts]'))
    SET IDENTITY_INSERT [Accounts] ON;
INSERT INTO [Accounts] ([Id], [Owner], [Sum])
VALUES (1, N'Gabor Andreea', CAST(2500 AS real)),
(2, N'Pavel Carmen', CAST(3200 AS real)),
(3, N'Wolf Lorena', CAST(2800 AS real));
IF EXISTS (SELECT * FROM [sys].[identity_columns] WHERE [name] IN (N'Id', N'Owner', N'Sum') AND [object_id] = OBJECT_ID(N'[Accounts]'))
    SET IDENTITY_INSERT [Accounts] OFF;
2023-02-03 23:42:14.7822|INFO|Microsoft.EntityFrameworkCore.Database.Command|Executed DbCommand (20ms) [Parameters=[], CommandType='Text', CommandTimeout='30']
IF EXISTS (SELECT * FROM [sys].[identity_columns] WHERE [name] IN (N'Id', N'AccountId', N'DepositSum', N'Name', N'Period') AND [object_id] = OBJECT_ID(N'[Deposits]'))
    SET IDENTITY_INSERT [Deposits] ON;
INSERT INTO [Deposits] ([Id], [AccountId], [DepositSum], [Name], [Period])
VALUES (1, 1, CAST(2000 AS real), N'Savings Deposit', 1),
(2, 1, CAST(500 AS real), N'Fixed Deposit', 12),
(3, 2, CAST(2200 AS real), N'Fixed Deposit', 6),
(4, 2, CAST(1000 AS real), N'Recurring Deposit', 1),
(5, 3, CAST(1200 AS real), N'Savings Deposit', 12),
(6, 3, CAST(1600 AS real), N'Current Deposit', 6);
IF EXISTS (SELECT * FROM [sys].[identity_columns] WHERE [name] IN (N'Id', N'AccountId', N'DepositSum', N'Name', N'Period') AND [object_id] = OBJECT_ID(N'[Deposits]'))
    SET IDENTITY_INSERT [Deposits] OFF;
2023-02-03 23:42:14.7822|INFO|Microsoft.EntityFrameworkCore.Database.Command|Executed DbCommand (4ms) [Parameters=[], CommandType='Text', CommandTimeout='30']
CREATE INDEX [IX_Deposits_AccountId] ON [Deposits] ([AccountId]);
2023-02-03 23:42:14.7940|INFO|Microsoft.EntityFrameworkCore.Database.Command|Executed DbCommand (2ms) [Parameters=[], CommandType='Text', CommandTimeout='30']
INSERT INTO [__EFMigrationsHistory] ([MigrationId], [ProductVersion])
VALUES (N'20230112122455_AccountInfoDBInitialMigration', N'7.0.1');
2023-02-03 23:42:15.1720|INFO|Microsoft.AspNetCore.DataProtection.KeyManagement.XmlKeyManager|User profile is available. Using 'C:\Users\z004pj3h\AppData\Local\ASP.NET\DataProtection-Keys' as key repository and Windows DPAPI to encrypt keys at rest.
2023-02-03 23:42:16.3763|INFO|Microsoft.AspNetCore.Hosting.Diagnostics|Request starting HTTP/2 GET https://localhost:57658/ - -
2023-02-03 23:42:16.5979|INFO|Microsoft.AspNetCore.Hosting.Diagnostics|Request finished HTTP/2 GET https://localhost:57658/ - - - 404 0 - 206.2276ms
2023-02-03 23:42:32.6425|INFO|Microsoft.AspNetCore.Hosting.Diagnostics|Request starting HTTP/2 OPTIONS https://localhost:57658/api/accounts - -
2023-02-03 23:42:32.6701|INFO|Microsoft.AspNetCore.Cors.Infrastructure.CorsService|CORS policy execution successful.
2023-02-03 23:42:32.6701|INFO|Microsoft.AspNetCore.Hosting.Diagnostics|Request finished HTTP/2 OPTIONS https://localhost:57658/api/accounts - - - 204 - - 41.6325ms
2023-02-03 23:42:32.6853|INFO|Microsoft.AspNetCore.Hosting.Diagnostics|Request starting HTTP/2 POST https://localhost:57658/api/accounts application/json;+charset=UTF-8 30
2023-02-03 23:42:32.6853|INFO|Microsoft.AspNetCore.Cors.Infrastructure.CorsService|CORS policy execution successful.
2023-02-03 23:42:32.6853|INFO|Microsoft.AspNetCore.Routing.EndpointMiddleware|Executing endpoint 'Bank.API.Controllers.AccountsController.CreateAccount (Bank.API)'
2023-02-03 23:42:32.7342|INFO|Microsoft.AspNetCore.Mvc.Infrastructure.ControllerActionInvoker|Route matched with {action = "CreateAccount", controller = "Accounts"}. Executing controller action with signature Microsoft.AspNetCore.Mvc.IActionResult CreateAccount(Bank.API.Data.Models.AccountCreationDTO) on controller Bank.API.Controllers.AccountsController (Bank.API).
2023-02-03 23:42:33.5211|INFO|Microsoft.EntityFrameworkCore.Database.Command|Executed DbCommand (110ms) [Parameters=[@p0='?' (Size = 50), @p1='?' (DbType = Single)], CommandType='Text', CommandTimeout='30']
SET IMPLICIT_TRANSACTIONS OFF;
SET NOCOUNT ON;
INSERT INTO [Accounts] ([Owner], [Sum])
OUTPUT INSERTED.[Id]
VALUES (@p0, @p1);
2023-02-03 23:42:33.5953|INFO|Microsoft.AspNetCore.Mvc.Infrastructure.ObjectResultExecutor|Executing CreatedAtRouteResult, writing value of type 'Bank.API.Data.Models.AccountDTO'.
2023-02-03 23:42:33.7417|INFO|Microsoft.AspNetCore.Mvc.Infrastructure.ControllerActionInvoker|Executed action Bank.API.Controllers.AccountsController.CreateAccount (Bank.API) in 994.1686ms
2023-02-03 23:42:33.7447|INFO|Microsoft.AspNetCore.Routing.EndpointMiddleware|Executed endpoint 'Bank.API.Controllers.AccountsController.CreateAccount (Bank.API)'
2023-02-03 23:42:33.7622|INFO|Microsoft.AspNetCore.Hosting.Diagnostics|Request finished HTTP/2 POST https://localhost:57658/api/accounts application/json;+charset=UTF-8 30 - 201 72 application/json;+charset=utf-8 1077.1540ms
2023-02-03 23:42:36.8012|INFO|Microsoft.AspNetCore.Hosting.Diagnostics|Request starting HTTP/2 GET https://localhost:57658/api/accounts - -
2023-02-03 23:42:36.8076|INFO|Microsoft.AspNetCore.Cors.Infrastructure.CorsService|CORS policy execution successful.
2023-02-03 23:42:36.8076|INFO|Microsoft.AspNetCore.Routing.EndpointMiddleware|Executing endpoint 'Bank.API.Controllers.AccountsController.GetAccounts (Bank.API)'
2023-02-03 23:42:36.8076|INFO|Microsoft.AspNetCore.Mvc.Infrastructure.ControllerActionInvoker|Route matched with {action = "GetAccounts", controller = "Accounts"}. Executing controller action with signature Microsoft.AspNetCore.Mvc.IActionResult GetAccounts() on controller Bank.API.Controllers.AccountsController (Bank.API).
2023-02-03 23:42:37.4813|INFO|Microsoft.EntityFrameworkCore.Database.Command|Executed DbCommand (1ms) [Parameters=[], CommandType='Text', CommandTimeout='30']
SELECT [a].[Id], [a].[Owner], [a].[Sum]
FROM [Accounts] AS [a]
ORDER BY [a].[Owner]
2023-02-03 23:42:37.5005|INFO|Microsoft.AspNetCore.Mvc.Infrastructure.ObjectResultExecutor|Executing OkObjectResult, writing value of type 'System.Collections.Generic.List`1[[Bank.API.Data.Models.AccountWithoutDepositsDTO, Bank.API, Version=1.0.0.0, Culture=neutral, PublicKeyToken=null]]'.
2023-02-03 23:42:37.5005|INFO|Microsoft.AspNetCore.Mvc.Infrastructure.ControllerActionInvoker|Executed action Bank.API.Controllers.AccountsController.GetAccounts (Bank.API) in 685.314ms
2023-02-03 23:42:37.5100|INFO|Microsoft.AspNetCore.Routing.EndpointMiddleware|Executed endpoint 'Bank.API.Controllers.AccountsController.GetAccounts (Bank.API)'
2023-02-03 23:42:37.5100|INFO|Microsoft.AspNetCore.Hosting.Diagnostics|Request finished HTTP/2 GET https://localhost:57658/api/accounts - - - 200 174 application/json;+charset=utf-8 715.5022ms
2023-02-03 23:42:47.9506|INFO|Microsoft.AspNetCore.Hosting.Diagnostics|Request starting HTTP/2 OPTIONS https://localhost:57658/api/accounts - -
2023-02-03 23:42:47.9506|INFO|Microsoft.AspNetCore.Cors.Infrastructure.CorsService|CORS policy execution successful.
2023-02-03 23:42:47.9506|INFO|Microsoft.AspNetCore.Hosting.Diagnostics|Request finished HTTP/2 OPTIONS https://localhost:57658/api/accounts - - - 204 - - 8.6753ms
2023-02-03 23:42:47.9635|INFO|Microsoft.AspNetCore.Hosting.Diagnostics|Request starting HTTP/2 POST https://localhost:57658/api/accounts application/json;+charset=UTF-8 28
2023-02-03 23:42:47.9635|INFO|Microsoft.AspNetCore.Cors.Infrastructure.CorsService|CORS policy execution successful.
2023-02-03 23:42:47.9635|INFO|Microsoft.AspNetCore.Routing.EndpointMiddleware|Executing endpoint 'Bank.API.Controllers.AccountsController.CreateAccount (Bank.API)'
2023-02-03 23:42:47.9635|INFO|Microsoft.AspNetCore.Mvc.Infrastructure.ControllerActionInvoker|Route matched with {action = "CreateAccount", controller = "Accounts"}. Executing controller action with signature Microsoft.AspNetCore.Mvc.IActionResult CreateAccount(Bank.API.Data.Models.AccountCreationDTO) on controller Bank.API.Controllers.AccountsController (Bank.API).
2023-02-03 23:42:47.9870|INFO|Microsoft.AspNetCore.Mvc.Infrastructure.ObjectResultExecutor|Executing BadRequestObjectResult, writing value of type 'Microsoft.AspNetCore.Mvc.ValidationProblemDetails'.
2023-02-03 23:42:48.0501|INFO|Microsoft.AspNetCore.Mvc.Infrastructure.ControllerActionInvoker|Executed action Bank.API.Controllers.AccountsController.CreateAccount (Bank.API) in 70.4017ms
2023-02-03 23:42:48.0574|INFO|Microsoft.AspNetCore.Routing.EndpointMiddleware|Executed endpoint 'Bank.API.Controllers.AccountsController.CreateAccount (Bank.API)'
2023-02-03 23:42:48.0574|INFO|Microsoft.AspNetCore.Hosting.Diagnostics|Request finished HTTP/2 POST https://localhost:57658/api/accounts application/json;+charset=UTF-8 28 - 400 242 application/problem+json;+charset=utf-8 96.7171ms
2023-02-03 23:43:39.9696|INFO|Microsoft.AspNetCore.Hosting.Diagnostics|Request starting HTTP/2 OPTIONS https://localhost:57658/api/accounts - -
2023-02-03 23:43:40.0003|INFO|Microsoft.AspNetCore.Cors.Infrastructure.CorsService|CORS policy execution successful.
2023-02-03 23:43:40.0003|INFO|Microsoft.AspNetCore.Hosting.Diagnostics|Request finished HTTP/2 OPTIONS https://localhost:57658/api/accounts - - - 204 - - 35.5153ms
2023-02-03 23:43:40.0169|INFO|Microsoft.AspNetCore.Hosting.Diagnostics|Request starting HTTP/2 POST https://localhost:57658/api/accounts application/json;+charset=UTF-8 22
2023-02-03 23:43:40.0169|INFO|Microsoft.AspNetCore.Cors.Infrastructure.CorsService|CORS policy execution successful.
2023-02-03 23:43:40.0252|INFO|Microsoft.AspNetCore.Routing.EndpointMiddleware|Executing endpoint 'Bank.API.Controllers.AccountsController.CreateAccount (Bank.API)'
2023-02-03 23:43:40.0252|INFO|Microsoft.AspNetCore.Mvc.Infrastructure.ControllerActionInvoker|Route matched with {action = "CreateAccount", controller = "Accounts"}. Executing controller action with signature Microsoft.AspNetCore.Mvc.IActionResult CreateAccount(Bank.API.Data.Models.AccountCreationDTO) on controller Bank.API.Controllers.AccountsController (Bank.API).
2023-02-03 23:43:40.0252|INFO|Microsoft.AspNetCore.Mvc.Infrastructure.ObjectResultExecutor|Executing BadRequestObjectResult, writing value of type 'Microsoft.AspNetCore.Mvc.ValidationProblemDetails'.
2023-02-03 23:43:40.0413|INFO|Microsoft.AspNetCore.Mvc.Infrastructure.ControllerActionInvoker|Executed action Bank.API.Controllers.AccountsController.CreateAccount (Bank.API) in 4.9477ms
2023-02-03 23:43:40.0572|INFO|Microsoft.AspNetCore.Routing.EndpointMiddleware|Executed endpoint 'Bank.API.Controllers.AccountsController.CreateAccount (Bank.API)'
2023-02-03 23:43:40.0846|INFO|Microsoft.AspNetCore.Hosting.Diagnostics|Request finished HTTP/2 POST https://localhost:57658/api/accounts application/json;+charset=UTF-8 22 - 400 249 application/problem+json;+charset=utf-8 49.1688ms
2023-02-03 23:43:53.1881|INFO|Microsoft.AspNetCore.Hosting.Diagnostics|Request starting HTTP/2 OPTIONS https://localhost:57658/api/accounts - -
2023-02-03 23:43:53.1881|INFO|Microsoft.AspNetCore.Cors.Infrastructure.CorsService|CORS policy execution successful.
2023-02-03 23:43:53.2001|INFO|Microsoft.AspNetCore.Hosting.Diagnostics|Request finished HTTP/2 OPTIONS https://localhost:57658/api/accounts - - - 204 - - 6.3258ms
2023-02-03 23:43:53.2001|INFO|Microsoft.AspNetCore.Hosting.Diagnostics|Request starting HTTP/2 POST https://localhost:57658/api/accounts application/json;+charset=UTF-8 23
2023-02-03 23:43:53.2177|INFO|Microsoft.AspNetCore.Cors.Infrastructure.CorsService|CORS policy execution successful.
2023-02-03 23:43:53.2177|INFO|Microsoft.AspNetCore.Routing.EndpointMiddleware|Executing endpoint 'Bank.API.Controllers.AccountsController.CreateAccount (Bank.API)'
2023-02-03 23:43:53.2325|INFO|Microsoft.AspNetCore.Mvc.Infrastructure.ControllerActionInvoker|Route matched with {action = "CreateAccount", controller = "Accounts"}. Executing controller action with signature Microsoft.AspNetCore.Mvc.IActionResult CreateAccount(Bank.API.Data.Models.AccountCreationDTO) on controller Bank.API.Controllers.AccountsController (Bank.API).
2023-02-03 23:43:53.2325|INFO|Microsoft.AspNetCore.Mvc.Infrastructure.ObjectResultExecutor|Executing BadRequestObjectResult, writing value of type 'Microsoft.AspNetCore.Mvc.ValidationProblemDetails'.
2023-02-03 23:43:53.2325|INFO|Microsoft.AspNetCore.Mvc.Infrastructure.ControllerActionInvoker|Executed action Bank.API.Controllers.AccountsController.CreateAccount (Bank.API) in 4.0198ms
2023-02-03 23:43:53.2325|INFO|Microsoft.AspNetCore.Routing.EndpointMiddleware|Executed endpoint 'Bank.API.Controllers.AccountsController.CreateAccount (Bank.API)'
2023-02-03 23:43:53.2547|INFO|Microsoft.AspNetCore.Hosting.Diagnostics|Request finished HTTP/2 POST https://localhost:57658/api/accounts application/json;+charset=UTF-8 23 - 400 289 application/problem+json;+charset=utf-8 41.1641ms
2023-02-03 23:48:27.6097|INFO|Microsoft.AspNetCore.Hosting.Diagnostics|Request starting HTTP/2 GET https://localhost:57658/api/accounts - -
2023-02-03 23:48:27.6097|INFO|Microsoft.AspNetCore.Cors.Infrastructure.CorsService|CORS policy execution successful.
2023-02-03 23:48:27.6259|INFO|Microsoft.AspNetCore.Routing.EndpointMiddleware|Executing endpoint 'Bank.API.Controllers.AccountsController.GetAccounts (Bank.API)'
2023-02-03 23:48:27.6259|INFO|Microsoft.AspNetCore.Mvc.Infrastructure.ControllerActionInvoker|Route matched with {action = "GetAccounts", controller = "Accounts"}. Executing controller action with signature Microsoft.AspNetCore.Mvc.IActionResult GetAccounts() on controller Bank.API.Controllers.AccountsController (Bank.API).
2023-02-03 23:48:27.7584|INFO|Microsoft.EntityFrameworkCore.Database.Command|Executed DbCommand (3ms) [Parameters=[], CommandType='Text', CommandTimeout='30']
SELECT [a].[Id], [a].[Owner], [a].[Sum]
FROM [Accounts] AS [a]
ORDER BY [a].[Owner]
2023-02-03 23:48:27.7615|INFO|Microsoft.AspNetCore.Mvc.Infrastructure.ObjectResultExecutor|Executing OkObjectResult, writing value of type 'System.Collections.Generic.List`1[[Bank.API.Data.Models.AccountWithoutDepositsDTO, Bank.API, Version=1.0.0.0, Culture=neutral, PublicKeyToken=null]]'.
2023-02-03 23:48:27.7615|INFO|Microsoft.AspNetCore.Mvc.Infrastructure.ControllerActionInvoker|Executed action Bank.API.Controllers.AccountsController.GetAccounts (Bank.API) in 131.5407ms
2023-02-03 23:48:27.7615|INFO|Microsoft.AspNetCore.Routing.EndpointMiddleware|Executed endpoint 'Bank.API.Controllers.AccountsController.GetAccounts (Bank.API)'
2023-02-03 23:48:27.7784|INFO|Microsoft.AspNetCore.Hosting.Diagnostics|Request finished HTTP/2 GET https://localhost:57658/api/accounts - - - 200 174 application/json;+charset=utf-8 168.0654ms
2023-02-03 23:49:28.9812|INFO|Microsoft.AspNetCore.Hosting.Diagnostics|Request starting HTTP/2 OPTIONS https://localhost:57658/api/accounts - -
2023-02-03 23:49:29.0058|INFO|Microsoft.AspNetCore.Cors.Infrastructure.CorsService|CORS policy execution successful.
2023-02-03 23:49:29.0272|INFO|Microsoft.AspNetCore.Hosting.Diagnostics|Request finished HTTP/2 OPTIONS https://localhost:57658/api/accounts - - - 204 - - 51.9325ms
2023-02-03 23:49:29.0530|INFO|Microsoft.AspNetCore.Hosting.Diagnostics|Request starting HTTP/2 POST https://localhost:57658/api/accounts application/json;+charset=UTF-8 23
2023-02-03 23:49:29.0593|INFO|Microsoft.AspNetCore.Cors.Infrastructure.CorsService|CORS policy execution successful.
2023-02-03 23:49:29.0593|INFO|Microsoft.AspNetCore.Routing.EndpointMiddleware|Executing endpoint 'Bank.API.Controllers.AccountsController.CreateAccount (Bank.API)'
2023-02-03 23:49:29.0593|INFO|Microsoft.AspNetCore.Mvc.Infrastructure.ControllerActionInvoker|Route matched with {action = "CreateAccount", controller = "Accounts"}. Executing controller action with signature Microsoft.AspNetCore.Mvc.IActionResult CreateAccount(Bank.API.Data.Models.AccountCreationDTO) on controller Bank.API.Controllers.AccountsController (Bank.API).
2023-02-03 23:49:29.0739|INFO|Microsoft.AspNetCore.Mvc.Infrastructure.ObjectResultExecutor|Executing BadRequestObjectResult, writing value of type 'Microsoft.AspNetCore.Mvc.ValidationProblemDetails'.
2023-02-03 23:49:29.0739|INFO|Microsoft.AspNetCore.Mvc.Infrastructure.ControllerActionInvoker|Executed action Bank.API.Controllers.AccountsController.CreateAccount (Bank.API) in 4.2775ms
2023-02-03 23:49:29.0739|INFO|Microsoft.AspNetCore.Routing.EndpointMiddleware|Executed endpoint 'Bank.API.Controllers.AccountsController.CreateAccount (Bank.API)'
2023-02-03 23:49:29.0958|INFO|Microsoft.AspNetCore.Hosting.Diagnostics|Request finished HTTP/2 POST https://localhost:57658/api/accounts application/json;+charset=UTF-8 23 - 400 249 application/problem+json;+charset=utf-8 47.1479ms
2023-02-03 23:49:37.8133|INFO|Microsoft.AspNetCore.Hosting.Diagnostics|Request starting HTTP/2 OPTIONS https://localhost:57658/api/accounts - -
2023-02-03 23:49:37.8219|INFO|Microsoft.AspNetCore.Cors.Infrastructure.CorsService|CORS policy execution successful.
2023-02-03 23:49:37.8219|INFO|Microsoft.AspNetCore.Hosting.Diagnostics|Request finished HTTP/2 OPTIONS https://localhost:57658/api/accounts - - - 204 - - 19.2380ms
2023-02-03 23:49:37.8388|INFO|Microsoft.AspNetCore.Hosting.Diagnostics|Request starting HTTP/2 POST https://localhost:57658/api/accounts application/json;+charset=UTF-8 23
2023-02-03 23:49:37.8388|INFO|Microsoft.AspNetCore.Cors.Infrastructure.CorsService|CORS policy execution successful.
2023-02-03 23:49:37.8579|INFO|Microsoft.AspNetCore.Routing.EndpointMiddleware|Executing endpoint 'Bank.API.Controllers.AccountsController.CreateAccount (Bank.API)'
2023-02-03 23:49:37.8579|INFO|Microsoft.AspNetCore.Mvc.Infrastructure.ControllerActionInvoker|Route matched with {action = "CreateAccount", controller = "Accounts"}. Executing controller action with signature Microsoft.AspNetCore.Mvc.IActionResult CreateAccount(Bank.API.Data.Models.AccountCreationDTO) on controller Bank.API.Controllers.AccountsController (Bank.API).
2023-02-03 23:49:37.8724|INFO|Microsoft.AspNetCore.Mvc.Infrastructure.ObjectResultExecutor|Executing BadRequestObjectResult, writing value of type 'Microsoft.AspNetCore.Mvc.ValidationProblemDetails'.
2023-02-03 23:49:37.8724|INFO|Microsoft.AspNetCore.Mvc.Infrastructure.ControllerActionInvoker|Executed action Bank.API.Controllers.AccountsController.CreateAccount (Bank.API) in 10.2861ms
2023-02-03 23:49:37.8899|INFO|Microsoft.AspNetCore.Routing.EndpointMiddleware|Executed endpoint 'Bank.API.Controllers.AccountsController.CreateAccount (Bank.API)'
2023-02-03 23:49:37.8899|INFO|Microsoft.AspNetCore.Hosting.Diagnostics|Request finished HTTP/2 POST https://localhost:57658/api/accounts application/json;+charset=UTF-8 23 - 400 249 application/problem+json;+charset=utf-8 57.6054ms
2023-02-03 23:50:05.6207|INFO|Microsoft.AspNetCore.Hosting.Diagnostics|Request starting HTTP/2 OPTIONS https://localhost:57658/api/accounts - -
2023-02-03 23:50:05.6207|INFO|Microsoft.AspNetCore.Cors.Infrastructure.CorsService|CORS policy execution successful.
2023-02-03 23:50:05.6363|INFO|Microsoft.AspNetCore.Hosting.Diagnostics|Request finished HTTP/2 OPTIONS https://localhost:57658/api/accounts - - - 204 - - 15.1137ms
2023-02-03 23:50:05.6363|INFO|Microsoft.AspNetCore.Hosting.Diagnostics|Request starting HTTP/2 POST https://localhost:57658/api/accounts application/json;+charset=UTF-8 23
2023-02-03 23:50:05.6584|INFO|Microsoft.AspNetCore.Cors.Infrastructure.CorsService|CORS policy execution successful.
2023-02-03 23:50:05.6681|INFO|Microsoft.AspNetCore.Routing.EndpointMiddleware|Executing endpoint 'Bank.API.Controllers.AccountsController.CreateAccount (Bank.API)'
2023-02-03 23:50:05.6681|INFO|Microsoft.AspNetCore.Mvc.Infrastructure.ControllerActionInvoker|Route matched with {action = "CreateAccount", controller = "Accounts"}. Executing controller action with signature Microsoft.AspNetCore.Mvc.IActionResult CreateAccount(Bank.API.Data.Models.AccountCreationDTO) on controller Bank.API.Controllers.AccountsController (Bank.API).
2023-02-03 23:50:05.7195|INFO|Microsoft.AspNetCore.Mvc.Infrastructure.ObjectResultExecutor|Executing BadRequestObjectResult, writing value of type 'Microsoft.AspNetCore.Mvc.ValidationProblemDetails'.
2023-02-03 23:50:05.7434|INFO|Microsoft.AspNetCore.Mvc.Infrastructure.ControllerActionInvoker|Executed action Bank.API.Controllers.AccountsController.CreateAccount (Bank.API) in 46.2942ms
2023-02-03 23:50:05.7486|INFO|Microsoft.AspNetCore.Routing.EndpointMiddleware|Executed endpoint 'Bank.API.Controllers.AccountsController.CreateAccount (Bank.API)'
2023-02-03 23:50:05.7486|INFO|Microsoft.AspNetCore.Hosting.Diagnostics|Request finished HTTP/2 POST https://localhost:57658/api/accounts application/json;+charset=UTF-8 23 - 400 249 application/problem+json;+charset=utf-8 108.8430ms
2023-02-03 23:51:08.8939|INFO|Microsoft.AspNetCore.Hosting.Diagnostics|Request starting HTTP/2 OPTIONS https://localhost:57658/api/accounts - -
2023-02-03 23:51:08.9315|INFO|Microsoft.AspNetCore.Cors.Infrastructure.CorsService|CORS policy execution successful.
2023-02-03 23:51:08.9541|INFO|Microsoft.AspNetCore.Hosting.Diagnostics|Request finished HTTP/2 OPTIONS https://localhost:57658/api/accounts - - - 204 - - 68.1825ms
2023-02-03 23:51:08.9643|INFO|Microsoft.AspNetCore.Hosting.Diagnostics|Request starting HTTP/2 POST https://localhost:57658/api/accounts application/json;+charset=UTF-8 23
2023-02-03 23:51:08.9643|INFO|Microsoft.AspNetCore.Cors.Infrastructure.CorsService|CORS policy execution successful.
2023-02-03 23:51:08.9643|INFO|Microsoft.AspNetCore.Routing.EndpointMiddleware|Executing endpoint 'Bank.API.Controllers.AccountsController.CreateAccount (Bank.API)'
2023-02-03 23:51:08.9792|INFO|Microsoft.AspNetCore.Mvc.Infrastructure.ControllerActionInvoker|Route matched with {action = "CreateAccount", controller = "Accounts"}. Executing controller action with signature Microsoft.AspNetCore.Mvc.IActionResult CreateAccount(Bank.API.Data.Models.AccountCreationDTO) on controller Bank.API.Controllers.AccountsController (Bank.API).
2023-02-03 23:51:09.0046|INFO|Microsoft.AspNetCore.Mvc.Infrastructure.ObjectResultExecutor|Executing BadRequestObjectResult, writing value of type 'Microsoft.AspNetCore.Mvc.ValidationProblemDetails'.
2023-02-03 23:51:09.0170|INFO|Microsoft.AspNetCore.Mvc.Infrastructure.ControllerActionInvoker|Executed action Bank.API.Controllers.AccountsController.CreateAccount (Bank.API) in 25.5785ms
2023-02-03 23:51:09.0170|INFO|Microsoft.AspNetCore.Routing.EndpointMiddleware|Executed endpoint 'Bank.API.Controllers.AccountsController.CreateAccount (Bank.API)'
2023-02-03 23:51:09.0299|INFO|Microsoft.AspNetCore.Hosting.Diagnostics|Request finished HTTP/2 POST https://localhost:57658/api/accounts application/json;+charset=UTF-8 23 - 400 249 application/problem+json;+charset=utf-8 68.6480ms
2023-02-03 23:51:31.3583|INFO|Bank.API.Program|Initializing application...
2023-02-03 23:51:41.5955|INFO|Microsoft.EntityFrameworkCore.Database.Command|Executed DbCommand (85ms) [Parameters=[], CommandType='Text', CommandTimeout='30']
SELECT 1
2023-02-03 23:51:41.9015|INFO|Microsoft.EntityFrameworkCore.Database.Command|Executed DbCommand (90ms) [Parameters=[], CommandType='Text', CommandTimeout='60']
IF SERVERPROPERTY('EngineEdition') <> 5
BEGIN
    ALTER DATABASE [AccountInfoDB] SET SINGLE_USER WITH ROLLBACK IMMEDIATE;
END;
2023-02-03 23:51:41.9331|INFO|Microsoft.EntityFrameworkCore.Database.Command|Executed DbCommand (26ms) [Parameters=[], CommandType='Text', CommandTimeout='60']
DROP DATABASE [AccountInfoDB];
2023-02-03 23:51:42.3088|INFO|Microsoft.EntityFrameworkCore.Database.Command|Executed DbCommand (269ms) [Parameters=[], CommandType='Text', CommandTimeout='60']
CREATE DATABASE [AccountInfoDB];
2023-02-03 23:51:42.4253|INFO|Microsoft.EntityFrameworkCore.Database.Command|Executed DbCommand (114ms) [Parameters=[], CommandType='Text', CommandTimeout='60']
IF SERVERPROPERTY('EngineEdition') <> 5
BEGIN
    ALTER DATABASE [AccountInfoDB] SET READ_COMMITTED_SNAPSHOT ON;
END;
2023-02-03 23:51:42.4351|INFO|Microsoft.EntityFrameworkCore.Database.Command|Executed DbCommand (1ms) [Parameters=[], CommandType='Text', CommandTimeout='30']
SELECT 1
2023-02-03 23:51:42.6923|INFO|Microsoft.EntityFrameworkCore.Database.Command|Executed DbCommand (15ms) [Parameters=[], CommandType='Text', CommandTimeout='30']
CREATE TABLE [__EFMigrationsHistory] (
    [MigrationId] nvarchar(150) NOT NULL,
    [ProductVersion] nvarchar(32) NOT NULL,
    CONSTRAINT [PK___EFMigrationsHistory] PRIMARY KEY ([MigrationId])
);
2023-02-03 23:51:42.6973|INFO|Microsoft.EntityFrameworkCore.Database.Command|Executed DbCommand (0ms) [Parameters=[], CommandType='Text', CommandTimeout='30']
SELECT 1
2023-02-03 23:51:42.7849|INFO|Microsoft.EntityFrameworkCore.Database.Command|Executed DbCommand (71ms) [Parameters=[], CommandType='Text', CommandTimeout='30']
SELECT OBJECT_ID(N'[__EFMigrationsHistory]');
2023-02-03 23:51:42.8166|INFO|Microsoft.EntityFrameworkCore.Database.Command|Executed DbCommand (18ms) [Parameters=[], CommandType='Text', CommandTimeout='30']
SELECT [MigrationId], [ProductVersion]
FROM [__EFMigrationsHistory]
ORDER BY [MigrationId];
2023-02-03 23:51:42.8674|INFO|Microsoft.EntityFrameworkCore.Migrations|Applying migration '20230112122455_AccountInfoDBInitialMigration'.
2023-02-03 23:51:43.0532|INFO|Microsoft.EntityFrameworkCore.Database.Command|Executed DbCommand (2ms) [Parameters=[], CommandType='Text', CommandTimeout='30']
CREATE TABLE [Accounts] (
    [Id] int NOT NULL IDENTITY,
    [Owner] nvarchar(50) NOT NULL,
    [Sum] real NOT NULL,
    CONSTRAINT [PK_Accounts] PRIMARY KEY ([Id])
);
2023-02-03 23:51:43.0597|INFO|Microsoft.EntityFrameworkCore.Database.Command|Executed DbCommand (3ms) [Parameters=[], CommandType='Text', CommandTimeout='30']
CREATE TABLE [Deposits] (
    [Id] int NOT NULL IDENTITY,
    [Name] nvarchar(50) NOT NULL,
    [Period] int NOT NULL,
    [DepositSum] real NOT NULL,
    [AccountId] int NOT NULL,
    CONSTRAINT [PK_Deposits] PRIMARY KEY ([Id]),
    CONSTRAINT [FK_Deposits_Accounts_AccountId] FOREIGN KEY ([AccountId]) REFERENCES [Accounts] ([Id]) ON DELETE CASCADE
);
2023-02-03 23:51:43.0919|INFO|Microsoft.EntityFrameworkCore.Database.Command|Executed DbCommand (29ms) [Parameters=[], CommandType='Text', CommandTimeout='30']
IF EXISTS (SELECT * FROM [sys].[identity_columns] WHERE [name] IN (N'Id', N'Owner', N'Sum') AND [object_id] = OBJECT_ID(N'[Accounts]'))
    SET IDENTITY_INSERT [Accounts] ON;
INSERT INTO [Accounts] ([Id], [Owner], [Sum])
VALUES (1, N'Gabor Andreea', CAST(2500 AS real)),
(2, N'Pavel Carmen', CAST(3200 AS real)),
(3, N'Wolf Lorena', CAST(2800 AS real));
IF EXISTS (SELECT * FROM [sys].[identity_columns] WHERE [name] IN (N'Id', N'Owner', N'Sum') AND [object_id] = OBJECT_ID(N'[Accounts]'))
    SET IDENTITY_INSERT [Accounts] OFF;
2023-02-03 23:51:43.1121|INFO|Microsoft.EntityFrameworkCore.Database.Command|Executed DbCommand (18ms) [Parameters=[], CommandType='Text', CommandTimeout='30']
IF EXISTS (SELECT * FROM [sys].[identity_columns] WHERE [name] IN (N'Id', N'AccountId', N'DepositSum', N'Name', N'Period') AND [object_id] = OBJECT_ID(N'[Deposits]'))
    SET IDENTITY_INSERT [Deposits] ON;
INSERT INTO [Deposits] ([Id], [AccountId], [DepositSum], [Name], [Period])
VALUES (1, 1, CAST(2000 AS real), N'Savings Deposit', 1),
(2, 1, CAST(500 AS real), N'Fixed Deposit', 12),
(3, 2, CAST(2200 AS real), N'Fixed Deposit', 6),
(4, 2, CAST(1000 AS real), N'Recurring Deposit', 1),
(5, 3, CAST(1200 AS real), N'Savings Deposit', 12),
(6, 3, CAST(1600 AS real), N'Current Deposit', 6);
IF EXISTS (SELECT * FROM [sys].[identity_columns] WHERE [name] IN (N'Id', N'AccountId', N'DepositSum', N'Name', N'Period') AND [object_id] = OBJECT_ID(N'[Deposits]'))
    SET IDENTITY_INSERT [Deposits] OFF;
2023-02-03 23:51:43.1121|INFO|Microsoft.EntityFrameworkCore.Database.Command|Executed DbCommand (3ms) [Parameters=[], CommandType='Text', CommandTimeout='30']
CREATE INDEX [IX_Deposits_AccountId] ON [Deposits] ([AccountId]);
2023-02-03 23:51:43.1216|INFO|Microsoft.EntityFrameworkCore.Database.Command|Executed DbCommand (1ms) [Parameters=[], CommandType='Text', CommandTimeout='30']
INSERT INTO [__EFMigrationsHistory] ([MigrationId], [ProductVersion])
VALUES (N'20230112122455_AccountInfoDBInitialMigration', N'7.0.1');
2023-02-03 23:51:43.3598|INFO|Microsoft.AspNetCore.DataProtection.KeyManagement.XmlKeyManager|User profile is available. Using 'C:\Users\z004pj3h\AppData\Local\ASP.NET\DataProtection-Keys' as key repository and Windows DPAPI to encrypt keys at rest.
2023-02-03 23:51:44.9688|INFO|Microsoft.AspNetCore.Hosting.Diagnostics|Request starting HTTP/2 GET https://localhost:57658/ - -
2023-02-03 23:51:45.1976|INFO|Microsoft.AspNetCore.Hosting.Diagnostics|Request finished HTTP/2 GET https://localhost:57658/ - - - 404 0 - 189.6599ms
2023-02-03 23:51:53.0327|INFO|Microsoft.AspNetCore.Hosting.Diagnostics|Request starting HTTP/2 OPTIONS https://localhost:57658/api/accounts - -
2023-02-03 23:51:53.1302|INFO|Microsoft.AspNetCore.Cors.Infrastructure.CorsService|CORS policy execution successful.
2023-02-03 23:51:53.1420|INFO|Microsoft.AspNetCore.Hosting.Diagnostics|Request finished HTTP/2 OPTIONS https://localhost:57658/api/accounts - - - 204 - - 105.3693ms
2023-02-03 23:51:53.1620|INFO|Microsoft.AspNetCore.Hosting.Diagnostics|Request starting HTTP/2 POST https://localhost:57658/api/accounts application/json;+charset=UTF-8 22
2023-02-03 23:51:53.2006|INFO|Microsoft.AspNetCore.Cors.Infrastructure.CorsService|CORS policy execution successful.
2023-02-03 23:51:53.2006|INFO|Microsoft.AspNetCore.Routing.EndpointMiddleware|Executing endpoint 'Bank.API.Controllers.AccountsController.CreateAccount (Bank.API)'
2023-02-03 23:51:53.2881|INFO|Microsoft.AspNetCore.Mvc.Infrastructure.ControllerActionInvoker|Route matched with {action = "CreateAccount", controller = "Accounts"}. Executing controller action with signature Microsoft.AspNetCore.Mvc.IActionResult CreateAccount(Bank.API.Data.Models.AccountCreationDTO) on controller Bank.API.Controllers.AccountsController (Bank.API).
2023-02-03 23:51:53.8023|INFO|Microsoft.AspNetCore.Mvc.Infrastructure.ObjectResultExecutor|Executing BadRequestObjectResult, writing value of type 'Microsoft.AspNetCore.Mvc.ValidationProblemDetails'.
2023-02-03 23:51:53.9572|INFO|Microsoft.AspNetCore.Mvc.Infrastructure.ControllerActionInvoker|Executed action Bank.API.Controllers.AccountsController.CreateAccount (Bank.API) in 652.9585ms
2023-02-03 23:51:53.9572|INFO|Microsoft.AspNetCore.Routing.EndpointMiddleware|Executed endpoint 'Bank.API.Controllers.AccountsController.CreateAccount (Bank.API)'
2023-02-03 23:51:53.9729|INFO|Microsoft.AspNetCore.Hosting.Diagnostics|Request finished HTTP/2 POST https://localhost:57658/api/accounts application/json;+charset=UTF-8 22 - 400 249 application/problem+json;+charset=utf-8 810.2860ms
2023-02-03 23:53:12.6055|INFO|Microsoft.AspNetCore.Hosting.Diagnostics|Request starting HTTP/2 OPTIONS https://localhost:57658/api/accounts - -
2023-02-03 23:53:12.6055|INFO|Microsoft.AspNetCore.Cors.Infrastructure.CorsService|CORS policy execution successful.
2023-02-03 23:53:12.7185|INFO|Microsoft.AspNetCore.Hosting.Diagnostics|Request finished HTTP/2 OPTIONS https://localhost:57658/api/accounts - - - 204 - - 18.3888ms
2023-02-03 23:53:12.7725|INFO|Microsoft.AspNetCore.Hosting.Diagnostics|Request starting HTTP/2 POST https://localhost:57658/api/accounts application/json;+charset=UTF-8 23
2023-02-03 23:53:12.7994|INFO|Microsoft.AspNetCore.Cors.Infrastructure.CorsService|CORS policy execution successful.
2023-02-03 23:53:12.8228|INFO|Microsoft.AspNetCore.Routing.EndpointMiddleware|Executing endpoint 'Bank.API.Controllers.AccountsController.CreateAccount (Bank.API)'
2023-02-03 23:53:12.8415|INFO|Microsoft.AspNetCore.Mvc.Infrastructure.ControllerActionInvoker|Route matched with {action = "CreateAccount", controller = "Accounts"}. Executing controller action with signature Microsoft.AspNetCore.Mvc.IActionResult CreateAccount(Bank.API.Data.Models.AccountCreationDTO) on controller Bank.API.Controllers.AccountsController (Bank.API).
2023-02-03 23:53:12.8612|INFO|Microsoft.AspNetCore.Mvc.Infrastructure.ObjectResultExecutor|Executing BadRequestObjectResult, writing value of type 'Microsoft.AspNetCore.Mvc.ValidationProblemDetails'.
2023-02-03 23:53:12.8829|INFO|Microsoft.AspNetCore.Mvc.Infrastructure.ControllerActionInvoker|Executed action Bank.API.Controllers.AccountsController.CreateAccount (Bank.API) in 20.3155ms
2023-02-03 23:53:12.9246|INFO|Microsoft.AspNetCore.Routing.EndpointMiddleware|Executed endpoint 'Bank.API.Controllers.AccountsController.CreateAccount (Bank.API)'
2023-02-03 23:53:13.0174|INFO|Microsoft.AspNetCore.Hosting.Diagnostics|Request finished HTTP/2 POST https://localhost:57658/api/accounts application/json;+charset=UTF-8 23 - 400 249 application/problem+json;+charset=utf-8 163.6195ms
2023-02-03 23:55:05.5875|INFO|Microsoft.AspNetCore.Hosting.Diagnostics|Request starting HTTP/2 OPTIONS https://localhost:57658/api/accounts - -
2023-02-03 23:55:05.6198|INFO|Microsoft.AspNetCore.Cors.Infrastructure.CorsService|CORS policy execution successful.
2023-02-03 23:55:05.6198|INFO|Microsoft.AspNetCore.Hosting.Diagnostics|Request finished HTTP/2 OPTIONS https://localhost:57658/api/accounts - - - 204 - - 46.9982ms
2023-02-03 23:55:05.6486|INFO|Microsoft.AspNetCore.Hosting.Diagnostics|Request starting HTTP/2 POST https://localhost:57658/api/accounts application/json;+charset=UTF-8 22
2023-02-03 23:55:05.6638|INFO|Microsoft.AspNetCore.Cors.Infrastructure.CorsService|CORS policy execution successful.
2023-02-03 23:55:05.6714|INFO|Microsoft.AspNetCore.Routing.EndpointMiddleware|Executing endpoint 'Bank.API.Controllers.AccountsController.CreateAccount (Bank.API)'
2023-02-03 23:55:05.6714|INFO|Microsoft.AspNetCore.Mvc.Infrastructure.ControllerActionInvoker|Route matched with {action = "CreateAccount", controller = "Accounts"}. Executing controller action with signature Microsoft.AspNetCore.Mvc.IActionResult CreateAccount(Bank.API.Data.Models.AccountCreationDTO) on controller Bank.API.Controllers.AccountsController (Bank.API).
2023-02-03 23:55:05.6870|INFO|Microsoft.AspNetCore.Mvc.Infrastructure.ObjectResultExecutor|Executing BadRequestObjectResult, writing value of type 'Microsoft.AspNetCore.Mvc.ValidationProblemDetails'.
2023-02-03 23:55:05.6870|INFO|Microsoft.AspNetCore.Mvc.Infrastructure.ControllerActionInvoker|Executed action Bank.API.Controllers.AccountsController.CreateAccount (Bank.API) in 10.9172ms
2023-02-03 23:55:05.7360|INFO|Microsoft.AspNetCore.Routing.EndpointMiddleware|Executed endpoint 'Bank.API.Controllers.AccountsController.CreateAccount (Bank.API)'
2023-02-03 23:55:05.7507|INFO|Microsoft.AspNetCore.Hosting.Diagnostics|Request finished HTTP/2 POST https://localhost:57658/api/accounts application/json;+charset=UTF-8 22 - 400 249 application/problem+json;+charset=utf-8 102.9610ms
2023-02-03 23:57:05.8573|INFO|Microsoft.AspNetCore.Hosting.Diagnostics|Request starting HTTP/2 GET https://localhost:57658/api/accounts - -
2023-02-03 23:57:05.8814|INFO|Microsoft.AspNetCore.Cors.Infrastructure.CorsService|CORS policy execution successful.
2023-02-03 23:57:05.8888|INFO|Microsoft.AspNetCore.Routing.EndpointMiddleware|Executing endpoint 'Bank.API.Controllers.AccountsController.GetAccounts (Bank.API)'
2023-02-03 23:57:05.9034|INFO|Microsoft.AspNetCore.Mvc.Infrastructure.ControllerActionInvoker|Route matched with {action = "GetAccounts", controller = "Accounts"}. Executing controller action with signature Microsoft.AspNetCore.Mvc.IActionResult GetAccounts() on controller Bank.API.Controllers.AccountsController (Bank.API).
2023-02-03 23:57:07.7167|INFO|Microsoft.EntityFrameworkCore.Database.Command|Executed DbCommand (14ms) [Parameters=[], CommandType='Text', CommandTimeout='30']
SELECT [a].[Id], [a].[Owner], [a].[Sum]
FROM [Accounts] AS [a]
ORDER BY [a].[Owner]
2023-02-03 23:57:07.9535|INFO|Microsoft.AspNetCore.Mvc.Infrastructure.ObjectResultExecutor|Executing OkObjectResult, writing value of type 'System.Collections.Generic.List`1[[Bank.API.Data.Models.AccountWithoutDepositsDTO, Bank.API, Version=1.0.0.0, Culture=neutral, PublicKeyToken=null]]'.
2023-02-03 23:57:07.9702|INFO|Microsoft.AspNetCore.Mvc.Infrastructure.ControllerActionInvoker|Executed action Bank.API.Controllers.AccountsController.GetAccounts (Bank.API) in 2058.9152ms
2023-02-03 23:57:07.9786|INFO|Microsoft.AspNetCore.Routing.EndpointMiddleware|Executed endpoint 'Bank.API.Controllers.AccountsController.GetAccounts (Bank.API)'
2023-02-03 23:57:08.0046|INFO|Microsoft.AspNetCore.Hosting.Diagnostics|Request finished HTTP/2 GET https://localhost:57658/api/accounts - - - 200 136 application/json;+charset=utf-8 2156.7576ms
