2023-02-20 11:05:43.9265|INFO|Bank.API.Program|Initializing application...
2023-02-20 11:05:57.9985|INFO|Microsoft.EntityFrameworkCore.Database.Command|Executed DbCommand (103ms) [Parameters=[], CommandType='Text', CommandTimeout='30']
SELECT 1
2023-02-20 11:05:58.2452|INFO|Microsoft.EntityFrameworkCore.Database.Command|Executed DbCommand (159ms) [Parameters=[], CommandType='Text', CommandTimeout='30']

IF EXISTS
    (SELECT *
     FROM [sys].[objects] o
     WHERE [o].[type] = 'U'
     AND [o].[is_ms_shipped] = 0
     AND NOT EXISTS (SELECT *
         FROM [sys].[extended_properties] AS [ep]
         WHERE [ep].[major_id] = [o].[object_id]
             AND [ep].[minor_id] = 0
             AND [ep].[class] = 1
             AND [ep].[name] = N'microsoft_database_tools_support'
    )
)
SELECT 1 ELSE SELECT 0
2023-02-20 11:05:58.2536|INFO|Microsoft.EntityFrameworkCore.Database.Command|Executed DbCommand (3ms) [Parameters=[], CommandType='Text', CommandTimeout='30']
SELECT 1
2023-02-20 11:05:58.5926|INFO|Microsoft.EntityFrameworkCore.Database.Command|Executed DbCommand (169ms) [Parameters=[], CommandType='Text', CommandTimeout='60']
IF SERVERPROPERTY('EngineEdition') <> 5
BEGIN
    ALTER DATABASE [AccountInfoDB] SET SINGLE_USER WITH ROLLBACK IMMEDIATE;
END;
2023-02-20 11:05:58.6557|INFO|Microsoft.EntityFrameworkCore.Database.Command|Executed DbCommand (60ms) [Parameters=[], CommandType='Text', CommandTimeout='60']
DROP DATABASE [AccountInfoDB];
2023-02-20 11:06:01.2219|INFO|Microsoft.EntityFrameworkCore.Database.Command|Executed DbCommand (2,343ms) [Parameters=[], CommandType='Text', CommandTimeout='60']
CREATE DATABASE [AccountInfoDB];
2023-02-20 11:06:01.6552|INFO|Microsoft.EntityFrameworkCore.Database.Command|Executed DbCommand (428ms) [Parameters=[], CommandType='Text', CommandTimeout='60']
IF SERVERPROPERTY('EngineEdition') <> 5
BEGIN
    ALTER DATABASE [AccountInfoDB] SET READ_COMMITTED_SNAPSHOT ON;
END;
2023-02-20 11:06:01.6777|INFO|Microsoft.EntityFrameworkCore.Database.Command|Executed DbCommand (1ms) [Parameters=[], CommandType='Text', CommandTimeout='30']
SELECT 1
2023-02-20 11:06:02.1280|INFO|Microsoft.EntityFrameworkCore.Database.Command|Executed DbCommand (19ms) [Parameters=[], CommandType='Text', CommandTimeout='30']
CREATE TABLE [__EFMigrationsHistory] (
    [MigrationId] nvarchar(150) NOT NULL,
    [ProductVersion] nvarchar(32) NOT NULL,
    CONSTRAINT [PK___EFMigrationsHistory] PRIMARY KEY ([MigrationId])
);
2023-02-20 11:06:02.1280|INFO|Microsoft.EntityFrameworkCore.Database.Command|Executed DbCommand (1ms) [Parameters=[], CommandType='Text', CommandTimeout='30']
SELECT 1
2023-02-20 11:06:02.1564|INFO|Microsoft.EntityFrameworkCore.Database.Command|Executed DbCommand (3ms) [Parameters=[], CommandType='Text', CommandTimeout='30']
SELECT OBJECT_ID(N'[__EFMigrationsHistory]');
2023-02-20 11:06:02.1860|INFO|Microsoft.EntityFrameworkCore.Database.Command|Executed DbCommand (17ms) [Parameters=[], CommandType='Text', CommandTimeout='30']
SELECT [MigrationId], [ProductVersion]
FROM [__EFMigrationsHistory]
ORDER BY [MigrationId];
2023-02-20 11:06:02.4217|INFO|Microsoft.EntityFrameworkCore.Migrations|Applying migration '20230112122455_AccountInfoDBInitialMigration'.
2023-02-20 11:06:02.9261|INFO|Microsoft.EntityFrameworkCore.Database.Command|Executed DbCommand (3ms) [Parameters=[], CommandType='Text', CommandTimeout='30']
CREATE TABLE [Accounts] (
    [Id] int NOT NULL IDENTITY,
    [Owner] nvarchar(50) NOT NULL,
    [Sum] real NOT NULL,
    CONSTRAINT [PK_Accounts] PRIMARY KEY ([Id])
);
2023-02-20 11:06:02.9382|INFO|Microsoft.EntityFrameworkCore.Database.Command|Executed DbCommand (7ms) [Parameters=[], CommandType='Text', CommandTimeout='30']
CREATE TABLE [Deposits] (
    [Id] int NOT NULL IDENTITY,
    [Name] nvarchar(50) NOT NULL,
    [Period] int NOT NULL,
    [DepositSum] real NOT NULL,
    [AccountId] int NOT NULL,
    CONSTRAINT [PK_Deposits] PRIMARY KEY ([Id]),
    CONSTRAINT [FK_Deposits_Accounts_AccountId] FOREIGN KEY ([AccountId]) REFERENCES [Accounts] ([Id]) ON DELETE CASCADE
);
2023-02-20 11:06:03.0509|INFO|Microsoft.EntityFrameworkCore.Database.Command|Executed DbCommand (109ms) [Parameters=[], CommandType='Text', CommandTimeout='30']
IF EXISTS (SELECT * FROM [sys].[identity_columns] WHERE [name] IN (N'Id', N'Owner', N'Sum') AND [object_id] = OBJECT_ID(N'[Accounts]'))
    SET IDENTITY_INSERT [Accounts] ON;
INSERT INTO [Accounts] ([Id], [Owner], [Sum])
VALUES (1, N'Gabor Andreea', CAST(2500 AS real)),
(2, N'Pavel Carmen', CAST(3200 AS real)),
(3, N'Wolf Lorena', CAST(2800 AS real));
IF EXISTS (SELECT * FROM [sys].[identity_columns] WHERE [name] IN (N'Id', N'Owner', N'Sum') AND [object_id] = OBJECT_ID(N'[Accounts]'))
    SET IDENTITY_INSERT [Accounts] OFF;
2023-02-20 11:06:03.0934|INFO|Microsoft.EntityFrameworkCore.Database.Command|Executed DbCommand (38ms) [Parameters=[], CommandType='Text', CommandTimeout='30']
IF EXISTS (SELECT * FROM [sys].[identity_columns] WHERE [name] IN (N'Id', N'AccountId', N'DepositSum', N'Name', N'Period') AND [object_id] = OBJECT_ID(N'[Deposits]'))
    SET IDENTITY_INSERT [Deposits] ON;
INSERT INTO [Deposits] ([Id], [AccountId], [DepositSum], [Name], [Period])
VALUES (1, 1, CAST(2000 AS real), N'Savings Deposit', 1),
(2, 1, CAST(500 AS real), N'Fixed Deposit', 12),
(3, 2, CAST(2200 AS real), N'Fixed Deposit', 6),
(4, 2, CAST(1000 AS real), N'Recurring Deposit', 1),
(5, 3, CAST(1200 AS real), N'Savings Deposit', 12),
(6, 3, CAST(1600 AS real), N'Current Deposit', 6);
IF EXISTS (SELECT * FROM [sys].[identity_columns] WHERE [name] IN (N'Id', N'AccountId', N'DepositSum', N'Name', N'Period') AND [object_id] = OBJECT_ID(N'[Deposits]'))
    SET IDENTITY_INSERT [Deposits] OFF;
2023-02-20 11:06:03.1082|INFO|Microsoft.EntityFrameworkCore.Database.Command|Executed DbCommand (11ms) [Parameters=[], CommandType='Text', CommandTimeout='30']
CREATE INDEX [IX_Deposits_AccountId] ON [Deposits] ([AccountId]);
2023-02-20 11:06:03.1082|INFO|Microsoft.EntityFrameworkCore.Database.Command|Executed DbCommand (4ms) [Parameters=[], CommandType='Text', CommandTimeout='30']
INSERT INTO [__EFMigrationsHistory] ([MigrationId], [ProductVersion])
VALUES (N'20230112122455_AccountInfoDBInitialMigration', N'7.0.2');
2023-02-20 11:06:03.1555|INFO|Microsoft.EntityFrameworkCore.Migrations|Applying migration '20230206140911_AccountInfoDBAddUsers'.
2023-02-20 11:06:03.3201|INFO|Microsoft.EntityFrameworkCore.Database.Command|Executed DbCommand (18ms) [Parameters=[], CommandType='Text', CommandTimeout='30']
ALTER TABLE [Accounts] ADD [UserId] int NULL;
2023-02-20 11:06:03.3459|INFO|Microsoft.EntityFrameworkCore.Database.Command|Executed DbCommand (16ms) [Parameters=[], CommandType='Text', CommandTimeout='30']
CREATE TABLE [Users] (
    [Id] int NOT NULL IDENTITY,
    [Name] nvarchar(50) NOT NULL,
    [Email] nvarchar(max) NOT NULL,
    [Username] nvarchar(50) NOT NULL,
    [Password] nvarchar(50) NOT NULL,
    [Admin] bit NOT NULL,
    CONSTRAINT [PK_Users] PRIMARY KEY ([Id])
);
2023-02-20 11:06:03.3459|INFO|Microsoft.EntityFrameworkCore.Database.Command|Executed DbCommand (3ms) [Parameters=[], CommandType='Text', CommandTimeout='30']
UPDATE [Accounts] SET [UserId] = NULL
WHERE [Id] = 1;
SELECT @@ROWCOUNT;
2023-02-20 11:06:03.3706|INFO|Microsoft.EntityFrameworkCore.Database.Command|Executed DbCommand (3ms) [Parameters=[], CommandType='Text', CommandTimeout='30']
UPDATE [Accounts] SET [UserId] = NULL
WHERE [Id] = 2;
SELECT @@ROWCOUNT;
2023-02-20 11:06:03.4350|INFO|Microsoft.EntityFrameworkCore.Database.Command|Executed DbCommand (10ms) [Parameters=[], CommandType='Text', CommandTimeout='30']
UPDATE [Accounts] SET [UserId] = NULL
WHERE [Id] = 3;
SELECT @@ROWCOUNT;
2023-02-20 11:06:03.4820|INFO|Microsoft.EntityFrameworkCore.Database.Command|Executed DbCommand (44ms) [Parameters=[], CommandType='Text', CommandTimeout='30']
IF EXISTS (SELECT * FROM [sys].[identity_columns] WHERE [name] IN (N'Id', N'Admin', N'Email', N'Name', N'Password', N'Username') AND [object_id] = OBJECT_ID(N'[Users]'))
    SET IDENTITY_INSERT [Users] ON;
INSERT INTO [Users] ([Id], [Admin], [Email], [Name], [Password], [Username])
VALUES (1, CAST(0 AS bit), N'ioanagabor@gmail.com', N'Ioana Gabor', N'1234', N'ioanagabor'),
(2, CAST(0 AS bit), N'carmen2411@gmail.com', N'Pavel Carmen', N'1234', N'pavelcarme'),
(3, CAST(1 AS bit), N'andreeagabor@gmail.com', N'Deea Gabor', N'1234', N'deeagabor');
IF EXISTS (SELECT * FROM [sys].[identity_columns] WHERE [name] IN (N'Id', N'Admin', N'Email', N'Name', N'Password', N'Username') AND [object_id] = OBJECT_ID(N'[Users]'))
    SET IDENTITY_INSERT [Users] OFF;
2023-02-20 11:06:03.4820|INFO|Microsoft.EntityFrameworkCore.Database.Command|Executed DbCommand (4ms) [Parameters=[], CommandType='Text', CommandTimeout='30']
CREATE INDEX [IX_Accounts_UserId] ON [Accounts] ([UserId]);
2023-02-20 11:06:03.5001|INFO|Microsoft.EntityFrameworkCore.Database.Command|Executed DbCommand (8ms) [Parameters=[], CommandType='Text', CommandTimeout='30']
ALTER TABLE [Accounts] ADD CONSTRAINT [FK_Accounts_Users_UserId] FOREIGN KEY ([UserId]) REFERENCES [Users] ([Id]);
2023-02-20 11:06:03.5001|INFO|Microsoft.EntityFrameworkCore.Database.Command|Executed DbCommand (1ms) [Parameters=[], CommandType='Text', CommandTimeout='30']
INSERT INTO [__EFMigrationsHistory] ([MigrationId], [ProductVersion])
VALUES (N'20230206140911_AccountInfoDBAddUsers', N'7.0.2');
2023-02-20 11:06:03.5001|INFO|Microsoft.EntityFrameworkCore.Migrations|Applying migration '20230206151030_AccountInfoDBAddUserIdForAccounts'.
2023-02-20 11:06:03.7225|INFO|Microsoft.EntityFrameworkCore.Database.Command|Executed DbCommand (7ms) [Parameters=[], CommandType='Text', CommandTimeout='30']
ALTER TABLE [Accounts] DROP CONSTRAINT [FK_Accounts_Users_UserId];
2023-02-20 11:06:03.9953|INFO|Microsoft.EntityFrameworkCore.Database.Command|Executed DbCommand (268ms) [Parameters=[], CommandType='Text', CommandTimeout='30']
DROP INDEX [IX_Accounts_UserId] ON [Accounts];
DECLARE @var0 sysname;
SELECT @var0 = [d].[name]
FROM [sys].[default_constraints] [d]
INNER JOIN [sys].[columns] [c] ON [d].[parent_column_id] = [c].[column_id] AND [d].[parent_object_id] = [c].[object_id]
WHERE ([d].[parent_object_id] = OBJECT_ID(N'[Accounts]') AND [c].[name] = N'UserId');
IF @var0 IS NOT NULL EXEC(N'ALTER TABLE [Accounts] DROP CONSTRAINT [' + @var0 + '];');
UPDATE [Accounts] SET [UserId] = 0 WHERE [UserId] IS NULL;
ALTER TABLE [Accounts] ALTER COLUMN [UserId] int NOT NULL;
ALTER TABLE [Accounts] ADD DEFAULT 0 FOR [UserId];
CREATE INDEX [IX_Accounts_UserId] ON [Accounts] ([UserId]);
2023-02-20 11:06:04.0050|INFO|Microsoft.EntityFrameworkCore.Database.Command|Executed DbCommand (5ms) [Parameters=[], CommandType='Text', CommandTimeout='30']
UPDATE [Accounts] SET [UserId] = 1
WHERE [Id] = 1;
SELECT @@ROWCOUNT;
2023-02-20 11:06:04.0050|INFO|Microsoft.EntityFrameworkCore.Database.Command|Executed DbCommand (1ms) [Parameters=[], CommandType='Text', CommandTimeout='30']
UPDATE [Accounts] SET [UserId] = 2
WHERE [Id] = 2;
SELECT @@ROWCOUNT;
2023-02-20 11:06:04.0129|INFO|Microsoft.EntityFrameworkCore.Database.Command|Executed DbCommand (1ms) [Parameters=[], CommandType='Text', CommandTimeout='30']
UPDATE [Accounts] SET [UserId] = 3
WHERE [Id] = 3;
SELECT @@ROWCOUNT;
2023-02-20 11:06:04.0129|INFO|Microsoft.EntityFrameworkCore.Database.Command|Executed DbCommand (5ms) [Parameters=[], CommandType='Text', CommandTimeout='30']
ALTER TABLE [Accounts] ADD CONSTRAINT [FK_Accounts_Users_UserId] FOREIGN KEY ([UserId]) REFERENCES [Users] ([Id]) ON DELETE CASCADE;
2023-02-20 11:06:04.0129|INFO|Microsoft.EntityFrameworkCore.Database.Command|Executed DbCommand (1ms) [Parameters=[], CommandType='Text', CommandTimeout='30']
INSERT INTO [__EFMigrationsHistory] ([MigrationId], [ProductVersion])
VALUES (N'20230206151030_AccountInfoDBAddUserIdForAccounts', N'7.0.2');
2023-02-20 11:06:04.0320|INFO|Microsoft.EntityFrameworkCore.Migrations|Applying migration '20230206151654_AccountInfoDBEditDatabase'.
2023-02-20 11:06:04.1688|INFO|Microsoft.EntityFrameworkCore.Database.Command|Executed DbCommand (28ms) [Parameters=[], CommandType='Text', CommandTimeout='30']
UPDATE [Accounts] SET [Owner] = N'Gabor Ioana'
WHERE [Id] = 1;
SELECT @@ROWCOUNT;
2023-02-20 11:06:04.2064|INFO|Microsoft.EntityFrameworkCore.Database.Command|Executed DbCommand (11ms) [Parameters=[], CommandType='Text', CommandTimeout='30']
UPDATE [Accounts] SET [Owner] = N'Gabor Andreea'
WHERE [Id] = 3;
SELECT @@ROWCOUNT;
2023-02-20 11:06:04.2200|INFO|Microsoft.EntityFrameworkCore.Database.Command|Executed DbCommand (10ms) [Parameters=[], CommandType='Text', CommandTimeout='30']
UPDATE [Users] SET [Name] = N'Gabor Ioana'
WHERE [Id] = 1;
SELECT @@ROWCOUNT;
2023-02-20 11:06:04.2200|INFO|Microsoft.EntityFrameworkCore.Database.Command|Executed DbCommand (3ms) [Parameters=[], CommandType='Text', CommandTimeout='30']
UPDATE [Users] SET [Name] = N'Gabor Andreea'
WHERE [Id] = 3;
SELECT @@ROWCOUNT;
2023-02-20 11:06:04.2477|INFO|Microsoft.EntityFrameworkCore.Database.Command|Executed DbCommand (4ms) [Parameters=[], CommandType='Text', CommandTimeout='30']
INSERT INTO [__EFMigrationsHistory] ([MigrationId], [ProductVersion])
VALUES (N'20230206151654_AccountInfoDBEditDatabase', N'7.0.2');
2023-02-20 11:06:04.2477|INFO|Microsoft.EntityFrameworkCore.Migrations|Applying migration '20230206232605_AccountInfoDBNewEditDatabase'.
2023-02-20 11:06:04.2873|INFO|Microsoft.EntityFrameworkCore.Database.Command|Executed DbCommand (4ms) [Parameters=[], CommandType='Text', CommandTimeout='30']
UPDATE [Users] SET [Username] = N'pavelcarmen'
WHERE [Id] = 2;
SELECT @@ROWCOUNT;
2023-02-20 11:06:04.2873|INFO|Microsoft.EntityFrameworkCore.Database.Command|Executed DbCommand (1ms) [Parameters=[], CommandType='Text', CommandTimeout='30']
INSERT INTO [__EFMigrationsHistory] ([MigrationId], [ProductVersion])
VALUES (N'20230206232605_AccountInfoDBNewEditDatabase', N'7.0.2');
2023-02-20 11:06:04.2979|INFO|Microsoft.EntityFrameworkCore.Migrations|Applying migration '20230207153732_AccountInfoDBAddNewAccounts'.
2023-02-20 11:06:04.3324|INFO|Microsoft.EntityFrameworkCore.Database.Command|Executed DbCommand (5ms) [Parameters=[], CommandType='Text', CommandTimeout='30']
UPDATE [Accounts] SET [Owner] = N'Pavel Carmen', [Sum] = CAST(200 AS real), [UserId] = 2
WHERE [Id] = 3;
SELECT @@ROWCOUNT;
2023-02-20 11:06:04.3832|INFO|Microsoft.EntityFrameworkCore.Database.Command|Executed DbCommand (37ms) [Parameters=[], CommandType='Text', CommandTimeout='30']
IF EXISTS (SELECT * FROM [sys].[identity_columns] WHERE [name] IN (N'Id', N'Owner', N'Sum', N'UserId') AND [object_id] = OBJECT_ID(N'[Accounts]'))
    SET IDENTITY_INSERT [Accounts] ON;
INSERT INTO [Accounts] ([Id], [Owner], [Sum], [UserId])
VALUES (4, N'Gabor Ioana', CAST(2800 AS real), 2);
IF EXISTS (SELECT * FROM [sys].[identity_columns] WHERE [name] IN (N'Id', N'Owner', N'Sum', N'UserId') AND [object_id] = OBJECT_ID(N'[Accounts]'))
    SET IDENTITY_INSERT [Accounts] OFF;
2023-02-20 11:06:04.4417|INFO|Microsoft.EntityFrameworkCore.Database.Command|Executed DbCommand (31ms) [Parameters=[], CommandType='Text', CommandTimeout='30']
IF EXISTS (SELECT * FROM [sys].[identity_columns] WHERE [name] IN (N'Id', N'AccountId', N'DepositSum', N'Name', N'Period') AND [object_id] = OBJECT_ID(N'[Deposits]'))
    SET IDENTITY_INSERT [Deposits] ON;
INSERT INTO [Deposits] ([Id], [AccountId], [DepositSum], [Name], [Period])
VALUES (7, 4, CAST(100 AS real), N'Recurring Deposit', 6),
(8, 4, CAST(12 AS real), N'Savings Deposit', 12);
IF EXISTS (SELECT * FROM [sys].[identity_columns] WHERE [name] IN (N'Id', N'AccountId', N'DepositSum', N'Name', N'Period') AND [object_id] = OBJECT_ID(N'[Deposits]'))
    SET IDENTITY_INSERT [Deposits] OFF;
2023-02-20 11:06:04.4555|INFO|Microsoft.EntityFrameworkCore.Database.Command|Executed DbCommand (6ms) [Parameters=[], CommandType='Text', CommandTimeout='30']
INSERT INTO [__EFMigrationsHistory] ([MigrationId], [ProductVersion])
VALUES (N'20230207153732_AccountInfoDBAddNewAccounts', N'7.0.2');
2023-02-20 11:06:04.4555|INFO|Microsoft.EntityFrameworkCore.Migrations|Applying migration '20230207153902_AccountInfoDBAddNewAccounts2'.
2023-02-20 11:06:04.4881|INFO|Microsoft.EntityFrameworkCore.Database.Command|Executed DbCommand (4ms) [Parameters=[], CommandType='Text', CommandTimeout='30']
UPDATE [Accounts] SET [UserId] = 1
WHERE [Id] = 4;
SELECT @@ROWCOUNT;
2023-02-20 11:06:04.4881|INFO|Microsoft.EntityFrameworkCore.Database.Command|Executed DbCommand (2ms) [Parameters=[], CommandType='Text', CommandTimeout='30']
INSERT INTO [__EFMigrationsHistory] ([MigrationId], [ProductVersion])
VALUES (N'20230207153902_AccountInfoDBAddNewAccounts2', N'7.0.2');
2023-02-20 11:06:04.5013|INFO|Microsoft.EntityFrameworkCore.Migrations|Applying migration '20230207174051_AccountInfoDBAddAttributes'.
2023-02-20 11:06:04.5294|INFO|Microsoft.EntityFrameworkCore.Database.Command|Executed DbCommand (3ms) [Parameters=[], CommandType='Text', CommandTimeout='30']
UPDATE [Users] SET [Password] = N'12345678'
WHERE [Id] = 1;
SELECT @@ROWCOUNT;
2023-02-20 11:06:04.5294|INFO|Microsoft.EntityFrameworkCore.Database.Command|Executed DbCommand (1ms) [Parameters=[], CommandType='Text', CommandTimeout='30']
UPDATE [Users] SET [Password] = N'12345678'
WHERE [Id] = 2;
SELECT @@ROWCOUNT;
2023-02-20 11:06:04.5294|INFO|Microsoft.EntityFrameworkCore.Database.Command|Executed DbCommand (1ms) [Parameters=[], CommandType='Text', CommandTimeout='30']
UPDATE [Users] SET [Password] = N'12345678'
WHERE [Id] = 3;
SELECT @@ROWCOUNT;
2023-02-20 11:06:04.5294|INFO|Microsoft.EntityFrameworkCore.Database.Command|Executed DbCommand (1ms) [Parameters=[], CommandType='Text', CommandTimeout='30']
INSERT INTO [__EFMigrationsHistory] ([MigrationId], [ProductVersion])
VALUES (N'20230207174051_AccountInfoDBAddAttributes', N'7.0.2');
2023-02-20 11:06:04.5489|INFO|Microsoft.EntityFrameworkCore.Migrations|Applying migration '20230210221808_AccountInfoDBModifyAttributes'.
2023-02-20 11:06:04.6253|INFO|Microsoft.EntityFrameworkCore.Database.Command|Executed DbCommand (34ms) [Parameters=[], CommandType='Text', CommandTimeout='30']
DECLARE @var1 sysname;
SELECT @var1 = [d].[name]
FROM [sys].[default_constraints] [d]
INNER JOIN [sys].[columns] [c] ON [d].[parent_column_id] = [c].[column_id] AND [d].[parent_object_id] = [c].[object_id]
WHERE ([d].[parent_object_id] = OBJECT_ID(N'[Users]') AND [c].[name] = N'Password');
IF @var1 IS NOT NULL EXEC(N'ALTER TABLE [Users] DROP CONSTRAINT [' + @var1 + '];');
ALTER TABLE [Users] ALTER COLUMN [Password] nvarchar(100) NOT NULL;
2023-02-20 11:06:04.6253|INFO|Microsoft.EntityFrameworkCore.Database.Command|Executed DbCommand (5ms) [Parameters=[], CommandType='Text', CommandTimeout='30']
UPDATE [Users] SET [Password] = N'ef797c8118f02dfb649607dd5d3f8c7623048c9c063d532cc95c5ed7a898a64f'
WHERE [Id] = 1;
SELECT @@ROWCOUNT;
2023-02-20 11:06:04.6387|INFO|Microsoft.EntityFrameworkCore.Database.Command|Executed DbCommand (2ms) [Parameters=[], CommandType='Text', CommandTimeout='30']
INSERT INTO [__EFMigrationsHistory] ([MigrationId], [ProductVersion])
VALUES (N'20230210221808_AccountInfoDBModifyAttributes', N'7.0.2');
2023-02-20 11:06:04.6387|INFO|Microsoft.EntityFrameworkCore.Migrations|Applying migration '20230210222506_AccountInfoDBModifyAttributesForLogin'.
2023-02-20 11:06:04.6679|INFO|Microsoft.EntityFrameworkCore.Database.Command|Executed DbCommand (1ms) [Parameters=[], CommandType='Text', CommandTimeout='30']
INSERT INTO [__EFMigrationsHistory] ([MigrationId], [ProductVersion])
VALUES (N'20230210222506_AccountInfoDBModifyAttributesForLogin', N'7.0.2');
2023-02-20 11:06:04.6736|INFO|Microsoft.EntityFrameworkCore.Migrations|Applying migration '20230211234950_AccountInfoDBHashLoginRequest'.
2023-02-20 11:06:04.7041|INFO|Microsoft.EntityFrameworkCore.Database.Command|Executed DbCommand (5ms) [Parameters=[], CommandType='Text', CommandTimeout='30']
UPDATE [Users] SET [Password] = N'12345678'
WHERE [Id] = 1;
SELECT @@ROWCOUNT;
2023-02-20 11:06:04.7191|INFO|Microsoft.EntityFrameworkCore.Database.Command|Executed DbCommand (6ms) [Parameters=[], CommandType='Text', CommandTimeout='30']
INSERT INTO [__EFMigrationsHistory] ([MigrationId], [ProductVersion])
VALUES (N'20230211234950_AccountInfoDBHashLoginRequest', N'7.0.2');
2023-02-20 11:06:04.7191|INFO|Microsoft.EntityFrameworkCore.Migrations|Applying migration '20230212155300_AccountInfoDBUserIdAccounts'.
2023-02-20 11:06:04.7464|INFO|Microsoft.EntityFrameworkCore.Database.Command|Executed DbCommand (1ms) [Parameters=[], CommandType='Text', CommandTimeout='30']
INSERT INTO [__EFMigrationsHistory] ([MigrationId], [ProductVersion])
VALUES (N'20230212155300_AccountInfoDBUserIdAccounts', N'7.0.2');
2023-02-20 11:06:04.7464|INFO|Microsoft.EntityFrameworkCore.Migrations|Applying migration '20230215103344_AccountInfoDBUserAdmin'.
2023-02-20 11:06:04.7832|INFO|Microsoft.EntityFrameworkCore.Database.Command|Executed DbCommand (1ms) [Parameters=[], CommandType='Text', CommandTimeout='30']
INSERT INTO [__EFMigrationsHistory] ([MigrationId], [ProductVersion])
VALUES (N'20230215103344_AccountInfoDBUserAdmin', N'7.0.2');
2023-02-20 11:06:04.7832|INFO|Microsoft.EntityFrameworkCore.Migrations|Applying migration '20230215103953_AccountInfoDBModifyData'.
2023-02-20 11:06:04.8120|INFO|Microsoft.EntityFrameworkCore.Database.Command|Executed DbCommand (0ms) [Parameters=[], CommandType='Text', CommandTimeout='30']
UPDATE [Users] SET [Password] = N'ef797c8118f02dfb649607dd5d3f8c7623048c9c063d532cc95c5ed7a898a64f'
WHERE [Id] = 1;
SELECT @@ROWCOUNT;
2023-02-20 11:06:04.8120|INFO|Microsoft.EntityFrameworkCore.Database.Command|Executed DbCommand (1ms) [Parameters=[], CommandType='Text', CommandTimeout='30']
UPDATE [Users] SET [Password] = N'ef797c8118f02dfb649607dd5d3f8c7623048c9c063d532cc95c5ed7a898a64f'
WHERE [Id] = 2;
SELECT @@ROWCOUNT;
2023-02-20 11:06:04.8120|INFO|Microsoft.EntityFrameworkCore.Database.Command|Executed DbCommand (1ms) [Parameters=[], CommandType='Text', CommandTimeout='30']
UPDATE [Users] SET [Password] = N'ef797c8118f02dfb649607dd5d3f8c7623048c9c063d532cc95c5ed7a898a64f'
WHERE [Id] = 3;
SELECT @@ROWCOUNT;
2023-02-20 11:06:04.8250|INFO|Microsoft.EntityFrameworkCore.Database.Command|Executed DbCommand (1ms) [Parameters=[], CommandType='Text', CommandTimeout='30']
INSERT INTO [__EFMigrationsHistory] ([MigrationId], [ProductVersion])
VALUES (N'20230215103953_AccountInfoDBModifyData', N'7.0.2');
2023-02-20 11:06:04.8250|INFO|Microsoft.EntityFrameworkCore.Migrations|Applying migration '20230216141033_AccountInfoDBAddFirstAndLastName'.
2023-02-20 11:06:05.3902|INFO|Microsoft.EntityFrameworkCore.Database.Command|Executed DbCommand (521ms) [Parameters=[], CommandType='Text', CommandTimeout='30']
EXEC sp_rename N'[Users].[Name]', N'LastName', N'COLUMN';
2023-02-20 11:06:05.3902|INFO|Microsoft.EntityFrameworkCore.Database.Command|Executed DbCommand (5ms) [Parameters=[], CommandType='Text', CommandTimeout='30']
ALTER TABLE [Users] ADD [FirstName] nvarchar(50) NOT NULL DEFAULT N'';
2023-02-20 11:06:05.4146|INFO|Microsoft.EntityFrameworkCore.Database.Command|Executed DbCommand (3ms) [Parameters=[], CommandType='Text', CommandTimeout='30']
UPDATE [Users] SET [FirstName] = N'Ioana', [LastName] = N'Gabor'
WHERE [Id] = 1;
SELECT @@ROWCOUNT;
2023-02-20 11:06:05.4368|INFO|Microsoft.EntityFrameworkCore.Database.Command|Executed DbCommand (10ms) [Parameters=[], CommandType='Text', CommandTimeout='30']
UPDATE [Users] SET [FirstName] = N'Carmen', [LastName] = N'Pavel'
WHERE [Id] = 2;
SELECT @@ROWCOUNT;
2023-02-20 11:06:05.4368|INFO|Microsoft.EntityFrameworkCore.Database.Command|Executed DbCommand (1ms) [Parameters=[], CommandType='Text', CommandTimeout='30']
UPDATE [Users] SET [FirstName] = N'Andreea', [LastName] = N'Gabor'
WHERE [Id] = 3;
SELECT @@ROWCOUNT;
2023-02-20 11:06:05.4368|INFO|Microsoft.EntityFrameworkCore.Database.Command|Executed DbCommand (1ms) [Parameters=[], CommandType='Text', CommandTimeout='30']
INSERT INTO [__EFMigrationsHistory] ([MigrationId], [ProductVersion])
VALUES (N'20230216141033_AccountInfoDBAddFirstAndLastName', N'7.0.2');
2023-02-20 11:06:05.4597|INFO|Microsoft.EntityFrameworkCore.Migrations|Applying migration '20230216164620_AccountInfoDBAddFirstAndLastNameForAccounts'.
2023-02-20 11:06:05.4966|INFO|Microsoft.EntityFrameworkCore.Database.Command|Executed DbCommand (2ms) [Parameters=[], CommandType='Text', CommandTimeout='30']
EXEC sp_rename N'[Accounts].[Owner]', N'LastName', N'COLUMN';
2023-02-20 11:06:05.5131|INFO|Microsoft.EntityFrameworkCore.Database.Command|Executed DbCommand (10ms) [Parameters=[], CommandType='Text', CommandTimeout='30']
ALTER TABLE [Accounts] ADD [FirstName] nvarchar(50) NOT NULL DEFAULT N'';
2023-02-20 11:06:05.5292|INFO|Microsoft.EntityFrameworkCore.Database.Command|Executed DbCommand (8ms) [Parameters=[], CommandType='Text', CommandTimeout='30']
UPDATE [Accounts] SET [FirstName] = N'Ioana', [LastName] = N'Gabor'
WHERE [Id] = 1;
SELECT @@ROWCOUNT;
2023-02-20 11:06:05.5466|INFO|Microsoft.EntityFrameworkCore.Database.Command|Executed DbCommand (2ms) [Parameters=[], CommandType='Text', CommandTimeout='30']
UPDATE [Accounts] SET [FirstName] = N'Carmen', [LastName] = N'Pavel'
WHERE [Id] = 2;
SELECT @@ROWCOUNT;
2023-02-20 11:06:05.5679|INFO|Microsoft.EntityFrameworkCore.Database.Command|Executed DbCommand (8ms) [Parameters=[], CommandType='Text', CommandTimeout='30']
UPDATE [Accounts] SET [FirstName] = N'Carmen', [LastName] = N'Pavel'
WHERE [Id] = 3;
SELECT @@ROWCOUNT;
2023-02-20 11:06:05.5845|INFO|Microsoft.EntityFrameworkCore.Database.Command|Executed DbCommand (3ms) [Parameters=[], CommandType='Text', CommandTimeout='30']
UPDATE [Accounts] SET [FirstName] = N'Ioana', [LastName] = N'Gabor'
WHERE [Id] = 4;
SELECT @@ROWCOUNT;
2023-02-20 11:06:05.6048|INFO|Microsoft.EntityFrameworkCore.Database.Command|Executed DbCommand (2ms) [Parameters=[], CommandType='Text', CommandTimeout='30']
INSERT INTO [__EFMigrationsHistory] ([MigrationId], [ProductVersion])
VALUES (N'20230216164620_AccountInfoDBAddFirstAndLastNameForAccounts', N'7.0.2');
2023-02-20 11:06:06.3775|INFO|Microsoft.AspNetCore.DataProtection.KeyManagement.XmlKeyManager|User profile is available. Using 'C:\Users\z004pj3h\AppData\Local\ASP.NET\DataProtection-Keys' as key repository and Windows DPAPI to encrypt keys at rest.
2023-02-20 11:06:09.2954|INFO|Microsoft.AspNetCore.Hosting.Diagnostics|Request starting HTTP/2 GET https://localhost:57658/ - -
2023-02-20 11:06:09.8357|INFO|Microsoft.AspNetCore.Hosting.Diagnostics|Request finished HTTP/2 GET https://localhost:57658/ - - - 404 0 - 488.3806ms
