2023-02-10 20:43:06.4756|INFO|Bank.API.Program|Initializing application...
2023-02-10 20:43:15.7648|INFO|Microsoft.EntityFrameworkCore.Database.Command|Executed DbCommand (50ms) [Parameters=[], CommandType='Text', CommandTimeout='30']
SELECT 1
2023-02-10 20:43:15.9136|INFO|Microsoft.EntityFrameworkCore.Database.Command|Executed DbCommand (5ms) [Parameters=[], CommandType='Text', CommandTimeout='60']
IF SERVERPROPERTY('EngineEdition') <> 5
BEGIN
    ALTER DATABASE [AccountInfoDB] SET SINGLE_USER WITH ROLLBACK IMMEDIATE;
END;
2023-02-10 20:43:15.9479|INFO|Microsoft.EntityFrameworkCore.Database.Command|Executed DbCommand (32ms) [Parameters=[], CommandType='Text', CommandTimeout='60']
DROP DATABASE [AccountInfoDB];
2023-02-10 20:43:16.5424|INFO|Microsoft.EntityFrameworkCore.Database.Command|Executed DbCommand (447ms) [Parameters=[], CommandType='Text', CommandTimeout='60']
CREATE DATABASE [AccountInfoDB];
2023-02-10 20:43:16.6129|INFO|Microsoft.EntityFrameworkCore.Database.Command|Executed DbCommand (68ms) [Parameters=[], CommandType='Text', CommandTimeout='60']
IF SERVERPROPERTY('EngineEdition') <> 5
BEGIN
    ALTER DATABASE [AccountInfoDB] SET READ_COMMITTED_SNAPSHOT ON;
END;
2023-02-10 20:43:16.6378|INFO|Microsoft.EntityFrameworkCore.Database.Command|Executed DbCommand (1ms) [Parameters=[], CommandType='Text', CommandTimeout='30']
SELECT 1
2023-02-10 20:43:16.7946|INFO|Microsoft.EntityFrameworkCore.Database.Command|Executed DbCommand (8ms) [Parameters=[], CommandType='Text', CommandTimeout='30']
CREATE TABLE [__EFMigrationsHistory] (
    [MigrationId] nvarchar(150) NOT NULL,
    [ProductVersion] nvarchar(32) NOT NULL,
    CONSTRAINT [PK___EFMigrationsHistory] PRIMARY KEY ([MigrationId])
);
2023-02-10 20:43:16.7986|INFO|Microsoft.EntityFrameworkCore.Database.Command|Executed DbCommand (0ms) [Parameters=[], CommandType='Text', CommandTimeout='30']
SELECT 1
2023-02-10 20:43:16.8543|INFO|Microsoft.EntityFrameworkCore.Database.Command|Executed DbCommand (41ms) [Parameters=[], CommandType='Text', CommandTimeout='30']
SELECT OBJECT_ID(N'[__EFMigrationsHistory]');
2023-02-10 20:43:16.8714|INFO|Microsoft.EntityFrameworkCore.Database.Command|Executed DbCommand (7ms) [Parameters=[], CommandType='Text', CommandTimeout='30']
SELECT [MigrationId], [ProductVersion]
FROM [__EFMigrationsHistory]
ORDER BY [MigrationId];
2023-02-10 20:43:16.9086|INFO|Microsoft.EntityFrameworkCore.Migrations|Applying migration '20230112122455_AccountInfoDBInitialMigration'.
2023-02-10 20:43:17.0184|INFO|Microsoft.EntityFrameworkCore.Database.Command|Executed DbCommand (2ms) [Parameters=[], CommandType='Text', CommandTimeout='30']
CREATE TABLE [Accounts] (
    [Id] int NOT NULL IDENTITY,
    [Owner] nvarchar(50) NOT NULL,
    [Sum] real NOT NULL,
    CONSTRAINT [PK_Accounts] PRIMARY KEY ([Id])
);
2023-02-10 20:43:17.0184|INFO|Microsoft.EntityFrameworkCore.Database.Command|Executed DbCommand (2ms) [Parameters=[], CommandType='Text', CommandTimeout='30']
CREATE TABLE [Deposits] (
    [Id] int NOT NULL IDENTITY,
    [Name] nvarchar(50) NOT NULL,
    [Period] int NOT NULL,
    [DepositSum] real NOT NULL,
    [AccountId] int NOT NULL,
    CONSTRAINT [PK_Deposits] PRIMARY KEY ([Id]),
    CONSTRAINT [FK_Deposits_Accounts_AccountId] FOREIGN KEY ([AccountId]) REFERENCES [Accounts] ([Id]) ON DELETE CASCADE
);
2023-02-10 20:43:17.0912|INFO|Microsoft.EntityFrameworkCore.Database.Command|Executed DbCommand (65ms) [Parameters=[], CommandType='Text', CommandTimeout='30']
IF EXISTS (SELECT * FROM [sys].[identity_columns] WHERE [name] IN (N'Id', N'Owner', N'Sum') AND [object_id] = OBJECT_ID(N'[Accounts]'))
    SET IDENTITY_INSERT [Accounts] ON;
INSERT INTO [Accounts] ([Id], [Owner], [Sum])
VALUES (1, N'Gabor Andreea', CAST(2500 AS real)),
(2, N'Pavel Carmen', CAST(3200 AS real)),
(3, N'Wolf Lorena', CAST(2800 AS real));
IF EXISTS (SELECT * FROM [sys].[identity_columns] WHERE [name] IN (N'Id', N'Owner', N'Sum') AND [object_id] = OBJECT_ID(N'[Accounts]'))
    SET IDENTITY_INSERT [Accounts] OFF;
2023-02-10 20:43:17.1124|INFO|Microsoft.EntityFrameworkCore.Database.Command|Executed DbCommand (19ms) [Parameters=[], CommandType='Text', CommandTimeout='30']
IF EXISTS (SELECT * FROM [sys].[identity_columns] WHERE [name] IN (N'Id', N'AccountId', N'DepositSum', N'Name', N'Period') AND [object_id] = OBJECT_ID(N'[Deposits]'))
    SET IDENTITY_INSERT [Deposits] ON;
INSERT INTO [Deposits] ([Id], [AccountId], [DepositSum], [Name], [Period])
VALUES (1, 1, CAST(2000 AS real), N'Savings Deposit', 1),
(2, 1, CAST(500 AS real), N'Fixed Deposit', 12),
(3, 2, CAST(2200 AS real), N'Fixed Deposit', 6),
(4, 2, CAST(1000 AS real), N'Recurring Deposit', 1),
(5, 3, CAST(1200 AS real), N'Savings Deposit', 12),
(6, 3, CAST(1600 AS real), N'Current Deposit', 6);
IF EXISTS (SELECT * FROM [sys].[identity_columns] WHERE [name] IN (N'Id', N'AccountId', N'DepositSum', N'Name', N'Period') AND [object_id] = OBJECT_ID(N'[Deposits]'))
    SET IDENTITY_INSERT [Deposits] OFF;
2023-02-10 20:43:17.1124|INFO|Microsoft.EntityFrameworkCore.Database.Command|Executed DbCommand (5ms) [Parameters=[], CommandType='Text', CommandTimeout='30']
CREATE INDEX [IX_Deposits_AccountId] ON [Deposits] ([AccountId]);
2023-02-10 20:43:17.1238|INFO|Microsoft.EntityFrameworkCore.Database.Command|Executed DbCommand (1ms) [Parameters=[], CommandType='Text', CommandTimeout='30']
INSERT INTO [__EFMigrationsHistory] ([MigrationId], [ProductVersion])
VALUES (N'20230112122455_AccountInfoDBInitialMigration', N'7.0.2');
2023-02-10 20:43:17.1430|INFO|Microsoft.EntityFrameworkCore.Migrations|Applying migration '20230206140911_AccountInfoDBAddUsers'.
2023-02-10 20:43:17.1981|INFO|Microsoft.EntityFrameworkCore.Database.Command|Executed DbCommand (2ms) [Parameters=[], CommandType='Text', CommandTimeout='30']
ALTER TABLE [Accounts] ADD [UserId] int NULL;
2023-02-10 20:43:17.2035|INFO|Microsoft.EntityFrameworkCore.Database.Command|Executed DbCommand (3ms) [Parameters=[], CommandType='Text', CommandTimeout='30']
CREATE TABLE [Users] (
    [Id] int NOT NULL IDENTITY,
    [Name] nvarchar(50) NOT NULL,
    [Email] nvarchar(max) NOT NULL,
    [Username] nvarchar(50) NOT NULL,
    [Password] nvarchar(50) NOT NULL,
    [Admin] bit NOT NULL,
    CONSTRAINT [PK_Users] PRIMARY KEY ([Id])
);
2023-02-10 20:43:17.2035|INFO|Microsoft.EntityFrameworkCore.Database.Command|Executed DbCommand (3ms) [Parameters=[], CommandType='Text', CommandTimeout='30']
UPDATE [Accounts] SET [UserId] = NULL
WHERE [Id] = 1;
SELECT @@ROWCOUNT;
2023-02-10 20:43:17.2035|INFO|Microsoft.EntityFrameworkCore.Database.Command|Executed DbCommand (3ms) [Parameters=[], CommandType='Text', CommandTimeout='30']
UPDATE [Accounts] SET [UserId] = NULL
WHERE [Id] = 2;
SELECT @@ROWCOUNT;
2023-02-10 20:43:17.2218|INFO|Microsoft.EntityFrameworkCore.Database.Command|Executed DbCommand (1ms) [Parameters=[], CommandType='Text', CommandTimeout='30']
UPDATE [Accounts] SET [UserId] = NULL
WHERE [Id] = 3;
SELECT @@ROWCOUNT;
2023-02-10 20:43:17.2443|INFO|Microsoft.EntityFrameworkCore.Database.Command|Executed DbCommand (20ms) [Parameters=[], CommandType='Text', CommandTimeout='30']
IF EXISTS (SELECT * FROM [sys].[identity_columns] WHERE [name] IN (N'Id', N'Admin', N'Email', N'Name', N'Password', N'Username') AND [object_id] = OBJECT_ID(N'[Users]'))
    SET IDENTITY_INSERT [Users] ON;
INSERT INTO [Users] ([Id], [Admin], [Email], [Name], [Password], [Username])
VALUES (1, CAST(0 AS bit), N'ioanagabor@gmail.com', N'Ioana Gabor', N'1234', N'ioanagabor'),
(2, CAST(0 AS bit), N'carmen2411@gmail.com', N'Pavel Carmen', N'1234', N'pavelcarme'),
(3, CAST(1 AS bit), N'andreeagabor@gmail.com', N'Deea Gabor', N'1234', N'deeagabor');
IF EXISTS (SELECT * FROM [sys].[identity_columns] WHERE [name] IN (N'Id', N'Admin', N'Email', N'Name', N'Password', N'Username') AND [object_id] = OBJECT_ID(N'[Users]'))
    SET IDENTITY_INSERT [Users] OFF;
2023-02-10 20:43:17.2498|INFO|Microsoft.EntityFrameworkCore.Database.Command|Executed DbCommand (3ms) [Parameters=[], CommandType='Text', CommandTimeout='30']
CREATE INDEX [IX_Accounts_UserId] ON [Accounts] ([UserId]);
2023-02-10 20:43:17.2498|INFO|Microsoft.EntityFrameworkCore.Database.Command|Executed DbCommand (5ms) [Parameters=[], CommandType='Text', CommandTimeout='30']
ALTER TABLE [Accounts] ADD CONSTRAINT [FK_Accounts_Users_UserId] FOREIGN KEY ([UserId]) REFERENCES [Users] ([Id]);
2023-02-10 20:43:17.2498|INFO|Microsoft.EntityFrameworkCore.Database.Command|Executed DbCommand (0ms) [Parameters=[], CommandType='Text', CommandTimeout='30']
INSERT INTO [__EFMigrationsHistory] ([MigrationId], [ProductVersion])
VALUES (N'20230206140911_AccountInfoDBAddUsers', N'7.0.2');
2023-02-10 20:43:17.2636|INFO|Microsoft.EntityFrameworkCore.Migrations|Applying migration '20230206151030_AccountInfoDBAddUserIdForAccounts'.
2023-02-10 20:43:17.3322|INFO|Microsoft.EntityFrameworkCore.Database.Command|Executed DbCommand (4ms) [Parameters=[], CommandType='Text', CommandTimeout='30']
ALTER TABLE [Accounts] DROP CONSTRAINT [FK_Accounts_Users_UserId];
2023-02-10 20:43:17.4181|INFO|Microsoft.EntityFrameworkCore.Database.Command|Executed DbCommand (84ms) [Parameters=[], CommandType='Text', CommandTimeout='30']
DROP INDEX [IX_Accounts_UserId] ON [Accounts];
DECLARE @var0 sysname;
SELECT @var0 = [d].[name]
FROM [sys].[default_constraints] [d]
INNER JOIN [sys].[columns] [c] ON [d].[parent_column_id] = [c].[column_id] AND [d].[parent_object_id] = [c].[object_id]
WHERE ([d].[parent_object_id] = OBJECT_ID(N'[Accounts]') AND [c].[name] = N'UserId');
IF @var0 IS NOT NULL EXEC(N'ALTER TABLE [Accounts] DROP CONSTRAINT [' + @var0 + '];');
UPDATE [Accounts] SET [UserId] = 0 WHERE [UserId] IS NULL;
ALTER TABLE [Accounts] ALTER COLUMN [UserId] int NOT NULL;
ALTER TABLE [Accounts] ADD DEFAULT 0 FOR [UserId];
CREATE INDEX [IX_Accounts_UserId] ON [Accounts] ([UserId]);
2023-02-10 20:43:17.4223|INFO|Microsoft.EntityFrameworkCore.Database.Command|Executed DbCommand (2ms) [Parameters=[], CommandType='Text', CommandTimeout='30']
UPDATE [Accounts] SET [UserId] = 1
WHERE [Id] = 1;
SELECT @@ROWCOUNT;
2023-02-10 20:43:17.4223|INFO|Microsoft.EntityFrameworkCore.Database.Command|Executed DbCommand (0ms) [Parameters=[], CommandType='Text', CommandTimeout='30']
UPDATE [Accounts] SET [UserId] = 2
WHERE [Id] = 2;
SELECT @@ROWCOUNT;
2023-02-10 20:43:17.4223|INFO|Microsoft.EntityFrameworkCore.Database.Command|Executed DbCommand (0ms) [Parameters=[], CommandType='Text', CommandTimeout='30']
UPDATE [Accounts] SET [UserId] = 3
WHERE [Id] = 3;
SELECT @@ROWCOUNT;
2023-02-10 20:43:17.4223|INFO|Microsoft.EntityFrameworkCore.Database.Command|Executed DbCommand (2ms) [Parameters=[], CommandType='Text', CommandTimeout='30']
ALTER TABLE [Accounts] ADD CONSTRAINT [FK_Accounts_Users_UserId] FOREIGN KEY ([UserId]) REFERENCES [Users] ([Id]) ON DELETE CASCADE;
2023-02-10 20:43:17.4223|INFO|Microsoft.EntityFrameworkCore.Database.Command|Executed DbCommand (0ms) [Parameters=[], CommandType='Text', CommandTimeout='30']
INSERT INTO [__EFMigrationsHistory] ([MigrationId], [ProductVersion])
VALUES (N'20230206151030_AccountInfoDBAddUserIdForAccounts', N'7.0.2');
2023-02-10 20:43:17.4376|INFO|Microsoft.EntityFrameworkCore.Migrations|Applying migration '20230206151654_AccountInfoDBEditDatabase'.
2023-02-10 20:43:17.4534|INFO|Microsoft.EntityFrameworkCore.Database.Command|Executed DbCommand (1ms) [Parameters=[], CommandType='Text', CommandTimeout='30']
UPDATE [Accounts] SET [Owner] = N'Gabor Ioana'
WHERE [Id] = 1;
SELECT @@ROWCOUNT;
2023-02-10 20:43:17.4534|INFO|Microsoft.EntityFrameworkCore.Database.Command|Executed DbCommand (1ms) [Parameters=[], CommandType='Text', CommandTimeout='30']
UPDATE [Accounts] SET [Owner] = N'Gabor Andreea'
WHERE [Id] = 3;
SELECT @@ROWCOUNT;
2023-02-10 20:43:17.4534|INFO|Microsoft.EntityFrameworkCore.Database.Command|Executed DbCommand (2ms) [Parameters=[], CommandType='Text', CommandTimeout='30']
UPDATE [Users] SET [Name] = N'Gabor Ioana'
WHERE [Id] = 1;
SELECT @@ROWCOUNT;
2023-02-10 20:43:17.4534|INFO|Microsoft.EntityFrameworkCore.Database.Command|Executed DbCommand (1ms) [Parameters=[], CommandType='Text', CommandTimeout='30']
UPDATE [Users] SET [Name] = N'Gabor Andreea'
WHERE [Id] = 3;
SELECT @@ROWCOUNT;
2023-02-10 20:43:17.4534|INFO|Microsoft.EntityFrameworkCore.Database.Command|Executed DbCommand (0ms) [Parameters=[], CommandType='Text', CommandTimeout='30']
INSERT INTO [__EFMigrationsHistory] ([MigrationId], [ProductVersion])
VALUES (N'20230206151654_AccountInfoDBEditDatabase', N'7.0.2');
2023-02-10 20:43:17.4688|INFO|Microsoft.EntityFrameworkCore.Migrations|Applying migration '20230206232605_AccountInfoDBNewEditDatabase'.
2023-02-10 20:43:17.4855|INFO|Microsoft.EntityFrameworkCore.Database.Command|Executed DbCommand (1ms) [Parameters=[], CommandType='Text', CommandTimeout='30']
UPDATE [Users] SET [Username] = N'pavelcarmen'
WHERE [Id] = 2;
SELECT @@ROWCOUNT;
2023-02-10 20:43:17.4855|INFO|Microsoft.EntityFrameworkCore.Database.Command|Executed DbCommand (1ms) [Parameters=[], CommandType='Text', CommandTimeout='30']
INSERT INTO [__EFMigrationsHistory] ([MigrationId], [ProductVersion])
VALUES (N'20230206232605_AccountInfoDBNewEditDatabase', N'7.0.2');
2023-02-10 20:43:17.4855|INFO|Microsoft.EntityFrameworkCore.Migrations|Applying migration '20230207153732_AccountInfoDBAddNewAccounts'.
2023-02-10 20:43:17.5276|INFO|Microsoft.EntityFrameworkCore.Database.Command|Executed DbCommand (2ms) [Parameters=[], CommandType='Text', CommandTimeout='30']
UPDATE [Accounts] SET [Owner] = N'Pavel Carmen', [Sum] = CAST(200 AS real), [UserId] = 2
WHERE [Id] = 3;
SELECT @@ROWCOUNT;
2023-02-10 20:43:17.5426|INFO|Microsoft.EntityFrameworkCore.Database.Command|Executed DbCommand (13ms) [Parameters=[], CommandType='Text', CommandTimeout='30']
IF EXISTS (SELECT * FROM [sys].[identity_columns] WHERE [name] IN (N'Id', N'Owner', N'Sum', N'UserId') AND [object_id] = OBJECT_ID(N'[Accounts]'))
    SET IDENTITY_INSERT [Accounts] ON;
INSERT INTO [Accounts] ([Id], [Owner], [Sum], [UserId])
VALUES (4, N'Gabor Ioana', CAST(2800 AS real), 2);
IF EXISTS (SELECT * FROM [sys].[identity_columns] WHERE [name] IN (N'Id', N'Owner', N'Sum', N'UserId') AND [object_id] = OBJECT_ID(N'[Accounts]'))
    SET IDENTITY_INSERT [Accounts] OFF;
2023-02-10 20:43:17.5584|INFO|Microsoft.EntityFrameworkCore.Database.Command|Executed DbCommand (13ms) [Parameters=[], CommandType='Text', CommandTimeout='30']
IF EXISTS (SELECT * FROM [sys].[identity_columns] WHERE [name] IN (N'Id', N'AccountId', N'DepositSum', N'Name', N'Period') AND [object_id] = OBJECT_ID(N'[Deposits]'))
    SET IDENTITY_INSERT [Deposits] ON;
INSERT INTO [Deposits] ([Id], [AccountId], [DepositSum], [Name], [Period])
VALUES (7, 4, CAST(100 AS real), N'Recurring Deposit', 6),
(8, 4, CAST(12 AS real), N'Savings Deposit', 12);
IF EXISTS (SELECT * FROM [sys].[identity_columns] WHERE [name] IN (N'Id', N'AccountId', N'DepositSum', N'Name', N'Period') AND [object_id] = OBJECT_ID(N'[Deposits]'))
    SET IDENTITY_INSERT [Deposits] OFF;
2023-02-10 20:43:17.5626|INFO|Microsoft.EntityFrameworkCore.Database.Command|Executed DbCommand (1ms) [Parameters=[], CommandType='Text', CommandTimeout='30']
INSERT INTO [__EFMigrationsHistory] ([MigrationId], [ProductVersion])
VALUES (N'20230207153732_AccountInfoDBAddNewAccounts', N'7.0.2');
2023-02-10 20:43:17.5626|INFO|Microsoft.EntityFrameworkCore.Migrations|Applying migration '20230207153902_AccountInfoDBAddNewAccounts2'.
2023-02-10 20:43:17.5831|INFO|Microsoft.EntityFrameworkCore.Database.Command|Executed DbCommand (2ms) [Parameters=[], CommandType='Text', CommandTimeout='30']
UPDATE [Accounts] SET [UserId] = 1
WHERE [Id] = 4;
SELECT @@ROWCOUNT;
2023-02-10 20:43:17.5831|INFO|Microsoft.EntityFrameworkCore.Database.Command|Executed DbCommand (0ms) [Parameters=[], CommandType='Text', CommandTimeout='30']
INSERT INTO [__EFMigrationsHistory] ([MigrationId], [ProductVersion])
VALUES (N'20230207153902_AccountInfoDBAddNewAccounts2', N'7.0.2');
2023-02-10 20:43:17.5831|INFO|Microsoft.EntityFrameworkCore.Migrations|Applying migration '20230207174051_AccountInfoDBAddAttributes'.
2023-02-10 20:43:17.6136|INFO|Microsoft.EntityFrameworkCore.Database.Command|Executed DbCommand (2ms) [Parameters=[], CommandType='Text', CommandTimeout='30']
UPDATE [Users] SET [Password] = N'12345678'
WHERE [Id] = 1;
SELECT @@ROWCOUNT;
2023-02-10 20:43:17.6136|INFO|Microsoft.EntityFrameworkCore.Database.Command|Executed DbCommand (1ms) [Parameters=[], CommandType='Text', CommandTimeout='30']
UPDATE [Users] SET [Password] = N'12345678'
WHERE [Id] = 2;
SELECT @@ROWCOUNT;
2023-02-10 20:43:17.6136|INFO|Microsoft.EntityFrameworkCore.Database.Command|Executed DbCommand (1ms) [Parameters=[], CommandType='Text', CommandTimeout='30']
UPDATE [Users] SET [Password] = N'12345678'
WHERE [Id] = 3;
SELECT @@ROWCOUNT;
2023-02-10 20:43:17.6136|INFO|Microsoft.EntityFrameworkCore.Database.Command|Executed DbCommand (0ms) [Parameters=[], CommandType='Text', CommandTimeout='30']
INSERT INTO [__EFMigrationsHistory] ([MigrationId], [ProductVersion])
VALUES (N'20230207174051_AccountInfoDBAddAttributes', N'7.0.2');
2023-02-10 20:43:18.0365|INFO|Microsoft.AspNetCore.DataProtection.KeyManagement.XmlKeyManager|User profile is available. Using 'C:\Users\z004pj3h\AppData\Local\ASP.NET\DataProtection-Keys' as key repository and Windows DPAPI to encrypt keys at rest.
2023-02-10 20:43:19.4973|INFO|Microsoft.AspNetCore.Hosting.Diagnostics|Request starting HTTP/2 GET https://localhost:57658/ - -
2023-02-10 20:43:19.7087|INFO|Microsoft.AspNetCore.Hosting.Diagnostics|Request finished HTTP/2 GET https://localhost:57658/ - - - 404 0 - 210.0332ms
2023-02-10 20:44:16.6619|INFO|Microsoft.AspNetCore.Hosting.Diagnostics|Request starting HTTP/1.1 GET https://localhost:57658/api/users application/json 139
2023-02-10 20:44:16.6704|INFO|Microsoft.AspNetCore.Routing.EndpointMiddleware|Executing endpoint 'Bank.API.Controllers.UsersController.GetUsers (Bank.API)'
2023-02-10 20:44:16.7139|INFO|Microsoft.AspNetCore.Mvc.Infrastructure.ControllerActionInvoker|Route matched with {action = "GetUsers", controller = "Users"}. Executing controller action with signature Microsoft.AspNetCore.Mvc.IActionResult GetUsers() on controller Bank.API.Controllers.UsersController (Bank.API).
2023-02-10 20:44:17.4688|INFO|Microsoft.EntityFrameworkCore.Database.Command|Executed DbCommand (1ms) [Parameters=[], CommandType='Text', CommandTimeout='30']
SELECT [u].[Id], [u].[Admin], [u].[Email], [u].[Name], [u].[Password], [u].[Username]
FROM [Users] AS [u]
2023-02-10 20:44:17.5734|INFO|Microsoft.AspNetCore.Mvc.Infrastructure.ObjectResultExecutor|Executing OkObjectResult, writing value of type 'System.Collections.Generic.List`1[[Bank.API.Data.Models.UserWithoutAccountsDTO, Bank.API, Version=1.0.0.0, Culture=neutral, PublicKeyToken=null]]'.
2023-02-10 20:44:17.8360|INFO|Microsoft.AspNetCore.Mvc.Infrastructure.ControllerActionInvoker|Executed action Bank.API.Controllers.UsersController.GetUsers (Bank.API) in 1085.689ms
2023-02-10 20:44:17.8541|INFO|Microsoft.AspNetCore.Routing.EndpointMiddleware|Executed endpoint 'Bank.API.Controllers.UsersController.GetUsers (Bank.API)'
2023-02-10 20:44:17.8956|INFO|Microsoft.AspNetCore.Hosting.Diagnostics|Request finished HTTP/1.1 GET https://localhost:57658/api/users application/json 139 - 200 368 application/json;+charset=utf-8 1221.9884ms
2023-02-10 20:45:18.1724|INFO|Microsoft.AspNetCore.Hosting.Diagnostics|Request starting HTTP/1.1 POST https://localhost:57658/api/users application/json 139
2023-02-10 20:45:18.1724|INFO|Microsoft.AspNetCore.Routing.EndpointMiddleware|Executing endpoint 'Bank.API.Controllers.UsersController.CreateUser (Bank.API)'
2023-02-10 20:45:18.1963|INFO|Microsoft.AspNetCore.Mvc.Infrastructure.ControllerActionInvoker|Route matched with {action = "CreateUser", controller = "Users"}. Executing controller action with signature Microsoft.AspNetCore.Mvc.IActionResult CreateUser(Bank.API.Data.Models.UserCreationDTO) on controller Bank.API.Controllers.UsersController (Bank.API).
2023-02-10 20:45:18.7130|INFO|Microsoft.EntityFrameworkCore.Database.Command|Executed DbCommand (97ms) [Parameters=[@p0='?' (DbType = Boolean), @p1='?' (Size = 4000), @p2='?' (Size = 50), @p3='?' (Size = 4000), @p4='?' (Size = 50)], CommandType='Text', CommandTimeout='30']
SET IMPLICIT_TRANSACTIONS OFF;
SET NOCOUNT ON;
INSERT INTO [Users] ([Admin], [Email], [Name], [Password], [Username])
OUTPUT INSERTED.[Id]
VALUES (@p0, @p1, @p2, @p3, @p4);
2023-02-10 20:45:18.8310|ERROR|Microsoft.EntityFrameworkCore.Update|An exception occurred in the database while saving changes for context type 'Bank.API.Data.AccountInfoContext'.
Microsoft.EntityFrameworkCore.DbUpdateException: An error occurred while saving the entity changes. See the inner exception for details.
 ---> Microsoft.Data.SqlClient.SqlException (0x80131904): String or binary data would be truncated in table 'AccountInfoDB.dbo.Users', column 'Password'. Truncated value: 'AB340849405448FD62A98B707BF76BBA174E56A96E73F6364D'.
   at Microsoft.Data.SqlClient.SqlConnection.OnError(SqlException exception, Boolean breakConnection, Action`1 wrapCloseInAction)
   at Microsoft.Data.SqlClient.TdsParser.ThrowExceptionAndWarning(TdsParserStateObject stateObj, Boolean callerHasConnectionLock, Boolean asyncClose)
   at Microsoft.Data.SqlClient.TdsParser.TryRun(RunBehavior runBehavior, SqlCommand cmdHandler, SqlDataReader dataStream, BulkCopySimpleResultSet bulkCopyHandler, TdsParserStateObject stateObj, Boolean& dataReady)
   at Microsoft.Data.SqlClient.SqlDataReader.TryHasMoreRows(Boolean& moreRows)
   at Microsoft.Data.SqlClient.SqlDataReader.TryReadInternal(Boolean setTimeout, Boolean& more)
   at Microsoft.Data.SqlClient.SqlDataReader.Read()
   at Microsoft.EntityFrameworkCore.Update.AffectedCountModificationCommandBatch.ConsumeResultSet(Int32 startCommandIndex, RelationalDataReader reader)
   at Microsoft.EntityFrameworkCore.Update.AffectedCountModificationCommandBatch.Consume(RelationalDataReader reader)
ClientConnectionId:0f3cecf3-ce58-464d-aff8-ff66eb013c62
Error Number:2628,State:1,Class:16
   --- End of inner exception stack trace ---
   at Microsoft.EntityFrameworkCore.Update.AffectedCountModificationCommandBatch.Consume(RelationalDataReader reader)
   at Microsoft.EntityFrameworkCore.Update.ReaderModificationCommandBatch.Execute(IRelationalConnection connection)
   at Microsoft.EntityFrameworkCore.SqlServer.Update.Internal.SqlServerModificationCommandBatch.Execute(IRelationalConnection connection)
   at Microsoft.EntityFrameworkCore.Update.Internal.BatchExecutor.Execute(IEnumerable`1 commandBatches, IRelationalConnection connection)
   at Microsoft.EntityFrameworkCore.ChangeTracking.Internal.StateManager.SaveChanges(IList`1 entriesToSave)
   at Microsoft.EntityFrameworkCore.ChangeTracking.Internal.StateManager.SaveChanges(StateManager stateManager, Boolean acceptAllChangesOnSuccess)
   at Microsoft.EntityFrameworkCore.SqlServer.Storage.Internal.SqlServerExecutionStrategy.Execute[TState,TResult](TState state, Func`3 operation, Func`3 verifySucceeded)
   at Microsoft.EntityFrameworkCore.ChangeTracking.Internal.StateManager.SaveChanges(Boolean acceptAllChangesOnSuccess)
   at Microsoft.EntityFrameworkCore.DbContext.SaveChanges(Boolean acceptAllChangesOnSuccess)|Microsoft.EntityFrameworkCore.DbUpdateException: An error occurred while saving the entity changes. See the inner exception for details.
 ---> Microsoft.Data.SqlClient.SqlException (0x80131904): String or binary data would be truncated in table 'AccountInfoDB.dbo.Users', column 'Password'. Truncated value: 'AB340849405448FD62A98B707BF76BBA174E56A96E73F6364D'.
   at Microsoft.Data.SqlClient.SqlConnection.OnError(SqlException exception, Boolean breakConnection, Action`1 wrapCloseInAction)
   at Microsoft.Data.SqlClient.TdsParser.ThrowExceptionAndWarning(TdsParserStateObject stateObj, Boolean callerHasConnectionLock, Boolean asyncClose)
   at Microsoft.Data.SqlClient.TdsParser.TryRun(RunBehavior runBehavior, SqlCommand cmdHandler, SqlDataReader dataStream, BulkCopySimpleResultSet bulkCopyHandler, TdsParserStateObject stateObj, Boolean& dataReady)
   at Microsoft.Data.SqlClient.SqlDataReader.TryHasMoreRows(Boolean& moreRows)
   at Microsoft.Data.SqlClient.SqlDataReader.TryReadInternal(Boolean setTimeout, Boolean& more)
   at Microsoft.Data.SqlClient.SqlDataReader.Read()
   at Microsoft.EntityFrameworkCore.Update.AffectedCountModificationCommandBatch.ConsumeResultSet(Int32 startCommandIndex, RelationalDataReader reader)
   at Microsoft.EntityFrameworkCore.Update.AffectedCountModificationCommandBatch.Consume(RelationalDataReader reader)
ClientConnectionId:0f3cecf3-ce58-464d-aff8-ff66eb013c62
Error Number:2628,State:1,Class:16
   --- End of inner exception stack trace ---
   at Microsoft.EntityFrameworkCore.Update.AffectedCountModificationCommandBatch.Consume(RelationalDataReader reader)
   at Microsoft.EntityFrameworkCore.Update.ReaderModificationCommandBatch.Execute(IRelationalConnection connection)
   at Microsoft.EntityFrameworkCore.SqlServer.Update.Internal.SqlServerModificationCommandBatch.Execute(IRelationalConnection connection)
   at Microsoft.EntityFrameworkCore.Update.Internal.BatchExecutor.Execute(IEnumerable`1 commandBatches, IRelationalConnection connection)
   at Microsoft.EntityFrameworkCore.ChangeTracking.Internal.StateManager.SaveChanges(IList`1 entriesToSave)
   at Microsoft.EntityFrameworkCore.ChangeTracking.Internal.StateManager.SaveChanges(StateManager stateManager, Boolean acceptAllChangesOnSuccess)
   at Microsoft.EntityFrameworkCore.SqlServer.Storage.Internal.SqlServerExecutionStrategy.Execute[TState,TResult](TState state, Func`3 operation, Func`3 verifySucceeded)
   at Microsoft.EntityFrameworkCore.ChangeTracking.Internal.StateManager.SaveChanges(Boolean acceptAllChangesOnSuccess)
   at Microsoft.EntityFrameworkCore.DbContext.SaveChanges(Boolean acceptAllChangesOnSuccess)
2023-02-10 20:45:19.0079|FATAL|Bank.API.Controllers.UsersController|Exception while creating an user!
2023-02-10 20:45:19.0079|INFO|Microsoft.AspNetCore.Mvc.Infrastructure.ObjectResultExecutor|Executing ObjectResult, writing value of type 'System.String'.
2023-02-10 20:45:19.0148|INFO|Microsoft.AspNetCore.Mvc.Infrastructure.ControllerActionInvoker|Executed action Bank.API.Controllers.UsersController.CreateUser (Bank.API) in 815.6254ms
2023-02-10 20:45:19.0148|INFO|Microsoft.AspNetCore.Routing.EndpointMiddleware|Executed endpoint 'Bank.API.Controllers.UsersController.CreateUser (Bank.API)'
2023-02-10 20:45:19.0148|INFO|Microsoft.AspNetCore.Hosting.Diagnostics|Request finished HTTP/1.1 POST https://localhost:57658/api/users application/json 139 - 500 - text/plain;+charset=utf-8 852.3691ms
