2023-03-11 20:57:19.0425|INFO|Bank.API.Program|Initializing application...
2023-03-11 20:57:36.9494|INFO|Microsoft.EntityFrameworkCore.Database.Command|Executed DbCommand (79ms) [Parameters=[], CommandType='Text', CommandTimeout='30']
SELECT 1
2023-03-11 20:57:37.1843|INFO|Microsoft.EntityFrameworkCore.Database.Command|Executed DbCommand (107ms) [Parameters=[], CommandType='Text', CommandTimeout='30']

IF EXISTS
    (SELECT *
     FROM [sys].[objects] o
     WHERE [o].[type] = 'U'
     AND [o].[is_ms_shipped] = 0
     AND NOT EXISTS (SELECT *
         FROM [sys].[extended_properties] AS [ep]
         WHERE [ep].[major_id] = [o].[object_id]
             AND [ep].[minor_id] = 0
             AND [ep].[class] = 1
             AND [ep].[name] = N'microsoft_database_tools_support'
    )
)
SELECT 1 ELSE SELECT 0
2023-03-11 20:57:37.1843|INFO|Microsoft.EntityFrameworkCore.Database.Command|Executed DbCommand (4ms) [Parameters=[], CommandType='Text', CommandTimeout='30']
SELECT 1
2023-03-11 20:57:37.5133|INFO|Microsoft.EntityFrameworkCore.Database.Command|Executed DbCommand (96ms) [Parameters=[], CommandType='Text', CommandTimeout='60']
IF SERVERPROPERTY('EngineEdition') <> 5
BEGIN
    ALTER DATABASE [AccountInfoDB] SET SINGLE_USER WITH ROLLBACK IMMEDIATE;
END;
2023-03-11 20:57:37.5409|INFO|Microsoft.EntityFrameworkCore.Database.Command|Executed DbCommand (25ms) [Parameters=[], CommandType='Text', CommandTimeout='60']
DROP DATABASE [AccountInfoDB];
2023-03-11 20:57:37.9910|INFO|Microsoft.EntityFrameworkCore.Database.Command|Executed DbCommand (273ms) [Parameters=[], CommandType='Text', CommandTimeout='60']
CREATE DATABASE [AccountInfoDB];
2023-03-11 20:57:38.1430|INFO|Microsoft.EntityFrameworkCore.Database.Command|Executed DbCommand (148ms) [Parameters=[], CommandType='Text', CommandTimeout='60']
IF SERVERPROPERTY('EngineEdition') <> 5
BEGIN
    ALTER DATABASE [AccountInfoDB] SET READ_COMMITTED_SNAPSHOT ON;
END;
2023-03-11 20:57:38.1601|INFO|Microsoft.EntityFrameworkCore.Database.Command|Executed DbCommand (0ms) [Parameters=[], CommandType='Text', CommandTimeout='30']
SELECT 1
2023-03-11 20:57:38.4014|INFO|Microsoft.EntityFrameworkCore.Database.Command|Executed DbCommand (10ms) [Parameters=[], CommandType='Text', CommandTimeout='30']
CREATE TABLE [__EFMigrationsHistory] (
    [MigrationId] nvarchar(150) NOT NULL,
    [ProductVersion] nvarchar(32) NOT NULL,
    CONSTRAINT [PK___EFMigrationsHistory] PRIMARY KEY ([MigrationId])
);
2023-03-11 20:57:38.4059|INFO|Microsoft.EntityFrameworkCore.Database.Command|Executed DbCommand (0ms) [Parameters=[], CommandType='Text', CommandTimeout='30']
SELECT 1
2023-03-11 20:57:38.4181|INFO|Microsoft.EntityFrameworkCore.Database.Command|Executed DbCommand (1ms) [Parameters=[], CommandType='Text', CommandTimeout='30']
SELECT OBJECT_ID(N'[__EFMigrationsHistory]');
2023-03-11 20:57:38.4353|INFO|Microsoft.EntityFrameworkCore.Database.Command|Executed DbCommand (6ms) [Parameters=[], CommandType='Text', CommandTimeout='30']
SELECT [MigrationId], [ProductVersion]
FROM [__EFMigrationsHistory]
ORDER BY [MigrationId];
2023-03-11 20:57:38.5065|INFO|Microsoft.EntityFrameworkCore.Migrations|Applying migration '20230112122455_AccountInfoDBInitialMigration'.
2023-03-11 20:57:38.7537|INFO|Microsoft.EntityFrameworkCore.Database.Command|Executed DbCommand (4ms) [Parameters=[], CommandType='Text', CommandTimeout='30']
CREATE TABLE [Accounts] (
    [Id] int NOT NULL IDENTITY,
    [Owner] nvarchar(50) NOT NULL,
    [Sum] real NOT NULL,
    CONSTRAINT [PK_Accounts] PRIMARY KEY ([Id])
);
2023-03-11 20:57:38.7609|INFO|Microsoft.EntityFrameworkCore.Database.Command|Executed DbCommand (4ms) [Parameters=[], CommandType='Text', CommandTimeout='30']
CREATE TABLE [Deposits] (
    [Id] int NOT NULL IDENTITY,
    [Name] nvarchar(50) NOT NULL,
    [Period] int NOT NULL,
    [DepositSum] real NOT NULL,
    [AccountId] int NOT NULL,
    CONSTRAINT [PK_Deposits] PRIMARY KEY ([Id]),
    CONSTRAINT [FK_Deposits_Accounts_AccountId] FOREIGN KEY ([AccountId]) REFERENCES [Accounts] ([Id]) ON DELETE CASCADE
);
2023-03-11 20:57:38.8107|INFO|Microsoft.EntityFrameworkCore.Database.Command|Executed DbCommand (47ms) [Parameters=[], CommandType='Text', CommandTimeout='30']
IF EXISTS (SELECT * FROM [sys].[identity_columns] WHERE [name] IN (N'Id', N'Owner', N'Sum') AND [object_id] = OBJECT_ID(N'[Accounts]'))
    SET IDENTITY_INSERT [Accounts] ON;
INSERT INTO [Accounts] ([Id], [Owner], [Sum])
VALUES (1, N'Gabor Andreea', CAST(2500 AS real)),
(2, N'Pavel Carmen', CAST(3200 AS real)),
(3, N'Wolf Lorena', CAST(2800 AS real));
IF EXISTS (SELECT * FROM [sys].[identity_columns] WHERE [name] IN (N'Id', N'Owner', N'Sum') AND [object_id] = OBJECT_ID(N'[Accounts]'))
    SET IDENTITY_INSERT [Accounts] OFF;
2023-03-11 20:57:38.8367|INFO|Microsoft.EntityFrameworkCore.Database.Command|Executed DbCommand (24ms) [Parameters=[], CommandType='Text', CommandTimeout='30']
IF EXISTS (SELECT * FROM [sys].[identity_columns] WHERE [name] IN (N'Id', N'AccountId', N'DepositSum', N'Name', N'Period') AND [object_id] = OBJECT_ID(N'[Deposits]'))
    SET IDENTITY_INSERT [Deposits] ON;
INSERT INTO [Deposits] ([Id], [AccountId], [DepositSum], [Name], [Period])
VALUES (1, 1, CAST(2000 AS real), N'Savings Deposit', 1),
(2, 1, CAST(500 AS real), N'Fixed Deposit', 12),
(3, 2, CAST(2200 AS real), N'Fixed Deposit', 6),
(4, 2, CAST(1000 AS real), N'Recurring Deposit', 1),
(5, 3, CAST(1200 AS real), N'Savings Deposit', 12),
(6, 3, CAST(1600 AS real), N'Current Deposit', 6);
IF EXISTS (SELECT * FROM [sys].[identity_columns] WHERE [name] IN (N'Id', N'AccountId', N'DepositSum', N'Name', N'Period') AND [object_id] = OBJECT_ID(N'[Deposits]'))
    SET IDENTITY_INSERT [Deposits] OFF;
2023-03-11 20:57:38.8445|INFO|Microsoft.EntityFrameworkCore.Database.Command|Executed DbCommand (5ms) [Parameters=[], CommandType='Text', CommandTimeout='30']
CREATE INDEX [IX_Deposits_AccountId] ON [Deposits] ([AccountId]);
2023-03-11 20:57:38.8445|INFO|Microsoft.EntityFrameworkCore.Database.Command|Executed DbCommand (2ms) [Parameters=[], CommandType='Text', CommandTimeout='30']
INSERT INTO [__EFMigrationsHistory] ([MigrationId], [ProductVersion])
VALUES (N'20230112122455_AccountInfoDBInitialMigration', N'7.0.2');
2023-03-11 20:57:38.8775|INFO|Microsoft.EntityFrameworkCore.Migrations|Applying migration '20230206140911_AccountInfoDBAddUsers'.
2023-03-11 20:57:38.9756|INFO|Microsoft.EntityFrameworkCore.Database.Command|Executed DbCommand (5ms) [Parameters=[], CommandType='Text', CommandTimeout='30']
ALTER TABLE [Accounts] ADD [UserId] int NULL;
2023-03-11 20:57:38.9831|INFO|Microsoft.EntityFrameworkCore.Database.Command|Executed DbCommand (3ms) [Parameters=[], CommandType='Text', CommandTimeout='30']
CREATE TABLE [Users] (
    [Id] int NOT NULL IDENTITY,
    [Name] nvarchar(50) NOT NULL,
    [Email] nvarchar(max) NOT NULL,
    [Username] nvarchar(50) NOT NULL,
    [Password] nvarchar(50) NOT NULL,
    [Admin] bit NOT NULL,
    CONSTRAINT [PK_Users] PRIMARY KEY ([Id])
);
2023-03-11 20:57:38.9831|INFO|Microsoft.EntityFrameworkCore.Database.Command|Executed DbCommand (4ms) [Parameters=[], CommandType='Text', CommandTimeout='30']
UPDATE [Accounts] SET [UserId] = NULL
WHERE [Id] = 1;
SELECT @@ROWCOUNT;
2023-03-11 20:57:39.0017|INFO|Microsoft.EntityFrameworkCore.Database.Command|Executed DbCommand (3ms) [Parameters=[], CommandType='Text', CommandTimeout='30']
UPDATE [Accounts] SET [UserId] = NULL
WHERE [Id] = 2;
SELECT @@ROWCOUNT;
2023-03-11 20:57:39.0017|INFO|Microsoft.EntityFrameworkCore.Database.Command|Executed DbCommand (2ms) [Parameters=[], CommandType='Text', CommandTimeout='30']
UPDATE [Accounts] SET [UserId] = NULL
WHERE [Id] = 3;
SELECT @@ROWCOUNT;
2023-03-11 20:57:39.0299|INFO|Microsoft.EntityFrameworkCore.Database.Command|Executed DbCommand (20ms) [Parameters=[], CommandType='Text', CommandTimeout='30']
IF EXISTS (SELECT * FROM [sys].[identity_columns] WHERE [name] IN (N'Id', N'Admin', N'Email', N'Name', N'Password', N'Username') AND [object_id] = OBJECT_ID(N'[Users]'))
    SET IDENTITY_INSERT [Users] ON;
INSERT INTO [Users] ([Id], [Admin], [Email], [Name], [Password], [Username])
VALUES (1, CAST(0 AS bit), N'ioanagabor@gmail.com', N'Ioana Gabor', N'1234', N'ioanagabor'),
(2, CAST(0 AS bit), N'carmen2411@gmail.com', N'Pavel Carmen', N'1234', N'pavelcarme'),
(3, CAST(1 AS bit), N'andreeagabor@gmail.com', N'Deea Gabor', N'1234', N'deeagabor');
IF EXISTS (SELECT * FROM [sys].[identity_columns] WHERE [name] IN (N'Id', N'Admin', N'Email', N'Name', N'Password', N'Username') AND [object_id] = OBJECT_ID(N'[Users]'))
    SET IDENTITY_INSERT [Users] OFF;
2023-03-11 20:57:39.0299|INFO|Microsoft.EntityFrameworkCore.Database.Command|Executed DbCommand (5ms) [Parameters=[], CommandType='Text', CommandTimeout='30']
CREATE INDEX [IX_Accounts_UserId] ON [Accounts] ([UserId]);
2023-03-11 20:57:39.0457|INFO|Microsoft.EntityFrameworkCore.Database.Command|Executed DbCommand (5ms) [Parameters=[], CommandType='Text', CommandTimeout='30']
ALTER TABLE [Accounts] ADD CONSTRAINT [FK_Accounts_Users_UserId] FOREIGN KEY ([UserId]) REFERENCES [Users] ([Id]);
2023-03-11 20:57:39.0457|INFO|Microsoft.EntityFrameworkCore.Database.Command|Executed DbCommand (1ms) [Parameters=[], CommandType='Text', CommandTimeout='30']
INSERT INTO [__EFMigrationsHistory] ([MigrationId], [ProductVersion])
VALUES (N'20230206140911_AccountInfoDBAddUsers', N'7.0.2');
2023-03-11 20:57:39.0457|INFO|Microsoft.EntityFrameworkCore.Migrations|Applying migration '20230206151030_AccountInfoDBAddUserIdForAccounts'.
2023-03-11 20:57:39.1137|INFO|Microsoft.EntityFrameworkCore.Database.Command|Executed DbCommand (3ms) [Parameters=[], CommandType='Text', CommandTimeout='30']
ALTER TABLE [Accounts] DROP CONSTRAINT [FK_Accounts_Users_UserId];
2023-03-11 20:57:39.2577|INFO|Microsoft.EntityFrameworkCore.Database.Command|Executed DbCommand (141ms) [Parameters=[], CommandType='Text', CommandTimeout='30']
DROP INDEX [IX_Accounts_UserId] ON [Accounts];
DECLARE @var0 sysname;
SELECT @var0 = [d].[name]
FROM [sys].[default_constraints] [d]
INNER JOIN [sys].[columns] [c] ON [d].[parent_column_id] = [c].[column_id] AND [d].[parent_object_id] = [c].[object_id]
WHERE ([d].[parent_object_id] = OBJECT_ID(N'[Accounts]') AND [c].[name] = N'UserId');
IF @var0 IS NOT NULL EXEC(N'ALTER TABLE [Accounts] DROP CONSTRAINT [' + @var0 + '];');
UPDATE [Accounts] SET [UserId] = 0 WHERE [UserId] IS NULL;
ALTER TABLE [Accounts] ALTER COLUMN [UserId] int NOT NULL;
ALTER TABLE [Accounts] ADD DEFAULT 0 FOR [UserId];
CREATE INDEX [IX_Accounts_UserId] ON [Accounts] ([UserId]);
2023-03-11 20:57:39.2630|INFO|Microsoft.EntityFrameworkCore.Database.Command|Executed DbCommand (2ms) [Parameters=[], CommandType='Text', CommandTimeout='30']
UPDATE [Accounts] SET [UserId] = 1
WHERE [Id] = 1;
SELECT @@ROWCOUNT;
2023-03-11 20:57:39.2630|INFO|Microsoft.EntityFrameworkCore.Database.Command|Executed DbCommand (1ms) [Parameters=[], CommandType='Text', CommandTimeout='30']
UPDATE [Accounts] SET [UserId] = 2
WHERE [Id] = 2;
SELECT @@ROWCOUNT;
2023-03-11 20:57:39.2630|INFO|Microsoft.EntityFrameworkCore.Database.Command|Executed DbCommand (1ms) [Parameters=[], CommandType='Text', CommandTimeout='30']
UPDATE [Accounts] SET [UserId] = 3
WHERE [Id] = 3;
SELECT @@ROWCOUNT;
2023-03-11 20:57:39.2630|INFO|Microsoft.EntityFrameworkCore.Database.Command|Executed DbCommand (3ms) [Parameters=[], CommandType='Text', CommandTimeout='30']
ALTER TABLE [Accounts] ADD CONSTRAINT [FK_Accounts_Users_UserId] FOREIGN KEY ([UserId]) REFERENCES [Users] ([Id]) ON DELETE CASCADE;
2023-03-11 20:57:39.2780|INFO|Microsoft.EntityFrameworkCore.Database.Command|Executed DbCommand (0ms) [Parameters=[], CommandType='Text', CommandTimeout='30']
INSERT INTO [__EFMigrationsHistory] ([MigrationId], [ProductVersion])
VALUES (N'20230206151030_AccountInfoDBAddUserIdForAccounts', N'7.0.2');
2023-03-11 20:57:39.2780|INFO|Microsoft.EntityFrameworkCore.Migrations|Applying migration '20230206151654_AccountInfoDBEditDatabase'.
2023-03-11 20:57:39.3046|INFO|Microsoft.EntityFrameworkCore.Database.Command|Executed DbCommand (2ms) [Parameters=[], CommandType='Text', CommandTimeout='30']
UPDATE [Accounts] SET [Owner] = N'Gabor Ioana'
WHERE [Id] = 1;
SELECT @@ROWCOUNT;
2023-03-11 20:57:39.3046|INFO|Microsoft.EntityFrameworkCore.Database.Command|Executed DbCommand (1ms) [Parameters=[], CommandType='Text', CommandTimeout='30']
UPDATE [Accounts] SET [Owner] = N'Gabor Andreea'
WHERE [Id] = 3;
SELECT @@ROWCOUNT;
2023-03-11 20:57:39.3164|INFO|Microsoft.EntityFrameworkCore.Database.Command|Executed DbCommand (2ms) [Parameters=[], CommandType='Text', CommandTimeout='30']
UPDATE [Users] SET [Name] = N'Gabor Ioana'
WHERE [Id] = 1;
SELECT @@ROWCOUNT;
2023-03-11 20:57:39.3164|INFO|Microsoft.EntityFrameworkCore.Database.Command|Executed DbCommand (1ms) [Parameters=[], CommandType='Text', CommandTimeout='30']
UPDATE [Users] SET [Name] = N'Gabor Andreea'
WHERE [Id] = 3;
SELECT @@ROWCOUNT;
2023-03-11 20:57:39.3237|INFO|Microsoft.EntityFrameworkCore.Database.Command|Executed DbCommand (0ms) [Parameters=[], CommandType='Text', CommandTimeout='30']
INSERT INTO [__EFMigrationsHistory] ([MigrationId], [ProductVersion])
VALUES (N'20230206151654_AccountInfoDBEditDatabase', N'7.0.2');
2023-03-11 20:57:39.3237|INFO|Microsoft.EntityFrameworkCore.Migrations|Applying migration '20230206232605_AccountInfoDBNewEditDatabase'.
2023-03-11 20:57:39.3526|INFO|Microsoft.EntityFrameworkCore.Database.Command|Executed DbCommand (2ms) [Parameters=[], CommandType='Text', CommandTimeout='30']
UPDATE [Users] SET [Username] = N'pavelcarmen'
WHERE [Id] = 2;
SELECT @@ROWCOUNT;
2023-03-11 20:57:39.3559|INFO|Microsoft.EntityFrameworkCore.Database.Command|Executed DbCommand (0ms) [Parameters=[], CommandType='Text', CommandTimeout='30']
INSERT INTO [__EFMigrationsHistory] ([MigrationId], [ProductVersion])
VALUES (N'20230206232605_AccountInfoDBNewEditDatabase', N'7.0.2');
2023-03-11 20:57:39.3559|INFO|Microsoft.EntityFrameworkCore.Migrations|Applying migration '20230207153732_AccountInfoDBAddNewAccounts'.
2023-03-11 20:57:39.4053|INFO|Microsoft.EntityFrameworkCore.Database.Command|Executed DbCommand (12ms) [Parameters=[], CommandType='Text', CommandTimeout='30']
UPDATE [Accounts] SET [Owner] = N'Pavel Carmen', [Sum] = CAST(200 AS real), [UserId] = 2
WHERE [Id] = 3;
SELECT @@ROWCOUNT;
2023-03-11 20:57:39.4315|INFO|Microsoft.EntityFrameworkCore.Database.Command|Executed DbCommand (23ms) [Parameters=[], CommandType='Text', CommandTimeout='30']
IF EXISTS (SELECT * FROM [sys].[identity_columns] WHERE [name] IN (N'Id', N'Owner', N'Sum', N'UserId') AND [object_id] = OBJECT_ID(N'[Accounts]'))
    SET IDENTITY_INSERT [Accounts] ON;
INSERT INTO [Accounts] ([Id], [Owner], [Sum], [UserId])
VALUES (4, N'Gabor Ioana', CAST(2800 AS real), 2);
IF EXISTS (SELECT * FROM [sys].[identity_columns] WHERE [name] IN (N'Id', N'Owner', N'Sum', N'UserId') AND [object_id] = OBJECT_ID(N'[Accounts]'))
    SET IDENTITY_INSERT [Accounts] OFF;
2023-03-11 20:57:39.4585|INFO|Microsoft.EntityFrameworkCore.Database.Command|Executed DbCommand (23ms) [Parameters=[], CommandType='Text', CommandTimeout='30']
IF EXISTS (SELECT * FROM [sys].[identity_columns] WHERE [name] IN (N'Id', N'AccountId', N'DepositSum', N'Name', N'Period') AND [object_id] = OBJECT_ID(N'[Deposits]'))
    SET IDENTITY_INSERT [Deposits] ON;
INSERT INTO [Deposits] ([Id], [AccountId], [DepositSum], [Name], [Period])
VALUES (7, 4, CAST(100 AS real), N'Recurring Deposit', 6),
(8, 4, CAST(12 AS real), N'Savings Deposit', 12);
IF EXISTS (SELECT * FROM [sys].[identity_columns] WHERE [name] IN (N'Id', N'AccountId', N'DepositSum', N'Name', N'Period') AND [object_id] = OBJECT_ID(N'[Deposits]'))
    SET IDENTITY_INSERT [Deposits] OFF;
2023-03-11 20:57:39.4656|INFO|Microsoft.EntityFrameworkCore.Database.Command|Executed DbCommand (2ms) [Parameters=[], CommandType='Text', CommandTimeout='30']
INSERT INTO [__EFMigrationsHistory] ([MigrationId], [ProductVersion])
VALUES (N'20230207153732_AccountInfoDBAddNewAccounts', N'7.0.2');
2023-03-11 20:57:39.4656|INFO|Microsoft.EntityFrameworkCore.Migrations|Applying migration '20230207153902_AccountInfoDBAddNewAccounts2'.
2023-03-11 20:57:39.4932|INFO|Microsoft.EntityFrameworkCore.Database.Command|Executed DbCommand (3ms) [Parameters=[], CommandType='Text', CommandTimeout='30']
UPDATE [Accounts] SET [UserId] = 1
WHERE [Id] = 4;
SELECT @@ROWCOUNT;
2023-03-11 20:57:39.4969|INFO|Microsoft.EntityFrameworkCore.Database.Command|Executed DbCommand (1ms) [Parameters=[], CommandType='Text', CommandTimeout='30']
INSERT INTO [__EFMigrationsHistory] ([MigrationId], [ProductVersion])
VALUES (N'20230207153902_AccountInfoDBAddNewAccounts2', N'7.0.2');
2023-03-11 20:57:39.4969|INFO|Microsoft.EntityFrameworkCore.Migrations|Applying migration '20230207174051_AccountInfoDBAddAttributes'.
2023-03-11 20:57:39.5250|INFO|Microsoft.EntityFrameworkCore.Database.Command|Executed DbCommand (2ms) [Parameters=[], CommandType='Text', CommandTimeout='30']
UPDATE [Users] SET [Password] = N'12345678'
WHERE [Id] = 1;
SELECT @@ROWCOUNT;
2023-03-11 20:57:39.5294|INFO|Microsoft.EntityFrameworkCore.Database.Command|Executed DbCommand (2ms) [Parameters=[], CommandType='Text', CommandTimeout='30']
UPDATE [Users] SET [Password] = N'12345678'
WHERE [Id] = 2;
SELECT @@ROWCOUNT;
2023-03-11 20:57:39.5294|INFO|Microsoft.EntityFrameworkCore.Database.Command|Executed DbCommand (1ms) [Parameters=[], CommandType='Text', CommandTimeout='30']
UPDATE [Users] SET [Password] = N'12345678'
WHERE [Id] = 3;
SELECT @@ROWCOUNT;
2023-03-11 20:57:39.5294|INFO|Microsoft.EntityFrameworkCore.Database.Command|Executed DbCommand (2ms) [Parameters=[], CommandType='Text', CommandTimeout='30']
INSERT INTO [__EFMigrationsHistory] ([MigrationId], [ProductVersion])
VALUES (N'20230207174051_AccountInfoDBAddAttributes', N'7.0.2');
2023-03-11 20:57:39.5294|INFO|Microsoft.EntityFrameworkCore.Migrations|Applying migration '20230210221808_AccountInfoDBModifyAttributes'.
2023-03-11 20:57:39.6196|INFO|Microsoft.EntityFrameworkCore.Database.Command|Executed DbCommand (55ms) [Parameters=[], CommandType='Text', CommandTimeout='30']
DECLARE @var1 sysname;
SELECT @var1 = [d].[name]
FROM [sys].[default_constraints] [d]
INNER JOIN [sys].[columns] [c] ON [d].[parent_column_id] = [c].[column_id] AND [d].[parent_object_id] = [c].[object_id]
WHERE ([d].[parent_object_id] = OBJECT_ID(N'[Users]') AND [c].[name] = N'Password');
IF @var1 IS NOT NULL EXEC(N'ALTER TABLE [Users] DROP CONSTRAINT [' + @var1 + '];');
ALTER TABLE [Users] ALTER COLUMN [Password] nvarchar(100) NOT NULL;
2023-03-11 20:57:39.6275|INFO|Microsoft.EntityFrameworkCore.Database.Command|Executed DbCommand (3ms) [Parameters=[], CommandType='Text', CommandTimeout='30']
UPDATE [Users] SET [Password] = N'ef797c8118f02dfb649607dd5d3f8c7623048c9c063d532cc95c5ed7a898a64f'
WHERE [Id] = 1;
SELECT @@ROWCOUNT;
2023-03-11 20:57:39.6275|INFO|Microsoft.EntityFrameworkCore.Database.Command|Executed DbCommand (3ms) [Parameters=[], CommandType='Text', CommandTimeout='30']
INSERT INTO [__EFMigrationsHistory] ([MigrationId], [ProductVersion])
VALUES (N'20230210221808_AccountInfoDBModifyAttributes', N'7.0.2');
2023-03-11 20:57:39.6378|INFO|Microsoft.EntityFrameworkCore.Migrations|Applying migration '20230210222506_AccountInfoDBModifyAttributesForLogin'.
2023-03-11 20:57:39.6633|INFO|Microsoft.EntityFrameworkCore.Database.Command|Executed DbCommand (2ms) [Parameters=[], CommandType='Text', CommandTimeout='30']
INSERT INTO [__EFMigrationsHistory] ([MigrationId], [ProductVersion])
VALUES (N'20230210222506_AccountInfoDBModifyAttributesForLogin', N'7.0.2');
2023-03-11 20:57:39.6633|INFO|Microsoft.EntityFrameworkCore.Migrations|Applying migration '20230211234950_AccountInfoDBHashLoginRequest'.
2023-03-11 20:57:39.6923|INFO|Microsoft.EntityFrameworkCore.Database.Command|Executed DbCommand (2ms) [Parameters=[], CommandType='Text', CommandTimeout='30']
UPDATE [Users] SET [Password] = N'12345678'
WHERE [Id] = 1;
SELECT @@ROWCOUNT;
2023-03-11 20:57:39.6923|INFO|Microsoft.EntityFrameworkCore.Database.Command|Executed DbCommand (1ms) [Parameters=[], CommandType='Text', CommandTimeout='30']
INSERT INTO [__EFMigrationsHistory] ([MigrationId], [ProductVersion])
VALUES (N'20230211234950_AccountInfoDBHashLoginRequest', N'7.0.2');
2023-03-11 20:57:39.7006|INFO|Microsoft.EntityFrameworkCore.Migrations|Applying migration '20230212155300_AccountInfoDBUserIdAccounts'.
2023-03-11 20:57:39.7295|INFO|Microsoft.EntityFrameworkCore.Database.Command|Executed DbCommand (1ms) [Parameters=[], CommandType='Text', CommandTimeout='30']
INSERT INTO [__EFMigrationsHistory] ([MigrationId], [ProductVersion])
VALUES (N'20230212155300_AccountInfoDBUserIdAccounts', N'7.0.2');
2023-03-11 20:57:39.7386|INFO|Microsoft.EntityFrameworkCore.Migrations|Applying migration '20230215103344_AccountInfoDBUserAdmin'.
2023-03-11 20:57:39.7580|INFO|Microsoft.EntityFrameworkCore.Database.Command|Executed DbCommand (0ms) [Parameters=[], CommandType='Text', CommandTimeout='30']
INSERT INTO [__EFMigrationsHistory] ([MigrationId], [ProductVersion])
VALUES (N'20230215103344_AccountInfoDBUserAdmin', N'7.0.2');
2023-03-11 20:57:39.7624|INFO|Microsoft.EntityFrameworkCore.Migrations|Applying migration '20230215103953_AccountInfoDBModifyData'.
2023-03-11 20:57:39.7951|INFO|Microsoft.EntityFrameworkCore.Database.Command|Executed DbCommand (3ms) [Parameters=[], CommandType='Text', CommandTimeout='30']
UPDATE [Users] SET [Password] = N'ef797c8118f02dfb649607dd5d3f8c7623048c9c063d532cc95c5ed7a898a64f'
WHERE [Id] = 1;
SELECT @@ROWCOUNT;
2023-03-11 20:57:39.8271|INFO|Microsoft.EntityFrameworkCore.Database.Command|Executed DbCommand (12ms) [Parameters=[], CommandType='Text', CommandTimeout='30']
UPDATE [Users] SET [Password] = N'ef797c8118f02dfb649607dd5d3f8c7623048c9c063d532cc95c5ed7a898a64f'
WHERE [Id] = 2;
SELECT @@ROWCOUNT;
2023-03-11 20:57:39.8658|INFO|Microsoft.EntityFrameworkCore.Database.Command|Executed DbCommand (29ms) [Parameters=[], CommandType='Text', CommandTimeout='30']
UPDATE [Users] SET [Password] = N'ef797c8118f02dfb649607dd5d3f8c7623048c9c063d532cc95c5ed7a898a64f'
WHERE [Id] = 3;
SELECT @@ROWCOUNT;
2023-03-11 20:57:39.8739|INFO|Microsoft.EntityFrameworkCore.Database.Command|Executed DbCommand (6ms) [Parameters=[], CommandType='Text', CommandTimeout='30']
INSERT INTO [__EFMigrationsHistory] ([MigrationId], [ProductVersion])
VALUES (N'20230215103953_AccountInfoDBModifyData', N'7.0.2');
2023-03-11 20:57:39.8739|INFO|Microsoft.EntityFrameworkCore.Migrations|Applying migration '20230216141033_AccountInfoDBAddFirstAndLastName'.
2023-03-11 20:57:40.2538|INFO|Microsoft.EntityFrameworkCore.Database.Command|Executed DbCommand (348ms) [Parameters=[], CommandType='Text', CommandTimeout='30']
EXEC sp_rename N'[Users].[Name]', N'LastName', N'COLUMN';
2023-03-11 20:57:40.2665|INFO|Microsoft.EntityFrameworkCore.Database.Command|Executed DbCommand (7ms) [Parameters=[], CommandType='Text', CommandTimeout='30']
ALTER TABLE [Users] ADD [FirstName] nvarchar(50) NOT NULL DEFAULT N'';
2023-03-11 20:57:40.2665|INFO|Microsoft.EntityFrameworkCore.Database.Command|Executed DbCommand (3ms) [Parameters=[], CommandType='Text', CommandTimeout='30']
UPDATE [Users] SET [FirstName] = N'Ioana', [LastName] = N'Gabor'
WHERE [Id] = 1;
SELECT @@ROWCOUNT;
2023-03-11 20:57:40.2665|INFO|Microsoft.EntityFrameworkCore.Database.Command|Executed DbCommand (1ms) [Parameters=[], CommandType='Text', CommandTimeout='30']
UPDATE [Users] SET [FirstName] = N'Carmen', [LastName] = N'Pavel'
WHERE [Id] = 2;
SELECT @@ROWCOUNT;
2023-03-11 20:57:40.2816|INFO|Microsoft.EntityFrameworkCore.Database.Command|Executed DbCommand (1ms) [Parameters=[], CommandType='Text', CommandTimeout='30']
UPDATE [Users] SET [FirstName] = N'Andreea', [LastName] = N'Gabor'
WHERE [Id] = 3;
SELECT @@ROWCOUNT;
2023-03-11 20:57:40.2816|INFO|Microsoft.EntityFrameworkCore.Database.Command|Executed DbCommand (1ms) [Parameters=[], CommandType='Text', CommandTimeout='30']
INSERT INTO [__EFMigrationsHistory] ([MigrationId], [ProductVersion])
VALUES (N'20230216141033_AccountInfoDBAddFirstAndLastName', N'7.0.2');
2023-03-11 20:57:40.2816|INFO|Microsoft.EntityFrameworkCore.Migrations|Applying migration '20230216164620_AccountInfoDBAddFirstAndLastNameForAccounts'.
2023-03-11 20:57:40.3164|INFO|Microsoft.EntityFrameworkCore.Database.Command|Executed DbCommand (2ms) [Parameters=[], CommandType='Text', CommandTimeout='30']
EXEC sp_rename N'[Accounts].[Owner]', N'LastName', N'COLUMN';
2023-03-11 20:57:40.3164|INFO|Microsoft.EntityFrameworkCore.Database.Command|Executed DbCommand (3ms) [Parameters=[], CommandType='Text', CommandTimeout='30']
ALTER TABLE [Accounts] ADD [FirstName] nvarchar(50) NOT NULL DEFAULT N'';
2023-03-11 20:57:40.3275|INFO|Microsoft.EntityFrameworkCore.Database.Command|Executed DbCommand (3ms) [Parameters=[], CommandType='Text', CommandTimeout='30']
UPDATE [Accounts] SET [FirstName] = N'Ioana', [LastName] = N'Gabor'
WHERE [Id] = 1;
SELECT @@ROWCOUNT;
2023-03-11 20:57:40.3275|INFO|Microsoft.EntityFrameworkCore.Database.Command|Executed DbCommand (1ms) [Parameters=[], CommandType='Text', CommandTimeout='30']
UPDATE [Accounts] SET [FirstName] = N'Carmen', [LastName] = N'Pavel'
WHERE [Id] = 2;
SELECT @@ROWCOUNT;
2023-03-11 20:57:40.3275|INFO|Microsoft.EntityFrameworkCore.Database.Command|Executed DbCommand (1ms) [Parameters=[], CommandType='Text', CommandTimeout='30']
UPDATE [Accounts] SET [FirstName] = N'Carmen', [LastName] = N'Pavel'
WHERE [Id] = 3;
SELECT @@ROWCOUNT;
2023-03-11 20:57:40.3275|INFO|Microsoft.EntityFrameworkCore.Database.Command|Executed DbCommand (1ms) [Parameters=[], CommandType='Text', CommandTimeout='30']
UPDATE [Accounts] SET [FirstName] = N'Ioana', [LastName] = N'Gabor'
WHERE [Id] = 4;
SELECT @@ROWCOUNT;
2023-03-11 20:57:40.3413|INFO|Microsoft.EntityFrameworkCore.Database.Command|Executed DbCommand (0ms) [Parameters=[], CommandType='Text', CommandTimeout='30']
INSERT INTO [__EFMigrationsHistory] ([MigrationId], [ProductVersion])
VALUES (N'20230216164620_AccountInfoDBAddFirstAndLastNameForAccounts', N'7.0.2');
2023-03-11 20:57:41.0605|INFO|Microsoft.AspNetCore.DataProtection.KeyManagement.XmlKeyManager|User profile is available. Using 'C:\Users\z004pj3h\AppData\Local\ASP.NET\DataProtection-Keys' as key repository and Windows DPAPI to encrypt keys at rest.
2023-03-11 20:57:43.2648|INFO|Microsoft.AspNetCore.Hosting.Diagnostics|Request starting HTTP/2 GET https://localhost:57658/ - -
2023-03-11 20:57:43.5300|INFO|Microsoft.AspNetCore.Hosting.Diagnostics|Request finished HTTP/2 GET https://localhost:57658/ - - - 404 0 - 243.4516ms
2023-03-11 20:58:05.0392|INFO|Microsoft.AspNetCore.Hosting.Diagnostics|Request starting HTTP/2 OPTIONS https://localhost:57658/api/login - -
2023-03-11 20:58:05.0584|INFO|Microsoft.AspNetCore.Cors.Infrastructure.CorsService|CORS policy execution successful.
2023-03-11 20:58:05.0584|INFO|Microsoft.AspNetCore.Hosting.Diagnostics|Request finished HTTP/2 OPTIONS https://localhost:57658/api/login - - - 204 - - 25.9075ms
2023-03-11 20:58:05.0584|INFO|Microsoft.AspNetCore.Hosting.Diagnostics|Request starting HTTP/2 POST https://localhost:57658/api/login application/json;+charset=UTF-8 102
2023-03-11 20:58:05.0780|INFO|Microsoft.AspNetCore.Cors.Infrastructure.CorsService|CORS policy execution successful.
2023-03-11 20:58:05.0780|INFO|Microsoft.AspNetCore.Routing.EndpointMiddleware|Executing endpoint 'Bank.API.Controllers.LoginController.Login (Bank.API)'
2023-03-11 20:58:05.1364|INFO|Microsoft.AspNetCore.Mvc.Infrastructure.ControllerActionInvoker|Route matched with {action = "Login", controller = "Login"}. Executing controller action with signature Microsoft.AspNetCore.Mvc.IActionResult Login(Bank.API.Data.Models.LoginRequest) on controller Bank.API.Controllers.LoginController (Bank.API).
2023-03-11 20:58:05.1527|INFO|Microsoft.EntityFrameworkCore.Database.Command|Executed DbCommand (0ms) [Parameters=[], CommandType='Text', CommandTimeout='30']
SELECT 1
2023-03-11 20:58:05.1527|INFO|Microsoft.EntityFrameworkCore.Database.Command|Executed DbCommand (10ms) [Parameters=[], CommandType='Text', CommandTimeout='30']

IF EXISTS
    (SELECT *
     FROM [sys].[objects] o
     WHERE [o].[type] = 'U'
     AND [o].[is_ms_shipped] = 0
     AND NOT EXISTS (SELECT *
         FROM [sys].[extended_properties] AS [ep]
         WHERE [ep].[major_id] = [o].[object_id]
             AND [ep].[minor_id] = 0
             AND [ep].[class] = 1
             AND [ep].[name] = N'microsoft_database_tools_support'
    )
)
SELECT 1 ELSE SELECT 0
2023-03-11 20:58:06.0336|INFO|Microsoft.EntityFrameworkCore.Database.Command|Executed DbCommand (1ms) [Parameters=[], CommandType='Text', CommandTimeout='30']
SELECT [u].[Id], [u].[Admin], [u].[Email], [u].[FirstName], [u].[LastName], [u].[Password], [u].[Username]
FROM [Users] AS [u]
2023-03-11 20:58:06.1332|INFO|Bank.API.Controllers.LoginController|User wasn't found!
2023-03-11 20:58:06.1549|INFO|Microsoft.AspNetCore.Mvc.Infrastructure.ObjectResultExecutor|Executing ObjectResult, writing value of type 'Microsoft.AspNetCore.Mvc.ProblemDetails'.
2023-03-11 20:58:06.2639|INFO|Microsoft.AspNetCore.Mvc.Infrastructure.ControllerActionInvoker|Executed action Bank.API.Controllers.LoginController.Login (Bank.API) in 1104.084ms
2023-03-11 20:58:06.2639|INFO|Microsoft.AspNetCore.Routing.EndpointMiddleware|Executed endpoint 'Bank.API.Controllers.LoginController.Login (Bank.API)'
2023-03-11 20:58:06.3027|INFO|Microsoft.AspNetCore.Hosting.Diagnostics|Request finished HTTP/2 POST https://localhost:57658/api/login application/json;+charset=UTF-8 102 - 404 161 application/problem+json;+charset=utf-8 1227.9745ms
2023-03-11 20:58:11.1876|INFO|Microsoft.AspNetCore.Hosting.Diagnostics|Request starting HTTP/2 OPTIONS https://localhost:57658/api/login - -
2023-03-11 20:58:11.1876|INFO|Microsoft.AspNetCore.Cors.Infrastructure.CorsService|CORS policy execution successful.
2023-03-11 20:58:11.1876|INFO|Microsoft.AspNetCore.Hosting.Diagnostics|Request finished HTTP/2 OPTIONS https://localhost:57658/api/login - - - 204 - - 5.7473ms
2023-03-11 20:58:11.1876|INFO|Microsoft.AspNetCore.Hosting.Diagnostics|Request starting HTTP/2 POST https://localhost:57658/api/login application/json;+charset=UTF-8 102
2023-03-11 20:58:11.2008|INFO|Microsoft.AspNetCore.Cors.Infrastructure.CorsService|CORS policy execution successful.
2023-03-11 20:58:11.2008|INFO|Microsoft.AspNetCore.Routing.EndpointMiddleware|Executing endpoint 'Bank.API.Controllers.LoginController.Login (Bank.API)'
2023-03-11 20:58:11.2008|INFO|Microsoft.AspNetCore.Mvc.Infrastructure.ControllerActionInvoker|Route matched with {action = "Login", controller = "Login"}. Executing controller action with signature Microsoft.AspNetCore.Mvc.IActionResult Login(Bank.API.Data.Models.LoginRequest) on controller Bank.API.Controllers.LoginController (Bank.API).
2023-03-11 20:58:11.2709|INFO|Microsoft.EntityFrameworkCore.Database.Command|Executed DbCommand (0ms) [Parameters=[], CommandType='Text', CommandTimeout='30']
SELECT 1
2023-03-11 20:58:11.2709|INFO|Microsoft.EntityFrameworkCore.Database.Command|Executed DbCommand (2ms) [Parameters=[], CommandType='Text', CommandTimeout='30']

IF EXISTS
    (SELECT *
     FROM [sys].[objects] o
     WHERE [o].[type] = 'U'
     AND [o].[is_ms_shipped] = 0
     AND NOT EXISTS (SELECT *
         FROM [sys].[extended_properties] AS [ep]
         WHERE [ep].[major_id] = [o].[object_id]
             AND [ep].[minor_id] = 0
             AND [ep].[class] = 1
             AND [ep].[name] = N'microsoft_database_tools_support'
    )
)
SELECT 1 ELSE SELECT 0
2023-03-11 20:58:11.2808|INFO|Microsoft.EntityFrameworkCore.Database.Command|Executed DbCommand (0ms) [Parameters=[], CommandType='Text', CommandTimeout='30']
SELECT [u].[Id], [u].[Admin], [u].[Email], [u].[FirstName], [u].[LastName], [u].[Password], [u].[Username]
FROM [Users] AS [u]
2023-03-11 20:58:11.3134|INFO|Microsoft.AspNetCore.Mvc.Infrastructure.ObjectResultExecutor|Executing OkObjectResult, writing value of type 'Bank.API.Data.Models.UserDTO'.
2023-03-11 20:58:11.3408|INFO|Microsoft.AspNetCore.Mvc.Infrastructure.ControllerActionInvoker|Executed action Bank.API.Controllers.LoginController.Login (Bank.API) in 131.0829ms
2023-03-11 20:58:11.3408|INFO|Microsoft.AspNetCore.Routing.EndpointMiddleware|Executed endpoint 'Bank.API.Controllers.LoginController.Login (Bank.API)'
2023-03-11 20:58:11.3556|INFO|Microsoft.AspNetCore.Hosting.Diagnostics|Request finished HTTP/2 POST https://localhost:57658/api/login application/json;+charset=UTF-8 102 - 200 210 application/json;+charset=utf-8 154.7830ms
2023-03-11 20:58:11.6868|INFO|Microsoft.AspNetCore.Hosting.Diagnostics|Request starting HTTP/2 GET https://localhost:57658/api/accounts - -
2023-03-11 20:58:11.6868|INFO|Microsoft.AspNetCore.Cors.Infrastructure.CorsService|CORS policy execution successful.
2023-03-11 20:58:11.6868|INFO|Microsoft.AspNetCore.Routing.EndpointMiddleware|Executing endpoint 'Bank.API.Controllers.AccountsController.GetAccounts (Bank.API)'
2023-03-11 20:58:11.6998|INFO|Microsoft.AspNetCore.Mvc.Infrastructure.ControllerActionInvoker|Route matched with {action = "GetAccounts", controller = "Accounts"}. Executing controller action with signature Microsoft.AspNetCore.Mvc.IActionResult GetAccounts() on controller Bank.API.Controllers.AccountsController (Bank.API).
2023-03-11 20:58:11.6998|INFO|Microsoft.EntityFrameworkCore.Database.Command|Executed DbCommand (1ms) [Parameters=[], CommandType='Text', CommandTimeout='30']
SELECT 1
2023-03-11 20:58:11.7198|INFO|Microsoft.EntityFrameworkCore.Database.Command|Executed DbCommand (2ms) [Parameters=[], CommandType='Text', CommandTimeout='30']

IF EXISTS
    (SELECT *
     FROM [sys].[objects] o
     WHERE [o].[type] = 'U'
     AND [o].[is_ms_shipped] = 0
     AND NOT EXISTS (SELECT *
         FROM [sys].[extended_properties] AS [ep]
         WHERE [ep].[major_id] = [o].[object_id]
             AND [ep].[minor_id] = 0
             AND [ep].[class] = 1
             AND [ep].[name] = N'microsoft_database_tools_support'
    )
)
SELECT 1 ELSE SELECT 0
2023-03-11 20:58:11.7342|INFO|Microsoft.EntityFrameworkCore.Database.Command|Executed DbCommand (1ms) [Parameters=[], CommandType='Text', CommandTimeout='30']
SELECT [a].[Id], [a].[FirstName], [a].[LastName], [a].[Sum], [a].[UserId]
FROM [Accounts] AS [a]
2023-03-11 20:58:11.7757|INFO|Microsoft.AspNetCore.Mvc.Infrastructure.ObjectResultExecutor|Executing OkObjectResult, writing value of type 'System.Collections.Generic.List`1[[Bank.API.Data.Models.AccountWithoutDepositsDTO, Bank.API, Version=1.0.0.0, Culture=neutral, PublicKeyToken=null]]'.
2023-03-11 20:58:11.7837|INFO|Microsoft.AspNetCore.Mvc.Infrastructure.ControllerActionInvoker|Executed action Bank.API.Controllers.AccountsController.GetAccounts (Bank.API) in 81.0454ms
2023-03-11 20:58:11.7837|INFO|Microsoft.AspNetCore.Routing.EndpointMiddleware|Executed endpoint 'Bank.API.Controllers.AccountsController.GetAccounts (Bank.API)'
2023-03-11 20:58:11.7837|INFO|Microsoft.AspNetCore.Hosting.Diagnostics|Request finished HTTP/2 GET https://localhost:57658/api/accounts - - - 200 290 application/json;+charset=utf-8 102.3056ms
2023-03-11 20:58:17.2167|INFO|Microsoft.AspNetCore.Hosting.Diagnostics|Request starting HTTP/2 GET https://localhost:57658/api/accounts/1/deposits - -
2023-03-11 20:58:17.2167|INFO|Microsoft.AspNetCore.Cors.Infrastructure.CorsService|CORS policy execution successful.
2023-03-11 20:58:17.2167|INFO|Microsoft.AspNetCore.Routing.EndpointMiddleware|Executing endpoint 'Bank.API.Controllers.DepositsController.GetDeposits (Bank.API)'
2023-03-11 20:58:17.2167|INFO|Microsoft.AspNetCore.Mvc.Infrastructure.ControllerActionInvoker|Route matched with {action = "GetDeposits", controller = "Deposits"}. Executing controller action with signature Microsoft.AspNetCore.Mvc.IActionResult GetDeposits(Int32, Int32) on controller Bank.API.Controllers.DepositsController (Bank.API).
2023-03-11 20:58:17.2328|INFO|Microsoft.EntityFrameworkCore.Database.Command|Executed DbCommand (0ms) [Parameters=[], CommandType='Text', CommandTimeout='30']
SELECT 1
2023-03-11 20:58:17.2328|INFO|Microsoft.EntityFrameworkCore.Database.Command|Executed DbCommand (2ms) [Parameters=[], CommandType='Text', CommandTimeout='30']

IF EXISTS
    (SELECT *
     FROM [sys].[objects] o
     WHERE [o].[type] = 'U'
     AND [o].[is_ms_shipped] = 0
     AND NOT EXISTS (SELECT *
         FROM [sys].[extended_properties] AS [ep]
         WHERE [ep].[major_id] = [o].[object_id]
             AND [ep].[minor_id] = 0
             AND [ep].[class] = 1
             AND [ep].[name] = N'microsoft_database_tools_support'
    )
)
SELECT 1 ELSE SELECT 0
2023-03-11 20:58:17.6608|INFO|Microsoft.EntityFrameworkCore.Database.Command|Executed DbCommand (97ms) [Parameters=[@__accountId_0='?' (DbType = Int32)], CommandType='Text', CommandTimeout='30']
SELECT CASE
    WHEN EXISTS (
        SELECT 1
        FROM [Accounts] AS [a]
        WHERE [a].[Id] = @__accountId_0) THEN CAST(1 AS bit)
    ELSE CAST(0 AS bit)
END
2023-03-11 20:58:17.6733|INFO|Microsoft.EntityFrameworkCore.Database.Command|Executed DbCommand (2ms) [Parameters=[@__accountId_0='?' (DbType = Int32)], CommandType='Text', CommandTimeout='30']
SELECT [d].[Id], [d].[AccountId], [d].[DepositSum], [d].[Name], [d].[Period]
FROM [Deposits] AS [d]
WHERE [d].[AccountId] = @__accountId_0
2023-03-11 20:58:17.6990|INFO|Microsoft.AspNetCore.Mvc.Infrastructure.ObjectResultExecutor|Executing OkObjectResult, writing value of type 'System.Collections.Generic.List`1[[Bank.API.Data.Models.DepositDTO, Bank.API, Version=1.0.0.0, Culture=neutral, PublicKeyToken=null]]'.
2023-03-11 20:58:17.6990|INFO|Microsoft.AspNetCore.Mvc.Infrastructure.ControllerActionInvoker|Executed action Bank.API.Controllers.DepositsController.GetDeposits (Bank.API) in 474.2ms
2023-03-11 20:58:17.7143|INFO|Microsoft.AspNetCore.Routing.EndpointMiddleware|Executed endpoint 'Bank.API.Controllers.DepositsController.GetDeposits (Bank.API)'
2023-03-11 20:58:17.7143|INFO|Microsoft.AspNetCore.Hosting.Diagnostics|Request finished HTTP/2 GET https://localhost:57658/api/accounts/1/deposits - - - 200 129 application/json;+charset=utf-8 507.1195ms
2023-03-11 20:58:23.7963|INFO|Microsoft.AspNetCore.Hosting.Diagnostics|Request starting HTTP/2 GET https://localhost:57658/api/accounts/1/deposits?period=1 - -
2023-03-11 20:58:23.7963|INFO|Microsoft.AspNetCore.Cors.Infrastructure.CorsService|CORS policy execution successful.
2023-03-11 20:58:23.7963|INFO|Microsoft.AspNetCore.Routing.EndpointMiddleware|Executing endpoint 'Bank.API.Controllers.DepositsController.GetDeposits (Bank.API)'
2023-03-11 20:58:23.7963|INFO|Microsoft.AspNetCore.Mvc.Infrastructure.ControllerActionInvoker|Route matched with {action = "GetDeposits", controller = "Deposits"}. Executing controller action with signature Microsoft.AspNetCore.Mvc.IActionResult GetDeposits(Int32, Int32) on controller Bank.API.Controllers.DepositsController (Bank.API).
2023-03-11 20:58:23.8128|INFO|Microsoft.EntityFrameworkCore.Database.Command|Executed DbCommand (1ms) [Parameters=[], CommandType='Text', CommandTimeout='30']
SELECT 1
2023-03-11 20:58:23.8128|INFO|Microsoft.EntityFrameworkCore.Database.Command|Executed DbCommand (3ms) [Parameters=[], CommandType='Text', CommandTimeout='30']

IF EXISTS
    (SELECT *
     FROM [sys].[objects] o
     WHERE [o].[type] = 'U'
     AND [o].[is_ms_shipped] = 0
     AND NOT EXISTS (SELECT *
         FROM [sys].[extended_properties] AS [ep]
         WHERE [ep].[major_id] = [o].[object_id]
             AND [ep].[minor_id] = 0
             AND [ep].[class] = 1
             AND [ep].[name] = N'microsoft_database_tools_support'
    )
)
SELECT 1 ELSE SELECT 0
2023-03-11 20:58:23.8329|INFO|Microsoft.EntityFrameworkCore.Database.Command|Executed DbCommand (0ms) [Parameters=[@__accountId_0='?' (DbType = Int32)], CommandType='Text', CommandTimeout='30']
SELECT CASE
    WHEN EXISTS (
        SELECT 1
        FROM [Accounts] AS [a]
        WHERE [a].[Id] = @__accountId_0) THEN CAST(1 AS bit)
    ELSE CAST(0 AS bit)
END
2023-03-11 20:58:23.8477|INFO|Microsoft.EntityFrameworkCore.Database.Command|Executed DbCommand (4ms) [Parameters=[@__accountId_0='?' (DbType = Int32), @__period_1='?' (DbType = Int32)], CommandType='Text', CommandTimeout='30']
SELECT [d].[Id], [d].[AccountId], [d].[DepositSum], [d].[Name], [d].[Period]
FROM [Deposits] AS [d]
WHERE [d].[AccountId] = @__accountId_0 AND [d].[Period] = @__period_1
2023-03-11 20:58:23.8477|INFO|Microsoft.AspNetCore.Mvc.Infrastructure.ObjectResultExecutor|Executing OkObjectResult, writing value of type 'System.Collections.Generic.List`1[[Bank.API.Data.Models.DepositDTO, Bank.API, Version=1.0.0.0, Culture=neutral, PublicKeyToken=null]]'.
2023-03-11 20:58:23.8477|INFO|Microsoft.AspNetCore.Mvc.Infrastructure.ControllerActionInvoker|Executed action Bank.API.Controllers.DepositsController.GetDeposits (Bank.API) in 43.4165ms
2023-03-11 20:58:23.8569|INFO|Microsoft.AspNetCore.Routing.EndpointMiddleware|Executed endpoint 'Bank.API.Controllers.DepositsController.GetDeposits (Bank.API)'
2023-03-11 20:58:23.8569|INFO|Microsoft.AspNetCore.Hosting.Diagnostics|Request finished HTTP/2 GET https://localhost:57658/api/accounts/1/deposits?period=1 - - - 200 66 application/json;+charset=utf-8 69.5771ms
2023-03-11 20:58:53.4749|INFO|Microsoft.AspNetCore.Hosting.Diagnostics|Request starting HTTP/2 OPTIONS https://localhost:57658/api/login - -
2023-03-11 20:58:53.4749|INFO|Microsoft.AspNetCore.Cors.Infrastructure.CorsService|CORS policy execution successful.
2023-03-11 20:58:53.5103|INFO|Microsoft.AspNetCore.Hosting.Diagnostics|Request finished HTTP/2 OPTIONS https://localhost:57658/api/login - - - 204 - - 9.3131ms
2023-03-11 20:58:53.5141|INFO|Microsoft.AspNetCore.Hosting.Diagnostics|Request starting HTTP/2 POST https://localhost:57658/api/login application/json;+charset=UTF-8 103
2023-03-11 20:58:53.5141|INFO|Microsoft.AspNetCore.Cors.Infrastructure.CorsService|CORS policy execution successful.
2023-03-11 20:58:53.5141|INFO|Microsoft.AspNetCore.Routing.EndpointMiddleware|Executing endpoint 'Bank.API.Controllers.LoginController.Login (Bank.API)'
2023-03-11 20:58:53.5141|INFO|Microsoft.AspNetCore.Mvc.Infrastructure.ControllerActionInvoker|Route matched with {action = "Login", controller = "Login"}. Executing controller action with signature Microsoft.AspNetCore.Mvc.IActionResult Login(Bank.API.Data.Models.LoginRequest) on controller Bank.API.Controllers.LoginController (Bank.API).
2023-03-11 20:58:53.5561|INFO|Microsoft.EntityFrameworkCore.Database.Command|Executed DbCommand (0ms) [Parameters=[], CommandType='Text', CommandTimeout='30']
SELECT 1
2023-03-11 20:58:53.5610|INFO|Microsoft.EntityFrameworkCore.Database.Command|Executed DbCommand (2ms) [Parameters=[], CommandType='Text', CommandTimeout='30']

IF EXISTS
    (SELECT *
     FROM [sys].[objects] o
     WHERE [o].[type] = 'U'
     AND [o].[is_ms_shipped] = 0
     AND NOT EXISTS (SELECT *
         FROM [sys].[extended_properties] AS [ep]
         WHERE [ep].[major_id] = [o].[object_id]
             AND [ep].[minor_id] = 0
             AND [ep].[class] = 1
             AND [ep].[name] = N'microsoft_database_tools_support'
    )
)
SELECT 1 ELSE SELECT 0
2023-03-11 20:58:53.5610|INFO|Microsoft.EntityFrameworkCore.Database.Command|Executed DbCommand (0ms) [Parameters=[], CommandType='Text', CommandTimeout='30']
SELECT [u].[Id], [u].[Admin], [u].[Email], [u].[FirstName], [u].[LastName], [u].[Password], [u].[Username]
FROM [Users] AS [u]
2023-03-11 20:58:53.5610|INFO|Microsoft.AspNetCore.Mvc.Infrastructure.ObjectResultExecutor|Executing OkObjectResult, writing value of type 'Bank.API.Data.Models.UserDTO'.
2023-03-11 20:58:53.5610|INFO|Microsoft.AspNetCore.Mvc.Infrastructure.ControllerActionInvoker|Executed action Bank.API.Controllers.LoginController.Login (Bank.API) in 46.1377ms
2023-03-11 20:58:53.5754|INFO|Microsoft.AspNetCore.Routing.EndpointMiddleware|Executed endpoint 'Bank.API.Controllers.LoginController.Login (Bank.API)'
2023-03-11 20:58:53.5754|INFO|Microsoft.AspNetCore.Hosting.Diagnostics|Request finished HTTP/2 POST https://localhost:57658/api/login application/json;+charset=UTF-8 103 - 200 208 application/json;+charset=utf-8 64.8536ms
2023-03-11 20:58:53.7956|INFO|Microsoft.AspNetCore.Hosting.Diagnostics|Request starting HTTP/2 GET https://localhost:57658/api/users/1/accounts - -
2023-03-11 20:58:53.7956|INFO|Microsoft.AspNetCore.Cors.Infrastructure.CorsService|CORS policy execution successful.
2023-03-11 20:58:53.7956|INFO|Microsoft.AspNetCore.Routing.EndpointMiddleware|Executing endpoint 'Bank.API.Controllers.UsersController.GetDeposits (Bank.API)'
2023-03-11 20:58:53.7956|INFO|Microsoft.AspNetCore.Mvc.Infrastructure.ControllerActionInvoker|Route matched with {action = "GetDeposits", controller = "Users"}. Executing controller action with signature Microsoft.AspNetCore.Mvc.IActionResult GetDeposits(Int32) on controller Bank.API.Controllers.UsersController (Bank.API).
2023-03-11 20:58:53.8121|INFO|Microsoft.EntityFrameworkCore.Database.Command|Executed DbCommand (0ms) [Parameters=[], CommandType='Text', CommandTimeout='30']
SELECT 1
2023-03-11 20:58:53.8121|INFO|Microsoft.EntityFrameworkCore.Database.Command|Executed DbCommand (2ms) [Parameters=[], CommandType='Text', CommandTimeout='30']

IF EXISTS
    (SELECT *
     FROM [sys].[objects] o
     WHERE [o].[type] = 'U'
     AND [o].[is_ms_shipped] = 0
     AND NOT EXISTS (SELECT *
         FROM [sys].[extended_properties] AS [ep]
         WHERE [ep].[major_id] = [o].[object_id]
             AND [ep].[minor_id] = 0
             AND [ep].[class] = 1
             AND [ep].[name] = N'microsoft_database_tools_support'
    )
)
SELECT 1 ELSE SELECT 0
2023-03-11 20:58:53.8323|INFO|Microsoft.EntityFrameworkCore.Database.Command|Executed DbCommand (1ms) [Parameters=[@__userId_0='?' (DbType = Int32)], CommandType='Text', CommandTimeout='30']
SELECT TOP(1) [u].[Id], [u].[Admin], [u].[Email], [u].[FirstName], [u].[LastName], [u].[Password], [u].[Username]
FROM [Users] AS [u]
WHERE [u].[Id] = @__userId_0
2023-03-11 20:58:53.8452|INFO|Microsoft.EntityFrameworkCore.Database.Command|Executed DbCommand (1ms) [Parameters=[@__id_0='?' (DbType = Int32)], CommandType='Text', CommandTimeout='30']
SELECT [a].[Id], [a].[FirstName], [a].[LastName], [a].[Sum], [a].[UserId]
FROM [Accounts] AS [a]
WHERE [a].[UserId] = @__id_0
2023-03-11 20:58:53.8680|INFO|Microsoft.AspNetCore.Mvc.Infrastructure.ObjectResultExecutor|Executing OkObjectResult, writing value of type 'System.Collections.Generic.List`1[[Bank.API.Data.Models.AccountWithoutDepositsDTO, Bank.API, Version=1.0.0.0, Culture=neutral, PublicKeyToken=null]]'.
2023-03-11 20:58:53.8725|INFO|Microsoft.AspNetCore.Mvc.Infrastructure.ControllerActionInvoker|Executed action Bank.API.Controllers.UsersController.GetDeposits (Bank.API) in 60.3577ms
2023-03-11 20:58:53.8725|INFO|Microsoft.AspNetCore.Routing.EndpointMiddleware|Executed endpoint 'Bank.API.Controllers.UsersController.GetDeposits (Bank.API)'
2023-03-11 20:58:53.8725|INFO|Microsoft.AspNetCore.Hosting.Diagnostics|Request finished HTTP/2 GET https://localhost:57658/api/users/1/accounts - - - 200 145 application/json;+charset=utf-8 82.6225ms
2023-03-11 20:58:56.0634|INFO|Microsoft.AspNetCore.Hosting.Diagnostics|Request starting HTTP/2 GET https://localhost:57658/api/accounts/1/deposits - -
2023-03-11 20:58:56.0634|INFO|Microsoft.AspNetCore.Cors.Infrastructure.CorsService|CORS policy execution successful.
2023-03-11 20:58:56.1472|INFO|Microsoft.AspNetCore.Routing.EndpointMiddleware|Executing endpoint 'Bank.API.Controllers.DepositsController.GetDeposits (Bank.API)'
2023-03-11 20:58:56.1472|INFO|Microsoft.AspNetCore.Mvc.Infrastructure.ControllerActionInvoker|Route matched with {action = "GetDeposits", controller = "Deposits"}. Executing controller action with signature Microsoft.AspNetCore.Mvc.IActionResult GetDeposits(Int32, Int32) on controller Bank.API.Controllers.DepositsController (Bank.API).
2023-03-11 20:58:56.1543|INFO|Microsoft.EntityFrameworkCore.Database.Command|Executed DbCommand (0ms) [Parameters=[], CommandType='Text', CommandTimeout='30']
SELECT 1
2023-03-11 20:58:56.1543|INFO|Microsoft.EntityFrameworkCore.Database.Command|Executed DbCommand (3ms) [Parameters=[], CommandType='Text', CommandTimeout='30']

IF EXISTS
    (SELECT *
     FROM [sys].[objects] o
     WHERE [o].[type] = 'U'
     AND [o].[is_ms_shipped] = 0
     AND NOT EXISTS (SELECT *
         FROM [sys].[extended_properties] AS [ep]
         WHERE [ep].[major_id] = [o].[object_id]
             AND [ep].[minor_id] = 0
             AND [ep].[class] = 1
             AND [ep].[name] = N'microsoft_database_tools_support'
    )
)
SELECT 1 ELSE SELECT 0
2023-03-11 20:58:56.1543|INFO|Microsoft.EntityFrameworkCore.Database.Command|Executed DbCommand (0ms) [Parameters=[@__accountId_0='?' (DbType = Int32)], CommandType='Text', CommandTimeout='30']
SELECT CASE
    WHEN EXISTS (
        SELECT 1
        FROM [Accounts] AS [a]
        WHERE [a].[Id] = @__accountId_0) THEN CAST(1 AS bit)
    ELSE CAST(0 AS bit)
END
2023-03-11 20:58:56.1543|INFO|Microsoft.EntityFrameworkCore.Database.Command|Executed DbCommand (0ms) [Parameters=[@__accountId_0='?' (DbType = Int32)], CommandType='Text', CommandTimeout='30']
SELECT [d].[Id], [d].[AccountId], [d].[DepositSum], [d].[Name], [d].[Period]
FROM [Deposits] AS [d]
WHERE [d].[AccountId] = @__accountId_0
2023-03-11 20:58:56.1714|INFO|Microsoft.AspNetCore.Mvc.Infrastructure.ObjectResultExecutor|Executing OkObjectResult, writing value of type 'System.Collections.Generic.List`1[[Bank.API.Data.Models.DepositDTO, Bank.API, Version=1.0.0.0, Culture=neutral, PublicKeyToken=null]]'.
2023-03-11 20:58:56.1714|INFO|Microsoft.AspNetCore.Mvc.Infrastructure.ControllerActionInvoker|Executed action Bank.API.Controllers.DepositsController.GetDeposits (Bank.API) in 21.111ms
2023-03-11 20:58:56.1714|INFO|Microsoft.AspNetCore.Routing.EndpointMiddleware|Executed endpoint 'Bank.API.Controllers.DepositsController.GetDeposits (Bank.API)'
2023-03-11 20:58:56.1834|INFO|Microsoft.AspNetCore.Hosting.Diagnostics|Request finished HTTP/2 GET https://localhost:57658/api/accounts/1/deposits - - - 200 129 application/json;+charset=utf-8 126.5245ms
