2023-03-27 19:49:29.0119|INFO|Bank.API.Program|Initializing application...
2023-03-27 19:49:51.1618|INFO|Microsoft.EntityFrameworkCore.Database.Command|Executed DbCommand (75ms) [Parameters=[], CommandType='Text', CommandTimeout='30']
SELECT 1
2023-03-27 19:49:51.3675|INFO|Microsoft.EntityFrameworkCore.Database.Command|Executed DbCommand (135ms) [Parameters=[], CommandType='Text', CommandTimeout='30']

IF EXISTS
    (SELECT *
     FROM [sys].[objects] o
     WHERE [o].[type] = 'U'
     AND [o].[is_ms_shipped] = 0
     AND NOT EXISTS (SELECT *
         FROM [sys].[extended_properties] AS [ep]
         WHERE [ep].[major_id] = [o].[object_id]
             AND [ep].[minor_id] = 0
             AND [ep].[class] = 1
             AND [ep].[name] = N'microsoft_database_tools_support'
    )
)
SELECT 1 ELSE SELECT 0
2023-03-27 19:49:51.3748|INFO|Microsoft.EntityFrameworkCore.Database.Command|Executed DbCommand (2ms) [Parameters=[], CommandType='Text', CommandTimeout='30']
SELECT 1
2023-03-27 19:49:51.6835|INFO|Microsoft.EntityFrameworkCore.Database.Command|Executed DbCommand (106ms) [Parameters=[], CommandType='Text', CommandTimeout='60']
IF SERVERPROPERTY('EngineEdition') <> 5
BEGIN
    ALTER DATABASE [AccountInfoDB] SET SINGLE_USER WITH ROLLBACK IMMEDIATE;
END;
2023-03-27 19:49:51.7572|INFO|Microsoft.EntityFrameworkCore.Database.Command|Executed DbCommand (71ms) [Parameters=[], CommandType='Text', CommandTimeout='60']
DROP DATABASE [AccountInfoDB];
2023-03-27 19:49:52.2081|INFO|Microsoft.EntityFrameworkCore.Database.Command|Executed DbCommand (329ms) [Parameters=[], CommandType='Text', CommandTimeout='60']
CREATE DATABASE [AccountInfoDB];
2023-03-27 19:49:52.3285|INFO|Microsoft.EntityFrameworkCore.Database.Command|Executed DbCommand (118ms) [Parameters=[], CommandType='Text', CommandTimeout='60']
IF SERVERPROPERTY('EngineEdition') <> 5
BEGIN
    ALTER DATABASE [AccountInfoDB] SET READ_COMMITTED_SNAPSHOT ON;
END;
2023-03-27 19:49:52.3285|INFO|Microsoft.EntityFrameworkCore.Database.Command|Executed DbCommand (0ms) [Parameters=[], CommandType='Text', CommandTimeout='30']
SELECT 1
2023-03-27 19:49:52.5732|INFO|Microsoft.EntityFrameworkCore.Database.Command|Executed DbCommand (11ms) [Parameters=[], CommandType='Text', CommandTimeout='30']
CREATE TABLE [__EFMigrationsHistory] (
    [MigrationId] nvarchar(150) NOT NULL,
    [ProductVersion] nvarchar(32) NOT NULL,
    CONSTRAINT [PK___EFMigrationsHistory] PRIMARY KEY ([MigrationId])
);
2023-03-27 19:49:52.5780|INFO|Microsoft.EntityFrameworkCore.Database.Command|Executed DbCommand (0ms) [Parameters=[], CommandType='Text', CommandTimeout='30']
SELECT 1
2023-03-27 19:49:52.5780|INFO|Microsoft.EntityFrameworkCore.Database.Command|Executed DbCommand (1ms) [Parameters=[], CommandType='Text', CommandTimeout='30']
SELECT OBJECT_ID(N'[__EFMigrationsHistory]');
2023-03-27 19:49:52.6087|INFO|Microsoft.EntityFrameworkCore.Database.Command|Executed DbCommand (7ms) [Parameters=[], CommandType='Text', CommandTimeout='30']
SELECT [MigrationId], [ProductVersion]
FROM [__EFMigrationsHistory]
ORDER BY [MigrationId];
2023-03-27 19:49:52.6520|INFO|Microsoft.EntityFrameworkCore.Migrations|Applying migration '20230112122455_AccountInfoDBInitialMigration'.
2023-03-27 19:49:52.8161|INFO|Microsoft.EntityFrameworkCore.Database.Command|Executed DbCommand (3ms) [Parameters=[], CommandType='Text', CommandTimeout='30']
CREATE TABLE [Accounts] (
    [Id] int NOT NULL IDENTITY,
    [Owner] nvarchar(50) NOT NULL,
    [Sum] real NOT NULL,
    CONSTRAINT [PK_Accounts] PRIMARY KEY ([Id])
);
2023-03-27 19:49:52.8161|INFO|Microsoft.EntityFrameworkCore.Database.Command|Executed DbCommand (3ms) [Parameters=[], CommandType='Text', CommandTimeout='30']
CREATE TABLE [Deposits] (
    [Id] int NOT NULL IDENTITY,
    [Name] nvarchar(50) NOT NULL,
    [Period] int NOT NULL,
    [DepositSum] real NOT NULL,
    [AccountId] int NOT NULL,
    CONSTRAINT [PK_Deposits] PRIMARY KEY ([Id]),
    CONSTRAINT [FK_Deposits_Accounts_AccountId] FOREIGN KEY ([AccountId]) REFERENCES [Accounts] ([Id]) ON DELETE CASCADE
);
2023-03-27 19:49:52.8645|INFO|Microsoft.EntityFrameworkCore.Database.Command|Executed DbCommand (38ms) [Parameters=[], CommandType='Text', CommandTimeout='30']
IF EXISTS (SELECT * FROM [sys].[identity_columns] WHERE [name] IN (N'Id', N'Owner', N'Sum') AND [object_id] = OBJECT_ID(N'[Accounts]'))
    SET IDENTITY_INSERT [Accounts] ON;
INSERT INTO [Accounts] ([Id], [Owner], [Sum])
VALUES (1, N'Gabor Andreea', CAST(2500 AS real)),
(2, N'Pavel Carmen', CAST(3200 AS real)),
(3, N'Wolf Lorena', CAST(2800 AS real));
IF EXISTS (SELECT * FROM [sys].[identity_columns] WHERE [name] IN (N'Id', N'Owner', N'Sum') AND [object_id] = OBJECT_ID(N'[Accounts]'))
    SET IDENTITY_INSERT [Accounts] OFF;
2023-03-27 19:49:52.8995|INFO|Microsoft.EntityFrameworkCore.Database.Command|Executed DbCommand (32ms) [Parameters=[], CommandType='Text', CommandTimeout='30']
IF EXISTS (SELECT * FROM [sys].[identity_columns] WHERE [name] IN (N'Id', N'AccountId', N'DepositSum', N'Name', N'Period') AND [object_id] = OBJECT_ID(N'[Deposits]'))
    SET IDENTITY_INSERT [Deposits] ON;
INSERT INTO [Deposits] ([Id], [AccountId], [DepositSum], [Name], [Period])
VALUES (1, 1, CAST(2000 AS real), N'Savings Deposit', 1),
(2, 1, CAST(500 AS real), N'Fixed Deposit', 12),
(3, 2, CAST(2200 AS real), N'Fixed Deposit', 6),
(4, 2, CAST(1000 AS real), N'Recurring Deposit', 1),
(5, 3, CAST(1200 AS real), N'Savings Deposit', 12),
(6, 3, CAST(1600 AS real), N'Current Deposit', 6);
IF EXISTS (SELECT * FROM [sys].[identity_columns] WHERE [name] IN (N'Id', N'AccountId', N'DepositSum', N'Name', N'Period') AND [object_id] = OBJECT_ID(N'[Deposits]'))
    SET IDENTITY_INSERT [Deposits] OFF;
2023-03-27 19:49:52.9070|INFO|Microsoft.EntityFrameworkCore.Database.Command|Executed DbCommand (5ms) [Parameters=[], CommandType='Text', CommandTimeout='30']
CREATE INDEX [IX_Deposits_AccountId] ON [Deposits] ([AccountId]);
2023-03-27 19:49:52.9070|INFO|Microsoft.EntityFrameworkCore.Database.Command|Executed DbCommand (1ms) [Parameters=[], CommandType='Text', CommandTimeout='30']
INSERT INTO [__EFMigrationsHistory] ([MigrationId], [ProductVersion])
VALUES (N'20230112122455_AccountInfoDBInitialMigration', N'7.0.2');
2023-03-27 19:49:52.9307|INFO|Microsoft.EntityFrameworkCore.Migrations|Applying migration '20230206140911_AccountInfoDBAddUsers'.
2023-03-27 19:49:52.9794|INFO|Microsoft.EntityFrameworkCore.Database.Command|Executed DbCommand (2ms) [Parameters=[], CommandType='Text', CommandTimeout='30']
ALTER TABLE [Accounts] ADD [UserId] int NULL;
2023-03-27 19:49:52.9794|INFO|Microsoft.EntityFrameworkCore.Database.Command|Executed DbCommand (1ms) [Parameters=[], CommandType='Text', CommandTimeout='30']
CREATE TABLE [Users] (
    [Id] int NOT NULL IDENTITY,
    [Name] nvarchar(50) NOT NULL,
    [Email] nvarchar(max) NOT NULL,
    [Username] nvarchar(50) NOT NULL,
    [Password] nvarchar(50) NOT NULL,
    [Admin] bit NOT NULL,
    CONSTRAINT [PK_Users] PRIMARY KEY ([Id])
);
2023-03-27 19:49:52.9896|INFO|Microsoft.EntityFrameworkCore.Database.Command|Executed DbCommand (2ms) [Parameters=[], CommandType='Text', CommandTimeout='30']
UPDATE [Accounts] SET [UserId] = NULL
WHERE [Id] = 1;
SELECT @@ROWCOUNT;
2023-03-27 19:49:52.9896|INFO|Microsoft.EntityFrameworkCore.Database.Command|Executed DbCommand (1ms) [Parameters=[], CommandType='Text', CommandTimeout='30']
UPDATE [Accounts] SET [UserId] = NULL
WHERE [Id] = 2;
SELECT @@ROWCOUNT;
2023-03-27 19:49:52.9896|INFO|Microsoft.EntityFrameworkCore.Database.Command|Executed DbCommand (1ms) [Parameters=[], CommandType='Text', CommandTimeout='30']
UPDATE [Accounts] SET [UserId] = NULL
WHERE [Id] = 3;
SELECT @@ROWCOUNT;
2023-03-27 19:49:53.0118|INFO|Microsoft.EntityFrameworkCore.Database.Command|Executed DbCommand (12ms) [Parameters=[], CommandType='Text', CommandTimeout='30']
IF EXISTS (SELECT * FROM [sys].[identity_columns] WHERE [name] IN (N'Id', N'Admin', N'Email', N'Name', N'Password', N'Username') AND [object_id] = OBJECT_ID(N'[Users]'))
    SET IDENTITY_INSERT [Users] ON;
INSERT INTO [Users] ([Id], [Admin], [Email], [Name], [Password], [Username])
VALUES (1, CAST(0 AS bit), N'ioanagabor@gmail.com', N'Ioana Gabor', N'1234', N'ioanagabor'),
(2, CAST(0 AS bit), N'carmen2411@gmail.com', N'Pavel Carmen', N'1234', N'pavelcarme'),
(3, CAST(1 AS bit), N'andreeagabor@gmail.com', N'Deea Gabor', N'1234', N'deeagabor');
IF EXISTS (SELECT * FROM [sys].[identity_columns] WHERE [name] IN (N'Id', N'Admin', N'Email', N'Name', N'Password', N'Username') AND [object_id] = OBJECT_ID(N'[Users]'))
    SET IDENTITY_INSERT [Users] OFF;
2023-03-27 19:49:53.0221|INFO|Microsoft.EntityFrameworkCore.Database.Command|Executed DbCommand (5ms) [Parameters=[], CommandType='Text', CommandTimeout='30']
CREATE INDEX [IX_Accounts_UserId] ON [Accounts] ([UserId]);
2023-03-27 19:49:53.0319|INFO|Microsoft.EntityFrameworkCore.Database.Command|Executed DbCommand (7ms) [Parameters=[], CommandType='Text', CommandTimeout='30']
ALTER TABLE [Accounts] ADD CONSTRAINT [FK_Accounts_Users_UserId] FOREIGN KEY ([UserId]) REFERENCES [Users] ([Id]);
2023-03-27 19:49:53.0319|INFO|Microsoft.EntityFrameworkCore.Database.Command|Executed DbCommand (1ms) [Parameters=[], CommandType='Text', CommandTimeout='30']
INSERT INTO [__EFMigrationsHistory] ([MigrationId], [ProductVersion])
VALUES (N'20230206140911_AccountInfoDBAddUsers', N'7.0.2');
2023-03-27 19:49:53.0319|INFO|Microsoft.EntityFrameworkCore.Migrations|Applying migration '20230206151030_AccountInfoDBAddUserIdForAccounts'.
2023-03-27 19:49:53.0908|INFO|Microsoft.EntityFrameworkCore.Database.Command|Executed DbCommand (2ms) [Parameters=[], CommandType='Text', CommandTimeout='30']
ALTER TABLE [Accounts] DROP CONSTRAINT [FK_Accounts_Users_UserId];
2023-03-27 19:49:53.1718|INFO|Microsoft.EntityFrameworkCore.Database.Command|Executed DbCommand (79ms) [Parameters=[], CommandType='Text', CommandTimeout='30']
DROP INDEX [IX_Accounts_UserId] ON [Accounts];
DECLARE @var0 sysname;
SELECT @var0 = [d].[name]
FROM [sys].[default_constraints] [d]
INNER JOIN [sys].[columns] [c] ON [d].[parent_column_id] = [c].[column_id] AND [d].[parent_object_id] = [c].[object_id]
WHERE ([d].[parent_object_id] = OBJECT_ID(N'[Accounts]') AND [c].[name] = N'UserId');
IF @var0 IS NOT NULL EXEC(N'ALTER TABLE [Accounts] DROP CONSTRAINT [' + @var0 + '];');
UPDATE [Accounts] SET [UserId] = 0 WHERE [UserId] IS NULL;
ALTER TABLE [Accounts] ALTER COLUMN [UserId] int NOT NULL;
ALTER TABLE [Accounts] ADD DEFAULT 0 FOR [UserId];
CREATE INDEX [IX_Accounts_UserId] ON [Accounts] ([UserId]);
2023-03-27 19:49:53.1718|INFO|Microsoft.EntityFrameworkCore.Database.Command|Executed DbCommand (2ms) [Parameters=[], CommandType='Text', CommandTimeout='30']
UPDATE [Accounts] SET [UserId] = 1
WHERE [Id] = 1;
SELECT @@ROWCOUNT;
2023-03-27 19:49:53.1718|INFO|Microsoft.EntityFrameworkCore.Database.Command|Executed DbCommand (1ms) [Parameters=[], CommandType='Text', CommandTimeout='30']
UPDATE [Accounts] SET [UserId] = 2
WHERE [Id] = 2;
SELECT @@ROWCOUNT;
2023-03-27 19:49:53.1718|INFO|Microsoft.EntityFrameworkCore.Database.Command|Executed DbCommand (1ms) [Parameters=[], CommandType='Text', CommandTimeout='30']
UPDATE [Accounts] SET [UserId] = 3
WHERE [Id] = 3;
SELECT @@ROWCOUNT;
2023-03-27 19:49:53.1870|INFO|Microsoft.EntityFrameworkCore.Database.Command|Executed DbCommand (2ms) [Parameters=[], CommandType='Text', CommandTimeout='30']
ALTER TABLE [Accounts] ADD CONSTRAINT [FK_Accounts_Users_UserId] FOREIGN KEY ([UserId]) REFERENCES [Users] ([Id]) ON DELETE CASCADE;
2023-03-27 19:49:53.1870|INFO|Microsoft.EntityFrameworkCore.Database.Command|Executed DbCommand (0ms) [Parameters=[], CommandType='Text', CommandTimeout='30']
INSERT INTO [__EFMigrationsHistory] ([MigrationId], [ProductVersion])
VALUES (N'20230206151030_AccountInfoDBAddUserIdForAccounts', N'7.0.2');
2023-03-27 19:49:53.1870|INFO|Microsoft.EntityFrameworkCore.Migrations|Applying migration '20230206151654_AccountInfoDBEditDatabase'.
2023-03-27 19:49:53.2129|INFO|Microsoft.EntityFrameworkCore.Database.Command|Executed DbCommand (2ms) [Parameters=[], CommandType='Text', CommandTimeout='30']
UPDATE [Accounts] SET [Owner] = N'Gabor Ioana'
WHERE [Id] = 1;
SELECT @@ROWCOUNT;
2023-03-27 19:49:53.2129|INFO|Microsoft.EntityFrameworkCore.Database.Command|Executed DbCommand (0ms) [Parameters=[], CommandType='Text', CommandTimeout='30']
UPDATE [Accounts] SET [Owner] = N'Gabor Andreea'
WHERE [Id] = 3;
SELECT @@ROWCOUNT;
2023-03-27 19:49:53.2194|INFO|Microsoft.EntityFrameworkCore.Database.Command|Executed DbCommand (1ms) [Parameters=[], CommandType='Text', CommandTimeout='30']
UPDATE [Users] SET [Name] = N'Gabor Ioana'
WHERE [Id] = 1;
SELECT @@ROWCOUNT;
2023-03-27 19:49:53.2194|INFO|Microsoft.EntityFrameworkCore.Database.Command|Executed DbCommand (0ms) [Parameters=[], CommandType='Text', CommandTimeout='30']
UPDATE [Users] SET [Name] = N'Gabor Andreea'
WHERE [Id] = 3;
SELECT @@ROWCOUNT;
2023-03-27 19:49:53.2194|INFO|Microsoft.EntityFrameworkCore.Database.Command|Executed DbCommand (0ms) [Parameters=[], CommandType='Text', CommandTimeout='30']
INSERT INTO [__EFMigrationsHistory] ([MigrationId], [ProductVersion])
VALUES (N'20230206151654_AccountInfoDBEditDatabase', N'7.0.2');
2023-03-27 19:49:53.2194|INFO|Microsoft.EntityFrameworkCore.Migrations|Applying migration '20230206232605_AccountInfoDBNewEditDatabase'.
2023-03-27 19:49:53.2526|INFO|Microsoft.EntityFrameworkCore.Database.Command|Executed DbCommand (2ms) [Parameters=[], CommandType='Text', CommandTimeout='30']
UPDATE [Users] SET [Username] = N'pavelcarmen'
WHERE [Id] = 2;
SELECT @@ROWCOUNT;
2023-03-27 19:49:53.2526|INFO|Microsoft.EntityFrameworkCore.Database.Command|Executed DbCommand (0ms) [Parameters=[], CommandType='Text', CommandTimeout='30']
INSERT INTO [__EFMigrationsHistory] ([MigrationId], [ProductVersion])
VALUES (N'20230206232605_AccountInfoDBNewEditDatabase', N'7.0.2');
2023-03-27 19:49:53.2526|INFO|Microsoft.EntityFrameworkCore.Migrations|Applying migration '20230207153732_AccountInfoDBAddNewAccounts'.
2023-03-27 19:49:53.2863|INFO|Microsoft.EntityFrameworkCore.Database.Command|Executed DbCommand (3ms) [Parameters=[], CommandType='Text', CommandTimeout='30']
UPDATE [Accounts] SET [Owner] = N'Pavel Carmen', [Sum] = CAST(200 AS real), [UserId] = 2
WHERE [Id] = 3;
SELECT @@ROWCOUNT;
2023-03-27 19:49:53.3035|INFO|Microsoft.EntityFrameworkCore.Database.Command|Executed DbCommand (15ms) [Parameters=[], CommandType='Text', CommandTimeout='30']
IF EXISTS (SELECT * FROM [sys].[identity_columns] WHERE [name] IN (N'Id', N'Owner', N'Sum', N'UserId') AND [object_id] = OBJECT_ID(N'[Accounts]'))
    SET IDENTITY_INSERT [Accounts] ON;
INSERT INTO [Accounts] ([Id], [Owner], [Sum], [UserId])
VALUES (4, N'Gabor Ioana', CAST(2800 AS real), 2);
IF EXISTS (SELECT * FROM [sys].[identity_columns] WHERE [name] IN (N'Id', N'Owner', N'Sum', N'UserId') AND [object_id] = OBJECT_ID(N'[Accounts]'))
    SET IDENTITY_INSERT [Accounts] OFF;
2023-03-27 19:49:53.3230|INFO|Microsoft.EntityFrameworkCore.Database.Command|Executed DbCommand (17ms) [Parameters=[], CommandType='Text', CommandTimeout='30']
IF EXISTS (SELECT * FROM [sys].[identity_columns] WHERE [name] IN (N'Id', N'AccountId', N'DepositSum', N'Name', N'Period') AND [object_id] = OBJECT_ID(N'[Deposits]'))
    SET IDENTITY_INSERT [Deposits] ON;
INSERT INTO [Deposits] ([Id], [AccountId], [DepositSum], [Name], [Period])
VALUES (7, 4, CAST(100 AS real), N'Recurring Deposit', 6),
(8, 4, CAST(12 AS real), N'Savings Deposit', 12);
IF EXISTS (SELECT * FROM [sys].[identity_columns] WHERE [name] IN (N'Id', N'AccountId', N'DepositSum', N'Name', N'Period') AND [object_id] = OBJECT_ID(N'[Deposits]'))
    SET IDENTITY_INSERT [Deposits] OFF;
2023-03-27 19:49:53.3230|INFO|Microsoft.EntityFrameworkCore.Database.Command|Executed DbCommand (0ms) [Parameters=[], CommandType='Text', CommandTimeout='30']
INSERT INTO [__EFMigrationsHistory] ([MigrationId], [ProductVersion])
VALUES (N'20230207153732_AccountInfoDBAddNewAccounts', N'7.0.2');
2023-03-27 19:49:53.3290|INFO|Microsoft.EntityFrameworkCore.Migrations|Applying migration '20230207153902_AccountInfoDBAddNewAccounts2'.
2023-03-27 19:49:53.3499|INFO|Microsoft.EntityFrameworkCore.Database.Command|Executed DbCommand (3ms) [Parameters=[], CommandType='Text', CommandTimeout='30']
UPDATE [Accounts] SET [UserId] = 1
WHERE [Id] = 4;
SELECT @@ROWCOUNT;
2023-03-27 19:49:53.3499|INFO|Microsoft.EntityFrameworkCore.Database.Command|Executed DbCommand (0ms) [Parameters=[], CommandType='Text', CommandTimeout='30']
INSERT INTO [__EFMigrationsHistory] ([MigrationId], [ProductVersion])
VALUES (N'20230207153902_AccountInfoDBAddNewAccounts2', N'7.0.2');
2023-03-27 19:49:53.3499|INFO|Microsoft.EntityFrameworkCore.Migrations|Applying migration '20230207174051_AccountInfoDBAddAttributes'.
2023-03-27 19:49:53.3789|INFO|Microsoft.EntityFrameworkCore.Database.Command|Executed DbCommand (2ms) [Parameters=[], CommandType='Text', CommandTimeout='30']
UPDATE [Users] SET [Password] = N'12345678'
WHERE [Id] = 1;
SELECT @@ROWCOUNT;
2023-03-27 19:49:53.3789|INFO|Microsoft.EntityFrameworkCore.Database.Command|Executed DbCommand (1ms) [Parameters=[], CommandType='Text', CommandTimeout='30']
UPDATE [Users] SET [Password] = N'12345678'
WHERE [Id] = 2;
SELECT @@ROWCOUNT;
2023-03-27 19:49:53.3789|INFO|Microsoft.EntityFrameworkCore.Database.Command|Executed DbCommand (1ms) [Parameters=[], CommandType='Text', CommandTimeout='30']
UPDATE [Users] SET [Password] = N'12345678'
WHERE [Id] = 3;
SELECT @@ROWCOUNT;
2023-03-27 19:49:53.3914|INFO|Microsoft.EntityFrameworkCore.Database.Command|Executed DbCommand (1ms) [Parameters=[], CommandType='Text', CommandTimeout='30']
INSERT INTO [__EFMigrationsHistory] ([MigrationId], [ProductVersion])
VALUES (N'20230207174051_AccountInfoDBAddAttributes', N'7.0.2');
2023-03-27 19:49:53.3914|INFO|Microsoft.EntityFrameworkCore.Migrations|Applying migration '20230210221808_AccountInfoDBModifyAttributes'.
2023-03-27 19:49:53.4377|INFO|Microsoft.EntityFrameworkCore.Database.Command|Executed DbCommand (19ms) [Parameters=[], CommandType='Text', CommandTimeout='30']
DECLARE @var1 sysname;
SELECT @var1 = [d].[name]
FROM [sys].[default_constraints] [d]
INNER JOIN [sys].[columns] [c] ON [d].[parent_column_id] = [c].[column_id] AND [d].[parent_object_id] = [c].[object_id]
WHERE ([d].[parent_object_id] = OBJECT_ID(N'[Users]') AND [c].[name] = N'Password');
IF @var1 IS NOT NULL EXEC(N'ALTER TABLE [Users] DROP CONSTRAINT [' + @var1 + '];');
ALTER TABLE [Users] ALTER COLUMN [Password] nvarchar(100) NOT NULL;
2023-03-27 19:49:53.4377|INFO|Microsoft.EntityFrameworkCore.Database.Command|Executed DbCommand (3ms) [Parameters=[], CommandType='Text', CommandTimeout='30']
UPDATE [Users] SET [Password] = N'ef797c8118f02dfb649607dd5d3f8c7623048c9c063d532cc95c5ed7a898a64f'
WHERE [Id] = 1;
SELECT @@ROWCOUNT;
2023-03-27 19:49:53.4377|INFO|Microsoft.EntityFrameworkCore.Database.Command|Executed DbCommand (1ms) [Parameters=[], CommandType='Text', CommandTimeout='30']
INSERT INTO [__EFMigrationsHistory] ([MigrationId], [ProductVersion])
VALUES (N'20230210221808_AccountInfoDBModifyAttributes', N'7.0.2');
2023-03-27 19:49:53.4954|INFO|Microsoft.EntityFrameworkCore.Migrations|Applying migration '20230210222506_AccountInfoDBModifyAttributesForLogin'.
2023-03-27 19:49:53.5138|INFO|Microsoft.EntityFrameworkCore.Database.Command|Executed DbCommand (0ms) [Parameters=[], CommandType='Text', CommandTimeout='30']
INSERT INTO [__EFMigrationsHistory] ([MigrationId], [ProductVersion])
VALUES (N'20230210222506_AccountInfoDBModifyAttributesForLogin', N'7.0.2');
2023-03-27 19:49:53.5180|INFO|Microsoft.EntityFrameworkCore.Migrations|Applying migration '20230211234950_AccountInfoDBHashLoginRequest'.
2023-03-27 19:49:53.5364|INFO|Microsoft.EntityFrameworkCore.Database.Command|Executed DbCommand (0ms) [Parameters=[], CommandType='Text', CommandTimeout='30']
UPDATE [Users] SET [Password] = N'12345678'
WHERE [Id] = 1;
SELECT @@ROWCOUNT;
2023-03-27 19:49:53.5364|INFO|Microsoft.EntityFrameworkCore.Database.Command|Executed DbCommand (0ms) [Parameters=[], CommandType='Text', CommandTimeout='30']
INSERT INTO [__EFMigrationsHistory] ([MigrationId], [ProductVersion])
VALUES (N'20230211234950_AccountInfoDBHashLoginRequest', N'7.0.2');
2023-03-27 19:49:53.5364|INFO|Microsoft.EntityFrameworkCore.Migrations|Applying migration '20230212155300_AccountInfoDBUserIdAccounts'.
2023-03-27 19:49:53.5576|INFO|Microsoft.EntityFrameworkCore.Database.Command|Executed DbCommand (0ms) [Parameters=[], CommandType='Text', CommandTimeout='30']
INSERT INTO [__EFMigrationsHistory] ([MigrationId], [ProductVersion])
VALUES (N'20230212155300_AccountInfoDBUserIdAccounts', N'7.0.2');
2023-03-27 19:49:53.5609|INFO|Microsoft.EntityFrameworkCore.Migrations|Applying migration '20230215103344_AccountInfoDBUserAdmin'.
2023-03-27 19:49:53.5820|INFO|Microsoft.EntityFrameworkCore.Database.Command|Executed DbCommand (1ms) [Parameters=[], CommandType='Text', CommandTimeout='30']
INSERT INTO [__EFMigrationsHistory] ([MigrationId], [ProductVersion])
VALUES (N'20230215103344_AccountInfoDBUserAdmin', N'7.0.2');
2023-03-27 19:49:53.5820|INFO|Microsoft.EntityFrameworkCore.Migrations|Applying migration '20230215103953_AccountInfoDBModifyData'.
2023-03-27 19:49:53.6052|INFO|Microsoft.EntityFrameworkCore.Database.Command|Executed DbCommand (0ms) [Parameters=[], CommandType='Text', CommandTimeout='30']
UPDATE [Users] SET [Password] = N'ef797c8118f02dfb649607dd5d3f8c7623048c9c063d532cc95c5ed7a898a64f'
WHERE [Id] = 1;
SELECT @@ROWCOUNT;
2023-03-27 19:49:53.6092|INFO|Microsoft.EntityFrameworkCore.Database.Command|Executed DbCommand (1ms) [Parameters=[], CommandType='Text', CommandTimeout='30']
UPDATE [Users] SET [Password] = N'ef797c8118f02dfb649607dd5d3f8c7623048c9c063d532cc95c5ed7a898a64f'
WHERE [Id] = 2;
SELECT @@ROWCOUNT;
2023-03-27 19:49:53.6092|INFO|Microsoft.EntityFrameworkCore.Database.Command|Executed DbCommand (1ms) [Parameters=[], CommandType='Text', CommandTimeout='30']
UPDATE [Users] SET [Password] = N'ef797c8118f02dfb649607dd5d3f8c7623048c9c063d532cc95c5ed7a898a64f'
WHERE [Id] = 3;
SELECT @@ROWCOUNT;
2023-03-27 19:49:53.6092|INFO|Microsoft.EntityFrameworkCore.Database.Command|Executed DbCommand (0ms) [Parameters=[], CommandType='Text', CommandTimeout='30']
INSERT INTO [__EFMigrationsHistory] ([MigrationId], [ProductVersion])
VALUES (N'20230215103953_AccountInfoDBModifyData', N'7.0.2');
2023-03-27 19:49:53.6092|INFO|Microsoft.EntityFrameworkCore.Migrations|Applying migration '20230216141033_AccountInfoDBAddFirstAndLastName'.
2023-03-27 19:49:54.0144|INFO|Microsoft.EntityFrameworkCore.Database.Command|Executed DbCommand (370ms) [Parameters=[], CommandType='Text', CommandTimeout='30']
EXEC sp_rename N'[Users].[Name]', N'LastName', N'COLUMN';
2023-03-27 19:49:54.0186|INFO|Microsoft.EntityFrameworkCore.Database.Command|Executed DbCommand (2ms) [Parameters=[], CommandType='Text', CommandTimeout='30']
ALTER TABLE [Users] ADD [FirstName] nvarchar(50) NOT NULL DEFAULT N'';
2023-03-27 19:49:54.0186|INFO|Microsoft.EntityFrameworkCore.Database.Command|Executed DbCommand (2ms) [Parameters=[], CommandType='Text', CommandTimeout='30']
UPDATE [Users] SET [FirstName] = N'Ioana', [LastName] = N'Gabor'
WHERE [Id] = 1;
SELECT @@ROWCOUNT;
2023-03-27 19:49:54.0186|INFO|Microsoft.EntityFrameworkCore.Database.Command|Executed DbCommand (0ms) [Parameters=[], CommandType='Text', CommandTimeout='30']
UPDATE [Users] SET [FirstName] = N'Carmen', [LastName] = N'Pavel'
WHERE [Id] = 2;
SELECT @@ROWCOUNT;
2023-03-27 19:49:54.0186|INFO|Microsoft.EntityFrameworkCore.Database.Command|Executed DbCommand (1ms) [Parameters=[], CommandType='Text', CommandTimeout='30']
UPDATE [Users] SET [FirstName] = N'Andreea', [LastName] = N'Gabor'
WHERE [Id] = 3;
SELECT @@ROWCOUNT;
2023-03-27 19:49:54.0307|INFO|Microsoft.EntityFrameworkCore.Database.Command|Executed DbCommand (0ms) [Parameters=[], CommandType='Text', CommandTimeout='30']
INSERT INTO [__EFMigrationsHistory] ([MigrationId], [ProductVersion])
VALUES (N'20230216141033_AccountInfoDBAddFirstAndLastName', N'7.0.2');
2023-03-27 19:49:54.0307|INFO|Microsoft.EntityFrameworkCore.Migrations|Applying migration '20230216164620_AccountInfoDBAddFirstAndLastNameForAccounts'.
2023-03-27 19:49:54.0848|INFO|Microsoft.EntityFrameworkCore.Database.Command|Executed DbCommand (1ms) [Parameters=[], CommandType='Text', CommandTimeout='30']
EXEC sp_rename N'[Accounts].[Owner]', N'LastName', N'COLUMN';
2023-03-27 19:49:54.1073|INFO|Microsoft.EntityFrameworkCore.Database.Command|Executed DbCommand (20ms) [Parameters=[], CommandType='Text', CommandTimeout='30']
ALTER TABLE [Accounts] ADD [FirstName] nvarchar(50) NOT NULL DEFAULT N'';
2023-03-27 19:49:54.1171|INFO|Microsoft.EntityFrameworkCore.Database.Command|Executed DbCommand (4ms) [Parameters=[], CommandType='Text', CommandTimeout='30']
UPDATE [Accounts] SET [FirstName] = N'Ioana', [LastName] = N'Gabor'
WHERE [Id] = 1;
SELECT @@ROWCOUNT;
2023-03-27 19:49:54.1171|INFO|Microsoft.EntityFrameworkCore.Database.Command|Executed DbCommand (1ms) [Parameters=[], CommandType='Text', CommandTimeout='30']
UPDATE [Accounts] SET [FirstName] = N'Carmen', [LastName] = N'Pavel'
WHERE [Id] = 2;
SELECT @@ROWCOUNT;
2023-03-27 19:49:54.1241|INFO|Microsoft.EntityFrameworkCore.Database.Command|Executed DbCommand (1ms) [Parameters=[], CommandType='Text', CommandTimeout='30']
UPDATE [Accounts] SET [FirstName] = N'Carmen', [LastName] = N'Pavel'
WHERE [Id] = 3;
SELECT @@ROWCOUNT;
2023-03-27 19:49:54.1241|INFO|Microsoft.EntityFrameworkCore.Database.Command|Executed DbCommand (0ms) [Parameters=[], CommandType='Text', CommandTimeout='30']
UPDATE [Accounts] SET [FirstName] = N'Ioana', [LastName] = N'Gabor'
WHERE [Id] = 4;
SELECT @@ROWCOUNT;
2023-03-27 19:49:54.1241|INFO|Microsoft.EntityFrameworkCore.Database.Command|Executed DbCommand (0ms) [Parameters=[], CommandType='Text', CommandTimeout='30']
INSERT INTO [__EFMigrationsHistory] ([MigrationId], [ProductVersion])
VALUES (N'20230216164620_AccountInfoDBAddFirstAndLastNameForAccounts', N'7.0.2');
2023-03-27 19:49:54.6342|INFO|Microsoft.AspNetCore.DataProtection.KeyManagement.XmlKeyManager|User profile is available. Using 'C:\Users\z004pj3h\AppData\Local\ASP.NET\DataProtection-Keys' as key repository and Windows DPAPI to encrypt keys at rest.
2023-03-27 19:49:54.7727|INFO|Microsoft.AspNetCore.DataProtection.KeyManagement.XmlKeyManager|Creating key {af8852da-0b4f-4390-a7c2-89a598ebebda} with creation date 2023-03-27 16:49:54Z, activation date 2023-03-29 09:27:30Z, and expiration date 2023-06-25 16:49:54Z.
2023-03-27 19:49:54.7912|INFO|Microsoft.AspNetCore.DataProtection.Repositories.FileSystemXmlRepository|Writing data to file 'C:\Users\z004pj3h\AppData\Local\ASP.NET\DataProtection-Keys\key-af8852da-0b4f-4390-a7c2-89a598ebebda.xml'.
2023-03-27 19:49:56.5737|INFO|Microsoft.AspNetCore.Hosting.Diagnostics|Request starting HTTP/2 GET https://localhost:57658/ - -
2023-03-27 19:49:56.5737|INFO|Microsoft.AspNetCore.Hosting.Diagnostics|Request starting HTTP/2 OPTIONS https://localhost:57658/api/login - -
2023-03-27 19:49:56.6912|INFO|Microsoft.AspNetCore.Cors.Infrastructure.CorsService|CORS policy execution successful.
2023-03-27 19:49:56.7248|INFO|Microsoft.AspNetCore.Hosting.Diagnostics|Request starting HTTP/2 POST https://localhost:57658/api/login application/json;+charset=UTF-8 98
2023-03-27 19:49:56.7399|INFO|Microsoft.AspNetCore.Hosting.Diagnostics|Request finished HTTP/2 OPTIONS https://localhost:57658/api/login - - - 204 - - 173.8611ms
2023-03-27 19:49:56.7399|INFO|Microsoft.AspNetCore.Hosting.Diagnostics|Request finished HTTP/2 GET https://localhost:57658/ - - - 404 0 - 173.8597ms
2023-03-27 19:49:56.7497|INFO|Microsoft.AspNetCore.Cors.Infrastructure.CorsService|CORS policy execution successful.
2023-03-27 19:49:56.7497|INFO|Microsoft.AspNetCore.Routing.EndpointMiddleware|Executing endpoint 'Bank.API.Controllers.LoginController.Login (Bank.API)'
2023-03-27 19:49:56.8873|INFO|Microsoft.AspNetCore.Mvc.Infrastructure.ControllerActionInvoker|Route matched with {action = "Login", controller = "Login"}. Executing controller action with signature Microsoft.AspNetCore.Mvc.IActionResult Login(Bank.API.Data.Models.LoginRequest) on controller Bank.API.Controllers.LoginController (Bank.API).
2023-03-27 19:49:57.0070|INFO|Microsoft.EntityFrameworkCore.Database.Command|Executed DbCommand (10ms) [Parameters=[], CommandType='Text', CommandTimeout='30']
SELECT 1
2023-03-27 19:49:57.1006|INFO|Microsoft.EntityFrameworkCore.Database.Command|Executed DbCommand (24ms) [Parameters=[], CommandType='Text', CommandTimeout='30']

IF EXISTS
    (SELECT *
     FROM [sys].[objects] o
     WHERE [o].[type] = 'U'
     AND [o].[is_ms_shipped] = 0
     AND NOT EXISTS (SELECT *
         FROM [sys].[extended_properties] AS [ep]
         WHERE [ep].[major_id] = [o].[object_id]
             AND [ep].[minor_id] = 0
             AND [ep].[class] = 1
             AND [ep].[name] = N'microsoft_database_tools_support'
    )
)
SELECT 1 ELSE SELECT 0
2023-03-27 19:49:58.1188|INFO|Microsoft.EntityFrameworkCore.Database.Command|Executed DbCommand (2ms) [Parameters=[], CommandType='Text', CommandTimeout='30']
SELECT [u].[Id], [u].[Admin], [u].[Email], [u].[FirstName], [u].[LastName], [u].[Password], [u].[Username]
FROM [Users] AS [u]
2023-03-27 19:49:58.2495|INFO|Bank.API.Controllers.LoginController|User wasn't found!
2023-03-27 19:49:58.2699|INFO|Microsoft.AspNetCore.Mvc.Infrastructure.ObjectResultExecutor|Executing ObjectResult, writing value of type 'Microsoft.AspNetCore.Mvc.ProblemDetails'.
2023-03-27 19:49:58.4167|INFO|Microsoft.AspNetCore.Mvc.Infrastructure.ControllerActionInvoker|Executed action Bank.API.Controllers.LoginController.Login (Bank.API) in 1507.1842ms
2023-03-27 19:49:58.4167|INFO|Microsoft.AspNetCore.Routing.EndpointMiddleware|Executed endpoint 'Bank.API.Controllers.LoginController.Login (Bank.API)'
2023-03-27 19:49:58.4437|INFO|Microsoft.AspNetCore.Hosting.Diagnostics|Request finished HTTP/2 POST https://localhost:57658/api/login application/json;+charset=UTF-8 98 - 404 161 application/problem+json;+charset=utf-8 1723.6310ms
2023-03-27 19:50:12.7378|INFO|Microsoft.AspNetCore.Hosting.Diagnostics|Request starting HTTP/2 OPTIONS https://localhost:57658/api/login - -
2023-03-27 19:50:12.7378|INFO|Microsoft.AspNetCore.Cors.Infrastructure.CorsService|CORS policy execution successful.
2023-03-27 19:50:12.7378|INFO|Microsoft.AspNetCore.Hosting.Diagnostics|Request finished HTTP/2 OPTIONS https://localhost:57658/api/login - - - 204 - - 6.0521ms
2023-03-27 19:50:12.7517|INFO|Microsoft.AspNetCore.Hosting.Diagnostics|Request starting HTTP/2 POST https://localhost:57658/api/login application/json;+charset=UTF-8 98
2023-03-27 19:50:12.7517|INFO|Microsoft.AspNetCore.Cors.Infrastructure.CorsService|CORS policy execution successful.
2023-03-27 19:50:12.7517|INFO|Microsoft.AspNetCore.Routing.EndpointMiddleware|Executing endpoint 'Bank.API.Controllers.LoginController.Login (Bank.API)'
2023-03-27 19:50:12.7517|INFO|Microsoft.AspNetCore.Mvc.Infrastructure.ControllerActionInvoker|Route matched with {action = "Login", controller = "Login"}. Executing controller action with signature Microsoft.AspNetCore.Mvc.IActionResult Login(Bank.API.Data.Models.LoginRequest) on controller Bank.API.Controllers.LoginController (Bank.API).
2023-03-27 19:50:12.8270|INFO|Microsoft.EntityFrameworkCore.Database.Command|Executed DbCommand (0ms) [Parameters=[], CommandType='Text', CommandTimeout='30']
SELECT 1
2023-03-27 19:50:12.8270|INFO|Microsoft.EntityFrameworkCore.Database.Command|Executed DbCommand (3ms) [Parameters=[], CommandType='Text', CommandTimeout='30']

IF EXISTS
    (SELECT *
     FROM [sys].[objects] o
     WHERE [o].[type] = 'U'
     AND [o].[is_ms_shipped] = 0
     AND NOT EXISTS (SELECT *
         FROM [sys].[extended_properties] AS [ep]
         WHERE [ep].[major_id] = [o].[object_id]
             AND [ep].[minor_id] = 0
             AND [ep].[class] = 1
             AND [ep].[name] = N'microsoft_database_tools_support'
    )
)
SELECT 1 ELSE SELECT 0
2023-03-27 19:50:12.8270|INFO|Microsoft.EntityFrameworkCore.Database.Command|Executed DbCommand (0ms) [Parameters=[], CommandType='Text', CommandTimeout='30']
SELECT [u].[Id], [u].[Admin], [u].[Email], [u].[FirstName], [u].[LastName], [u].[Password], [u].[Username]
FROM [Users] AS [u]
2023-03-27 19:50:12.8270|INFO|Bank.API.Controllers.LoginController|User wasn't found!
2023-03-27 19:50:12.8442|INFO|Microsoft.AspNetCore.Mvc.Infrastructure.ObjectResultExecutor|Executing ObjectResult, writing value of type 'Microsoft.AspNetCore.Mvc.ProblemDetails'.
2023-03-27 19:50:12.8442|INFO|Microsoft.AspNetCore.Mvc.Infrastructure.ControllerActionInvoker|Executed action Bank.API.Controllers.LoginController.Login (Bank.API) in 84.5028ms
2023-03-27 19:50:12.8442|INFO|Microsoft.AspNetCore.Routing.EndpointMiddleware|Executed endpoint 'Bank.API.Controllers.LoginController.Login (Bank.API)'
2023-03-27 19:50:12.8442|INFO|Microsoft.AspNetCore.Hosting.Diagnostics|Request finished HTTP/2 POST https://localhost:57658/api/login application/json;+charset=UTF-8 98 - 404 161 application/problem+json;+charset=utf-8 103.5654ms
2023-03-27 19:52:08.0022|INFO|Microsoft.AspNetCore.Hosting.Diagnostics|Request starting HTTP/2 OPTIONS https://localhost:57658/api/login - -
2023-03-27 19:52:08.0022|INFO|Microsoft.AspNetCore.Cors.Infrastructure.CorsService|CORS policy execution successful.
2023-03-27 19:52:08.0022|INFO|Microsoft.AspNetCore.Hosting.Diagnostics|Request finished HTTP/2 OPTIONS https://localhost:57658/api/login - - - 204 - - 11.7388ms
2023-03-27 19:52:08.0191|INFO|Microsoft.AspNetCore.Hosting.Diagnostics|Request starting HTTP/2 POST https://localhost:57658/api/login application/json;+charset=UTF-8 102
2023-03-27 19:52:08.0191|INFO|Microsoft.AspNetCore.Cors.Infrastructure.CorsService|CORS policy execution successful.
2023-03-27 19:52:08.0191|INFO|Microsoft.AspNetCore.Routing.EndpointMiddleware|Executing endpoint 'Bank.API.Controllers.LoginController.Login (Bank.API)'
2023-03-27 19:52:08.0191|INFO|Microsoft.AspNetCore.Mvc.Infrastructure.ControllerActionInvoker|Route matched with {action = "Login", controller = "Login"}. Executing controller action with signature Microsoft.AspNetCore.Mvc.IActionResult Login(Bank.API.Data.Models.LoginRequest) on controller Bank.API.Controllers.LoginController (Bank.API).
2023-03-27 19:52:08.0353|INFO|Microsoft.EntityFrameworkCore.Database.Command|Executed DbCommand (0ms) [Parameters=[], CommandType='Text', CommandTimeout='30']
SELECT 1
2023-03-27 19:52:08.0353|INFO|Microsoft.EntityFrameworkCore.Database.Command|Executed DbCommand (2ms) [Parameters=[], CommandType='Text', CommandTimeout='30']

IF EXISTS
    (SELECT *
     FROM [sys].[objects] o
     WHERE [o].[type] = 'U'
     AND [o].[is_ms_shipped] = 0
     AND NOT EXISTS (SELECT *
         FROM [sys].[extended_properties] AS [ep]
         WHERE [ep].[major_id] = [o].[object_id]
             AND [ep].[minor_id] = 0
             AND [ep].[class] = 1
             AND [ep].[name] = N'microsoft_database_tools_support'
    )
)
SELECT 1 ELSE SELECT 0
2023-03-27 19:52:08.0353|INFO|Microsoft.EntityFrameworkCore.Database.Command|Executed DbCommand (0ms) [Parameters=[], CommandType='Text', CommandTimeout='30']
SELECT [u].[Id], [u].[Admin], [u].[Email], [u].[FirstName], [u].[LastName], [u].[Password], [u].[Username]
FROM [Users] AS [u]
2023-03-27 19:52:08.0688|INFO|Microsoft.AspNetCore.Mvc.Infrastructure.ObjectResultExecutor|Executing OkObjectResult, writing value of type 'Bank.API.Data.Models.UserDTO'.
2023-03-27 19:52:08.0919|INFO|Microsoft.AspNetCore.Mvc.Infrastructure.ControllerActionInvoker|Executed action Bank.API.Controllers.LoginController.Login (Bank.API) in 59.6152ms
2023-03-27 19:52:08.0978|INFO|Microsoft.AspNetCore.Routing.EndpointMiddleware|Executed endpoint 'Bank.API.Controllers.LoginController.Login (Bank.API)'
2023-03-27 19:52:08.0978|INFO|Microsoft.AspNetCore.Hosting.Diagnostics|Request finished HTTP/2 POST https://localhost:57658/api/login application/json;+charset=UTF-8 102 - 200 210 application/json;+charset=utf-8 81.8816ms
2023-03-27 19:52:08.5840|INFO|Microsoft.AspNetCore.Hosting.Diagnostics|Request starting HTTP/2 GET https://localhost:57658/api/accounts - -
2023-03-27 19:52:08.5840|INFO|Microsoft.AspNetCore.Cors.Infrastructure.CorsService|CORS policy execution successful.
2023-03-27 19:52:08.5840|INFO|Microsoft.AspNetCore.Routing.EndpointMiddleware|Executing endpoint 'Bank.API.Controllers.AccountsController.GetAccounts (Bank.API)'
2023-03-27 19:52:08.5939|INFO|Microsoft.AspNetCore.Mvc.Infrastructure.ControllerActionInvoker|Route matched with {action = "GetAccounts", controller = "Accounts"}. Executing controller action with signature Microsoft.AspNetCore.Mvc.IActionResult GetAccounts() on controller Bank.API.Controllers.AccountsController (Bank.API).
2023-03-27 19:52:08.5939|INFO|Microsoft.EntityFrameworkCore.Database.Command|Executed DbCommand (0ms) [Parameters=[], CommandType='Text', CommandTimeout='30']
SELECT 1
2023-03-27 19:52:08.5939|INFO|Microsoft.EntityFrameworkCore.Database.Command|Executed DbCommand (3ms) [Parameters=[], CommandType='Text', CommandTimeout='30']

IF EXISTS
    (SELECT *
     FROM [sys].[objects] o
     WHERE [o].[type] = 'U'
     AND [o].[is_ms_shipped] = 0
     AND NOT EXISTS (SELECT *
         FROM [sys].[extended_properties] AS [ep]
         WHERE [ep].[major_id] = [o].[object_id]
             AND [ep].[minor_id] = 0
             AND [ep].[class] = 1
             AND [ep].[name] = N'microsoft_database_tools_support'
    )
)
SELECT 1 ELSE SELECT 0
2023-03-27 19:52:08.6166|INFO|Microsoft.EntityFrameworkCore.Database.Command|Executed DbCommand (1ms) [Parameters=[], CommandType='Text', CommandTimeout='30']
SELECT [a].[Id], [a].[FirstName], [a].[LastName], [a].[Sum], [a].[UserId]
FROM [Accounts] AS [a]
2023-03-27 19:52:08.6473|INFO|Microsoft.AspNetCore.Mvc.Infrastructure.ObjectResultExecutor|Executing OkObjectResult, writing value of type 'System.Collections.Generic.List`1[[Bank.API.Data.Models.AccountWithoutDepositsDTO, Bank.API, Version=1.0.0.0, Culture=neutral, PublicKeyToken=null]]'.
2023-03-27 19:52:08.6549|INFO|Microsoft.AspNetCore.Mvc.Infrastructure.ControllerActionInvoker|Executed action Bank.API.Controllers.AccountsController.GetAccounts (Bank.API) in 58.4738ms
2023-03-27 19:52:08.6549|INFO|Microsoft.AspNetCore.Routing.EndpointMiddleware|Executed endpoint 'Bank.API.Controllers.AccountsController.GetAccounts (Bank.API)'
2023-03-27 19:52:08.6549|INFO|Microsoft.AspNetCore.Hosting.Diagnostics|Request finished HTTP/2 GET https://localhost:57658/api/accounts - - - 200 290 application/json;+charset=utf-8 76.0981ms
2023-03-27 20:34:11.7892|INFO|Microsoft.AspNetCore.Hosting.Diagnostics|Request starting HTTP/2 OPTIONS https://localhost:57658/api/login - -
2023-03-27 20:34:11.7892|INFO|Microsoft.AspNetCore.Cors.Infrastructure.CorsService|CORS policy execution successful.
2023-03-27 20:34:11.7892|INFO|Microsoft.AspNetCore.Hosting.Diagnostics|Request finished HTTP/2 OPTIONS https://localhost:57658/api/login - - - 204 - - 7.0104ms
2023-03-27 20:34:11.8001|INFO|Microsoft.AspNetCore.Hosting.Diagnostics|Request starting HTTP/2 POST https://localhost:57658/api/login application/json;+charset=UTF-8 94
2023-03-27 20:34:11.8001|INFO|Microsoft.AspNetCore.Cors.Infrastructure.CorsService|CORS policy execution successful.
2023-03-27 20:34:11.8001|INFO|Microsoft.AspNetCore.Routing.EndpointMiddleware|Executing endpoint 'Bank.API.Controllers.LoginController.Login (Bank.API)'
2023-03-27 20:34:11.8001|INFO|Microsoft.AspNetCore.Mvc.Infrastructure.ControllerActionInvoker|Route matched with {action = "Login", controller = "Login"}. Executing controller action with signature Microsoft.AspNetCore.Mvc.IActionResult Login(Bank.API.Data.Models.LoginRequest) on controller Bank.API.Controllers.LoginController (Bank.API).
2023-03-27 20:34:13.3312|INFO|Microsoft.EntityFrameworkCore.Database.Command|Executed DbCommand (1ms) [Parameters=[], CommandType='Text', CommandTimeout='30']
SELECT 1
2023-03-27 20:34:13.3838|INFO|Microsoft.EntityFrameworkCore.Database.Command|Executed DbCommand (50ms) [Parameters=[], CommandType='Text', CommandTimeout='30']

IF EXISTS
    (SELECT *
     FROM [sys].[objects] o
     WHERE [o].[type] = 'U'
     AND [o].[is_ms_shipped] = 0
     AND NOT EXISTS (SELECT *
         FROM [sys].[extended_properties] AS [ep]
         WHERE [ep].[major_id] = [o].[object_id]
             AND [ep].[minor_id] = 0
             AND [ep].[class] = 1
             AND [ep].[name] = N'microsoft_database_tools_support'
    )
)
SELECT 1 ELSE SELECT 0
2023-03-27 20:34:13.3838|INFO|Microsoft.EntityFrameworkCore.Database.Command|Executed DbCommand (3ms) [Parameters=[], CommandType='Text', CommandTimeout='30']
SELECT [u].[Id], [u].[Admin], [u].[Email], [u].[FirstName], [u].[LastName], [u].[Password], [u].[Username]
FROM [Users] AS [u]
2023-03-27 20:34:13.3933|INFO|Bank.API.Controllers.LoginController|User wasn't found!
2023-03-27 20:34:13.3933|INFO|Microsoft.AspNetCore.Mvc.Infrastructure.ObjectResultExecutor|Executing ObjectResult, writing value of type 'Microsoft.AspNetCore.Mvc.ProblemDetails'.
2023-03-27 20:34:13.3933|INFO|Microsoft.AspNetCore.Mvc.Infrastructure.ControllerActionInvoker|Executed action Bank.API.Controllers.LoginController.Login (Bank.API) in 1585.9268ms
2023-03-27 20:34:13.3933|INFO|Microsoft.AspNetCore.Routing.EndpointMiddleware|Executed endpoint 'Bank.API.Controllers.LoginController.Login (Bank.API)'
2023-03-27 20:34:13.3933|INFO|Microsoft.AspNetCore.Hosting.Diagnostics|Request finished HTTP/2 POST https://localhost:57658/api/login application/json;+charset=UTF-8 94 - 404 161 application/problem+json;+charset=utf-8 1605.3247ms
2023-03-27 20:34:31.6668|INFO|Microsoft.AspNetCore.Hosting.Diagnostics|Request starting HTTP/2 OPTIONS https://localhost:57658/api/login - -
2023-03-27 20:34:31.6767|INFO|Microsoft.AspNetCore.Cors.Infrastructure.CorsService|CORS policy execution successful.
2023-03-27 20:34:31.6767|INFO|Microsoft.AspNetCore.Hosting.Diagnostics|Request finished HTTP/2 OPTIONS https://localhost:57658/api/login - - - 204 - - 20.3440ms
2023-03-27 20:34:31.6767|INFO|Microsoft.AspNetCore.Hosting.Diagnostics|Request starting HTTP/2 POST https://localhost:57658/api/login application/json;+charset=UTF-8 94
2023-03-27 20:34:31.6767|INFO|Microsoft.AspNetCore.Cors.Infrastructure.CorsService|CORS policy execution successful.
2023-03-27 20:34:31.6938|INFO|Microsoft.AspNetCore.Routing.EndpointMiddleware|Executing endpoint 'Bank.API.Controllers.LoginController.Login (Bank.API)'
2023-03-27 20:34:31.6938|INFO|Microsoft.AspNetCore.Mvc.Infrastructure.ControllerActionInvoker|Route matched with {action = "Login", controller = "Login"}. Executing controller action with signature Microsoft.AspNetCore.Mvc.IActionResult Login(Bank.API.Data.Models.LoginRequest) on controller Bank.API.Controllers.LoginController (Bank.API).
2023-03-27 20:34:31.7091|INFO|Microsoft.EntityFrameworkCore.Database.Command|Executed DbCommand (0ms) [Parameters=[], CommandType='Text', CommandTimeout='30']
SELECT 1
2023-03-27 20:34:31.7091|INFO|Microsoft.EntityFrameworkCore.Database.Command|Executed DbCommand (3ms) [Parameters=[], CommandType='Text', CommandTimeout='30']

IF EXISTS
    (SELECT *
     FROM [sys].[objects] o
     WHERE [o].[type] = 'U'
     AND [o].[is_ms_shipped] = 0
     AND NOT EXISTS (SELECT *
         FROM [sys].[extended_properties] AS [ep]
         WHERE [ep].[major_id] = [o].[object_id]
             AND [ep].[minor_id] = 0
             AND [ep].[class] = 1
             AND [ep].[name] = N'microsoft_database_tools_support'
    )
)
SELECT 1 ELSE SELECT 0
2023-03-27 20:34:31.7205|INFO|Microsoft.EntityFrameworkCore.Database.Command|Executed DbCommand (1ms) [Parameters=[], CommandType='Text', CommandTimeout='30']
SELECT [u].[Id], [u].[Admin], [u].[Email], [u].[FirstName], [u].[LastName], [u].[Password], [u].[Username]
FROM [Users] AS [u]
2023-03-27 20:34:31.7205|INFO|Bank.API.Controllers.LoginController|User wasn't found!
2023-03-27 20:34:31.7205|INFO|Microsoft.AspNetCore.Mvc.Infrastructure.ObjectResultExecutor|Executing ObjectResult, writing value of type 'Microsoft.AspNetCore.Mvc.ProblemDetails'.
2023-03-27 20:34:31.7456|INFO|Microsoft.AspNetCore.Mvc.Infrastructure.ControllerActionInvoker|Executed action Bank.API.Controllers.LoginController.Login (Bank.API) in 25.6401ms
2023-03-27 20:34:31.7456|INFO|Microsoft.AspNetCore.Routing.EndpointMiddleware|Executed endpoint 'Bank.API.Controllers.LoginController.Login (Bank.API)'
2023-03-27 20:34:31.7534|INFO|Microsoft.AspNetCore.Hosting.Diagnostics|Request finished HTTP/2 POST https://localhost:57658/api/login application/json;+charset=UTF-8 94 - 404 161 application/problem+json;+charset=utf-8 69.5589ms
2023-03-27 20:56:11.5136|INFO|Microsoft.AspNetCore.Hosting.Diagnostics|Request starting HTTP/2 OPTIONS https://localhost:57658/api/login - -
2023-03-27 20:56:11.5136|INFO|Microsoft.AspNetCore.Cors.Infrastructure.CorsService|CORS policy execution successful.
2023-03-27 20:56:11.5136|INFO|Microsoft.AspNetCore.Hosting.Diagnostics|Request finished HTTP/2 OPTIONS https://localhost:57658/api/login - - - 204 - - 5.6534ms
2023-03-27 20:56:11.5234|INFO|Microsoft.AspNetCore.Hosting.Diagnostics|Request starting HTTP/2 POST https://localhost:57658/api/login application/json;+charset=UTF-8 94
2023-03-27 20:56:11.5234|INFO|Microsoft.AspNetCore.Cors.Infrastructure.CorsService|CORS policy execution successful.
2023-03-27 20:56:11.5234|INFO|Microsoft.AspNetCore.Routing.EndpointMiddleware|Executing endpoint 'Bank.API.Controllers.LoginController.Login (Bank.API)'
2023-03-27 20:56:11.5234|INFO|Microsoft.AspNetCore.Mvc.Infrastructure.ControllerActionInvoker|Route matched with {action = "Login", controller = "Login"}. Executing controller action with signature Microsoft.AspNetCore.Mvc.IActionResult Login(Bank.API.Data.Models.LoginRequest) on controller Bank.API.Controllers.LoginController (Bank.API).
2023-03-27 20:56:12.8944|INFO|Microsoft.EntityFrameworkCore.Database.Command|Executed DbCommand (1ms) [Parameters=[], CommandType='Text', CommandTimeout='30']
SELECT 1
2023-03-27 20:56:12.9289|INFO|Microsoft.AspNetCore.Hosting.Diagnostics|Request starting HTTP/2 POST https://localhost:57658/api/login application/json;+charset=UTF-8 94
2023-03-27 20:56:12.9289|INFO|Microsoft.AspNetCore.Cors.Infrastructure.CorsService|CORS policy execution successful.
2023-03-27 20:56:12.9289|INFO|Microsoft.AspNetCore.Routing.EndpointMiddleware|Executing endpoint 'Bank.API.Controllers.LoginController.Login (Bank.API)'
2023-03-27 20:56:12.9289|INFO|Microsoft.AspNetCore.Mvc.Infrastructure.ControllerActionInvoker|Route matched with {action = "Login", controller = "Login"}. Executing controller action with signature Microsoft.AspNetCore.Mvc.IActionResult Login(Bank.API.Data.Models.LoginRequest) on controller Bank.API.Controllers.LoginController (Bank.API).
2023-03-27 20:56:12.9455|INFO|Microsoft.EntityFrameworkCore.Database.Command|Executed DbCommand (0ms) [Parameters=[], CommandType='Text', CommandTimeout='30']
SELECT 1
2023-03-27 20:56:12.9455|INFO|Microsoft.EntityFrameworkCore.Database.Command|Executed DbCommand (57ms) [Parameters=[], CommandType='Text', CommandTimeout='30']

IF EXISTS
    (SELECT *
     FROM [sys].[objects] o
     WHERE [o].[type] = 'U'
     AND [o].[is_ms_shipped] = 0
     AND NOT EXISTS (SELECT *
         FROM [sys].[extended_properties] AS [ep]
         WHERE [ep].[major_id] = [o].[object_id]
             AND [ep].[minor_id] = 0
             AND [ep].[class] = 1
             AND [ep].[name] = N'microsoft_database_tools_support'
    )
)
SELECT 1 ELSE SELECT 0
2023-03-27 20:56:12.9608|INFO|Microsoft.EntityFrameworkCore.Database.Command|Executed DbCommand (2ms) [Parameters=[], CommandType='Text', CommandTimeout='30']
SELECT [u].[Id], [u].[Admin], [u].[Email], [u].[FirstName], [u].[LastName], [u].[Password], [u].[Username]
FROM [Users] AS [u]
2023-03-27 20:56:12.9608|INFO|Microsoft.EntityFrameworkCore.Database.Command|Executed DbCommand (14ms) [Parameters=[], CommandType='Text', CommandTimeout='30']

IF EXISTS
    (SELECT *
     FROM [sys].[objects] o
     WHERE [o].[type] = 'U'
     AND [o].[is_ms_shipped] = 0
     AND NOT EXISTS (SELECT *
         FROM [sys].[extended_properties] AS [ep]
         WHERE [ep].[major_id] = [o].[object_id]
             AND [ep].[minor_id] = 0
             AND [ep].[class] = 1
             AND [ep].[name] = N'microsoft_database_tools_support'
    )
)
SELECT 1 ELSE SELECT 0
2023-03-27 20:56:12.9608|INFO|Bank.API.Controllers.LoginController|User wasn't found!
2023-03-27 20:56:12.9608|INFO|Microsoft.AspNetCore.Mvc.Infrastructure.ObjectResultExecutor|Executing ObjectResult, writing value of type 'Microsoft.AspNetCore.Mvc.ProblemDetails'.
2023-03-27 20:56:12.9608|INFO|Microsoft.EntityFrameworkCore.Database.Command|Executed DbCommand (2ms) [Parameters=[], CommandType='Text', CommandTimeout='30']
SELECT [u].[Id], [u].[Admin], [u].[Email], [u].[FirstName], [u].[LastName], [u].[Password], [u].[Username]
FROM [Users] AS [u]
2023-03-27 20:56:12.9784|INFO|Microsoft.AspNetCore.Mvc.Infrastructure.ControllerActionInvoker|Executed action Bank.API.Controllers.LoginController.Login (Bank.API) in 1439.8558ms
2023-03-27 20:56:12.9951|INFO|Bank.API.Controllers.LoginController|User wasn't found!
2023-03-27 20:56:12.9951|INFO|Microsoft.AspNetCore.Routing.EndpointMiddleware|Executed endpoint 'Bank.API.Controllers.LoginController.Login (Bank.API)'
2023-03-27 20:56:13.0178|INFO|Microsoft.AspNetCore.Mvc.Infrastructure.ObjectResultExecutor|Executing ObjectResult, writing value of type 'Microsoft.AspNetCore.Mvc.ProblemDetails'.
2023-03-27 20:56:13.0420|INFO|Microsoft.AspNetCore.Hosting.Diagnostics|Request finished HTTP/2 POST https://localhost:57658/api/login application/json;+charset=UTF-8 94 - 404 161 application/problem+json;+charset=utf-8 1486.8572ms
2023-03-27 20:56:13.0575|INFO|Microsoft.AspNetCore.Mvc.Infrastructure.ControllerActionInvoker|Executed action Bank.API.Controllers.LoginController.Login (Bank.API) in 84.9241ms
2023-03-27 20:56:13.0575|INFO|Microsoft.AspNetCore.Routing.EndpointMiddleware|Executed endpoint 'Bank.API.Controllers.LoginController.Login (Bank.API)'
2023-03-27 20:56:13.0701|INFO|Microsoft.AspNetCore.Hosting.Diagnostics|Request finished HTTP/2 POST https://localhost:57658/api/login application/json;+charset=UTF-8 94 - 404 161 application/problem+json;+charset=utf-8 135.5916ms
